            --------------------------------------------------------
                             AMBER SQM VERSION 19
 
                                     By
              Ross C. Walker, Michael F. Crowley, Scott Brozell,
                         Tim Giese, Andreas W. Goetz,
                        Tai-Sung Lee and David A. Case
 
            --------------------------------------------------------
 

--------------------------------------------------------------------------------
  QM CALCULATION INFO
--------------------------------------------------------------------------------

| QMMM: Citation for AMBER QMMM Run:
| QMMM: R.C. Walker, M.F. Crowley and D.A. Case, J. COMP. CHEM. 29:1019, 2008

QMMM: SINGLET STATE CALCULATION
QMMM: RHF CALCULATION, NO. OF DOUBLY OCCUPIED LEVELS = 68

| QMMM: *** Selected Hamiltonian *** 
| QMMM: AM1         

| QMMM: *** Parameter sets in use ***
| QMMM: C : M.J.S.DEWAR et al. JACS, 107, 3902, (1985)
| QMMM: N : M.J.S.DEWAR et al. JACS, 107, 3902, (1985)
| QMMM: O : M.J.S.DEWAR et al. JACS, 107, 3902, (1985)
| QMMM: H : M.J.S.DEWAR et al. JACS, 107, 3902, (1985)

| QMMM: *** SCF convergence criteria ***
| QMMM: Energy change                :  0.1D-09 kcal/mol
| QMMM: Error matrix |FP-PF|         :  0.1D+00 au
| QMMM: Density matrix change        :  0.5D-06
| QMMM: Maximum number of SCF cycles :     1000

| QMMM: *** Diagonalization Routine Information ***
| QMMM: Pseudo diagonalizations are allowed.
| QMMM: Auto diagonalization routine selection is in use.
| QMMM:
| QMMM: Timing diagonalization routines:
| QMMM:                              norbs =      127
| QMMM:    diag iterations used for timing =       10
| QMMM:
| QMMM:              Internal diag routine = 0.026035 seconds
| QMMM:                 Dspev diag routine = 0.025414 seconds
| QMMM:                Dspevd diag routine = 0.017623 seconds
| QMMM:                Dspevx diag routine = 0.095214 seconds
| QMMM:                 Dsyev diag routine = 0.028060 seconds
| QMMM:                Dsyevd diag routine = 0.020352 seconds
| QMMM:                Dsyevr diag routine = 0.024592 seconds
| QMMM:
| QMMM:                Pseudo diag routine = 0.009502 seconds
| QMMM:
| QMMM: Using dspevd routine (diag_routine=3).

  QMMM: QM Region Cartesian Coordinates (*=link atom) 
  QMMM: QM_NO.   MM_NO.  ATOM         X         Y         Z
  QMMM:     1        1      C        1.4220   29.0340    6.7680
  QMMM:     2        2      C       -1.4500   32.1630    8.0080
  QMMM:     3        3      C       -0.5820   26.6250    8.9780
  QMMM:     4        4      C       -1.2500   25.7670   10.0810
  QMMM:     5        5      C       -1.3550   24.3310    9.5270
  QMMM:     6        6      C       -1.6530   23.2730   10.6030
  QMMM:     7        7      C       -0.7810   23.3430   11.8650
  QMMM:     8        8      C       -0.7120   24.7790   12.4320
  QMMM:     9        9      C       -0.3880   25.8600   11.3800
  QMMM:    10       10      C        4.1430   25.6520    7.4210
  QMMM:    11       11      C        4.8390   25.2160    6.2930
  QMMM:    12       12      C        4.7710   25.9620    5.1250
  QMMM:    13       13      C        4.0210   27.1340    5.1080
  QMMM:    14       14      N        0.4880   28.1800    7.4980
  QMMM:    15       15      C       -0.5680   28.6370    8.0860
  QMMM:    16       16      O       -1.3890   27.8080    8.7520
  QMMM:    17       17      C       -0.8370   30.0590    7.9870
  QMMM:    18       18      N       -1.8060   31.0220    8.4250
  QMMM:    19       19      N       -0.3370   32.0960    7.3180
  QMMM:    20       20      C        0.0120   30.8440    7.3110
  QMMM:    21       21      N        1.1720   30.2780    6.7090
  QMMM:    22       22      N        2.5230   28.7210    6.1570
  QMMM:    23       23      C        3.2730   27.5440    6.2110
  QMMM:    24       24      C        3.3460   26.7930    7.3750
  QMMM:    25       25      H       -1.9730   33.0850    8.1590
  QMMM:    26       26      H       -0.5400   26.0540    8.0430
  QMMM:    27       27      H        0.4540   26.7750    9.3100
  QMMM:    28       28      H       -2.2580   26.1250   10.2960
  QMMM:    29       29      H       -0.4080   24.0430    9.0650
  QMMM:    30       30      H       -2.1050   24.2820    8.7350
  QMMM:    31       31      H       -1.6080   22.2710   10.1750
  QMMM:    32       32      H       -2.6840   23.4220   10.9160
  QMMM:    33       33      H        0.2300   23.0150   11.6170
  QMMM:    34       34      H       -1.1510   22.6510   12.6230
  QMMM:    35       35      H       -1.6860   25.0180   12.8630
  QMMM:    36       36      H       -0.0260   24.8110   13.2720
  QMMM:    37       37      H       -0.4730   26.8530   11.8240
  QMMM:    38       38      H        0.6710   25.7270   11.1460
  QMMM:    39       39      H        5.4670   24.3390    6.3310
  QMMM:    40       40      H        5.3400   25.6690    4.2540
  QMMM:    41       41      H        4.0590   27.7370    4.2330
  QMMM:    42       42      H        0.0880   32.8960    6.8440
  QMMM:    43       43      H        2.8920   29.4590    5.5750
  QMMM:    44       44      H        2.8130   27.1170    8.2570
  QMMM:    45       45      C        4.3220   24.9630    8.7290
  QMMM:    46       46      H        4.0790   25.6570    9.5330
  QMMM:    47       47      O        3.5440   23.8060    8.8880
  QMMM:    48       48      H        5.3750   24.7100    8.8470
  QMMM:    49       49      H        3.7870   23.5620    9.8140

--------------------------------------------------------------------------------
  RESULTS
--------------------------------------------------------------------------------

      iter         sqm energy              rms gradient
      ----    -------------------    -----------------------
xmin    10       15.0480 kcal/mol        0.8204 kcal/(mol*A)
xmin    20       14.1276 kcal/mol        0.6602 kcal/(mol*A)
xmin    30       13.5454 kcal/mol        0.8502 kcal/(mol*A)
xmin    40       13.2867 kcal/mol        0.5070 kcal/(mol*A)
xmin    50       13.2180 kcal/mol        0.1059 kcal/(mol*A)
xmin    60       13.1954 kcal/mol        0.0525 kcal/(mol*A)
xmin    70       13.1456 kcal/mol        0.2122 kcal/(mol*A)
xmin    80       13.1155 kcal/mol        0.0482 kcal/(mol*A)
xmin    90       13.0737 kcal/mol        0.0738 kcal/(mol*A)
xmin   100       13.0670 kcal/mol        0.0466 kcal/(mol*A)
xmin   110       13.0647 kcal/mol        0.0278 kcal/(mol*A)
xmin   120       13.0640 kcal/mol        0.0125 kcal/(mol*A)
xmin   130       13.0633 kcal/mol        0.0045 kcal/(mol*A)
xmin   140       13.0630 kcal/mol        0.0104 kcal/(mol*A)
xmin   150       13.0630 kcal/mol        0.0075 kcal/(mol*A)
xmin   160       13.0630 kcal/mol        0.0035 kcal/(mol*A)
xmin   170       13.0630 kcal/mol        0.0014 kcal/(mol*A)
xmin   180       13.0629 kcal/mol        0.0016 kcal/(mol*A)
  ... geometry converged !
 
 Final MO eigenvalues (eV):
 -41.7148  -40.2193  -40.0865  -38.9952  -38.4121  -37.6481  -35.3961  -34.1368
 -32.7504  -32.4541  -32.3222  -31.5842  -30.4729  -28.8277  -26.8237  -26.7704
 -24.4759  -24.2291  -23.4000  -22.6905  -22.4863  -22.1996  -21.7389  -20.2807
 -19.6523  -19.3883  -18.4546  -18.1060  -17.2298  -17.0138  -16.9752  -16.6072
 -16.5117  -16.0273  -15.8740  -15.7382  -15.6622  -15.0988  -15.0106  -14.9389
 -14.8877  -14.8312  -14.4733  -14.1955  -14.0891  -13.5422  -13.3037  -13.1752
 -13.0852  -13.0765  -12.8961  -12.4530  -12.4060  -12.0442  -11.8727  -11.7946
 -11.6023  -11.5157  -11.3459  -11.1829  -11.0479  -11.0441  -10.8797  -10.4510
 -10.2126   -9.5587   -9.3539   -8.5245   -0.2535    0.2226    0.3529    0.4719
   1.2179    1.4980    1.8805    2.0313    2.5993    2.8094    3.0236    3.1006
   3.3159    3.4627    3.5203    3.7159    3.7248    3.7668    3.8239    3.8759
   3.9681    4.0186    4.0271    4.0881    4.1537    4.1748    4.2267    4.2710
   4.3608    4.4066    4.4375    4.5032    4.5186    4.5635    4.5989    4.7678
   4.7874    4.8175    4.9262    4.9504    5.0128    5.0333    5.0981    5.2291
   5.2691    5.2965    5.3663    5.3799    5.4026    5.5027    5.5600    5.6743
   5.8590    6.0488    6.1120    6.1597    6.2091    6.4992    7.0027

 Heat of formation   =         13.06294615 kcal/mol  (        0.56645185 eV)

 Total SCF energy    =    -102015.30447523 kcal/mol  (    -4423.71555766 eV)
 Electronic energy   =    -777547.98411223 kcal/mol  (   -33717.01071559 eV)
 Core-core repulsion =     675532.67963700 kcal/mol  (    29293.29515793 eV)
 
    Atomic Charges for Step       1 :
  Atom    Element       Mulliken Charge
     1      C                  0.197
     2      C                 -0.066
     3      C                 -0.014
     4      C                 -0.112
     5      C                 -0.151
     6      C                 -0.154
     7      C                 -0.156
     8      C                 -0.155
     9      C                 -0.153
    10      C                 -0.076
    11      C                 -0.108
    12      C                 -0.120
    13      C                 -0.161
    14      N                 -0.294
    15      C                  0.256
    16      O                 -0.177
    17      C                 -0.223
    18      N                 -0.074
    19      N                 -0.233
    20      C                  0.082
    21      N                 -0.250
    22      N                 -0.225
    23      C                  0.044
    24      C                 -0.105
    25      H                  0.203
    26      H                  0.097
    27      H                  0.092
    28      H                  0.111
    29      H                  0.078
    30      H                  0.082
    31      H                  0.079
    32      H                  0.082
    33      H                  0.077
    34      H                  0.079
    35      H                  0.082
    36      H                  0.080
    37      H                  0.098
    38      H                  0.075
    39      H                  0.156
    40      H                  0.135
    41      H                  0.132
    42      H                  0.268
    43      H                  0.233
    44      H                  0.150
    45      C                  0.019
    46      H                  0.072
    47      O                 -0.327
    48      H                  0.073
    49      H                  0.202
 Total Mulliken Charge =       0.000
 
                  X        Y        Z     TOTAL  
  QM DIPOLE     0.269    0.820   -0.051    0.864
 
 Final Structure

  QMMM: QM Region Cartesian Coordinates (*=link atom) 
  QMMM: QM_NO.   MM_NO.  ATOM         X         Y         Z
  QMMM:     1        1      C        1.7949   29.3293    6.9453
  QMMM:     2        2      C       -1.7536   31.7412    8.2033
  QMMM:     3        3      C       -0.0831   26.3877    9.1905
  QMMM:     4        4      C       -1.0431   25.6074   10.0832
  QMMM:     5        5      C       -0.7622   24.1185    9.9425
  QMMM:     6        6      C       -1.6714   23.3089   10.8442
  QMMM:     7        7      C       -1.5573   23.7509   12.2888
  QMMM:     8        8      C       -1.8233   25.2356   12.4316
  QMMM:     9        9      C       -0.9127   26.0466   11.5336
  QMMM:    10       10      C        4.2951   25.5989    7.0552
  QMMM:    11       11      C        4.5934   25.1696    5.7610
  QMMM:    12       12      C        4.3598   26.0193    4.6806
  QMMM:    13       13      C        3.8262   27.2877    4.8776
  QMMM:    14       14      N        1.1845   28.3294    7.7031
  QMMM:    15       15      C        0.0173   28.6237    8.3127
  QMMM:    16       16      O       -0.6545   27.7074    9.0739
  QMMM:    17       17      C       -0.5875   29.9051    8.1963
  QMMM:    18       18      N       -1.7559   30.4951    8.6982
  QMMM:    19       19      N       -0.6349   32.0278    7.3844
  QMMM:    20       20      C        0.1384   30.8623    7.3616
  QMMM:    21       21      N        1.3085   30.6055    6.7182
  QMMM:    22       22      N        3.0663   29.0597    6.3888
  QMMM:    23       23      C        3.5219   27.7333    6.1842
  QMMM:    24       24      C        3.7657   26.8754    7.2727
  QMMM:    25       25      H       -2.5248   32.4981    8.3890
  QMMM:    26       26      H       -0.0143   25.9254    8.1719
  QMMM:    27       27      H        0.9362   26.4610    9.6485
  QMMM:    28       28      H       -2.0960   25.8157    9.7409
  QMMM:    29       29      H        0.3087   23.9146   10.2062
  QMMM:    30       30      H       -0.9146   23.8050    8.8769
  QMMM:    31       31      H       -1.4062   22.2228   10.7610
  QMMM:    32       32      H       -2.7336   23.4240   10.5019
  QMMM:    33       33      H       -0.5286   23.5174   12.6705
  QMMM:    34       34      H       -2.2874   23.1758   12.9154
  QMMM:    35       35      H       -2.8930   25.4508   12.1712
  QMMM:    36       36      H       -1.6675   25.5447   13.4978
  QMMM:    37       37      H       -1.1698   27.1355   11.6093
  QMMM:    38       38      H        0.1508   25.9239   11.8685
  QMMM:    39       39      H        5.0112   24.1632    5.6016
  QMMM:    40       40      H        4.5956   25.6819    3.6601
  QMMM:    41       41      H        3.6474   27.9405    4.0096
  QMMM:    42       42      H       -0.4286   32.8742    6.9254
  QMMM:    43       43      H        3.3381   29.6952    5.6634
  QMMM:    44       44      H        3.5407   27.1994    8.3007
  QMMM:    45       45      C        4.5328   24.7303    8.2478
  QMMM:    46       46      H        3.5657   24.5743    8.8024
  QMMM:    47       47      O        5.0467   23.4748    7.8268
  QMMM:    48       48      H        5.2695   25.2283    8.9381
  QMMM:    49       49      H        5.1993   22.9645    8.6305

           --------- Calculation Completed ----------

