            --------------------------------------------------------
                             AMBER SQM VERSION 19
 
                                     By
              Ross C. Walker, Michael F. Crowley, Scott Brozell,
                         Tim Giese, Andreas W. Goetz,
                        Tai-Sung Lee and David A. Case
 
            --------------------------------------------------------
 

--------------------------------------------------------------------------------
  QM CALCULATION INFO
--------------------------------------------------------------------------------

| QMMM: Citation for AMBER QMMM Run:
| QMMM: R.C. Walker, M.F. Crowley and D.A. Case, J. COMP. CHEM. 29:1019, 2008

QMMM: SINGLET STATE CALCULATION
QMMM: RHF CALCULATION, NO. OF DOUBLY OCCUPIED LEVELS = 74

| QMMM: *** Selected Hamiltonian *** 
| QMMM: AM1         

| QMMM: *** Parameter sets in use ***
| QMMM: C : M.J.S.DEWAR et al. JACS, 107, 3902, (1985)
| QMMM: N : M.J.S.DEWAR et al. JACS, 107, 3902, (1985)
| QMMM: O : M.J.S.DEWAR et al. JACS, 107, 3902, (1985)
| QMMM: H : M.J.S.DEWAR et al. JACS, 107, 3902, (1985)
| QMMM: S : M.J.S.DEWAR et al. INORG. CHEM., 29, 3881, (1990)

| QMMM: *** SCF convergence criteria ***
| QMMM: Energy change                :  0.1D-09 kcal/mol
| QMMM: Error matrix |FP-PF|         :  0.1D+00 au
| QMMM: Density matrix change        :  0.5D-06
| QMMM: Maximum number of SCF cycles :     1000

| QMMM: *** Diagonalization Routine Information ***
| QMMM: Pseudo diagonalizations are allowed.
| QMMM: Auto diagonalization routine selection is in use.
| QMMM:
| QMMM: Timing diagonalization routines:
| QMMM:                              norbs =      135
| QMMM:    diag iterations used for timing =       10
| QMMM:
| QMMM:              Internal diag routine = 0.030258 seconds
| QMMM:                 Dspev diag routine = 0.029984 seconds
| QMMM:                Dspevd diag routine = 0.020341 seconds
| QMMM:                Dspevx diag routine = 0.108548 seconds
| QMMM:                 Dsyev diag routine = 0.033155 seconds
| QMMM:                Dsyevd diag routine = 0.023603 seconds
| QMMM:                Dsyevr diag routine = 0.028203 seconds
| QMMM:
| QMMM:                Pseudo diag routine = 0.010909 seconds
| QMMM:
| QMMM: Using dspevd routine (diag_routine=3).

  QMMM: QM Region Cartesian Coordinates (*=link atom) 
  QMMM: QM_NO.   MM_NO.  ATOM         X         Y         Z
  QMMM:     1        1      C        1.4220   29.0340    6.7680
  QMMM:     2        2      C       -1.4500   32.1630    8.0080
  QMMM:     3        3      C       -0.5820   26.6250    8.9780
  QMMM:     4        4      C       -1.2500   25.7670   10.0810
  QMMM:     5        5      C       -1.3550   24.3310    9.5270
  QMMM:     6        6      C       -1.6530   23.2730   10.6030
  QMMM:     7        7      C       -0.7810   23.3430   11.8650
  QMMM:     8        8      C       -0.7120   24.7790   12.4320
  QMMM:     9        9      C       -0.3880   25.8600   11.3800
  QMMM:    10       10      C        4.6820   25.7980    5.5180
  QMMM:    11       11      C        4.7080   25.1960    6.7780
  QMMM:    12       12      C        4.0610   25.7970    7.8590
  QMMM:    13       13      C        3.3500   26.9770    7.6600
  QMMM:    14       14      N        0.4880   28.1800    7.4980
  QMMM:    15       15      C       -0.5680   28.6370    8.0860
  QMMM:    16       16      O       -1.3890   27.8080    8.7520
  QMMM:    17       17      C       -0.8370   30.0590    7.9870
  QMMM:    18       18      N       -1.8060   31.0220    8.4250
  QMMM:    19       19      N       -0.3370   32.0960    7.3180
  QMMM:    20       20      C        0.0120   30.8440    7.3110
  QMMM:    21       21      N        1.1720   30.2780    6.7090
  QMMM:    22       22      N        2.5230   28.7210    6.1570
  QMMM:    23       23      C        3.2800   27.5650    6.3910
  QMMM:    24       24      C        3.9800   26.9870    5.3370
  QMMM:    25       25      H       -1.9730   33.0850    8.1590
  QMMM:    26       26      H       -0.5410   26.0540    8.0430
  QMMM:    27       27      H        0.4540   26.7760    9.3110
  QMMM:    28       28      H       -2.2580   26.1250   10.2960
  QMMM:    29       29      H       -0.4090   24.0420    9.0630
  QMMM:    30       30      H       -2.1060   24.2820    8.7360
  QMMM:    31       31      H       -1.6090   22.2710   10.1760
  QMMM:    32       32      H       -2.6840   23.4220   10.9160
  QMMM:    33       33      H        0.2300   23.0140   11.6180
  QMMM:    34       34      H       -1.1520   22.6520   12.6230
  QMMM:    35       35      H       -0.0270   24.8110   13.2730
  QMMM:    36       36      H       -1.6870   25.0180   12.8620
  QMMM:    37       37      H       -0.4740   26.8530   11.8240
  QMMM:    38       38      H        0.6710   25.7290   11.1480
  QMMM:    39       39      H        5.2010   25.3560    4.6790
  QMMM:    40       40      H        4.0950   25.3470    8.8440
  QMMM:    41       41      H        2.8330   27.4250    8.4940
  QMMM:    42       42      H        0.0880   32.8960    6.8450
  QMMM:    43       43      H        2.9620   29.4640    5.6310
  QMMM:    44       44      H        3.9710   27.4490    4.3650
  QMMM:    45       45      S        5.5650   23.6490    7.0220
  QMMM:    46       46      O        6.4900   23.8350    8.1420
  QMMM:    47       47      O        6.0740   23.1940    5.7240
  QMMM:    48       48      H        4.6720   21.4940    7.6670
  QMMM:    49       49      H        3.8380   22.8260    8.5090
  QMMM:    50       50      C        4.2270   22.4780    7.5560
  QMMM:    51       51      H        3.4520   22.4700    6.7950

--------------------------------------------------------------------------------
  RESULTS
--------------------------------------------------------------------------------

      iter         sqm energy              rms gradient
      ----    -------------------    -----------------------
xmin    10        2.0954 kcal/mol        0.9877 kcal/(mol*A)
xmin    20        1.4608 kcal/mol        0.3468 kcal/(mol*A)
xmin    30        1.0377 kcal/mol        0.1640 kcal/(mol*A)
xmin    40        0.9103 kcal/mol        0.0785 kcal/(mol*A)
xmin    50        0.7758 kcal/mol        0.1446 kcal/(mol*A)
xmin    60        0.7204 kcal/mol        0.0555 kcal/(mol*A)
xmin    70        0.6834 kcal/mol        0.2421 kcal/(mol*A)
xmin    80        0.6697 kcal/mol        0.0493 kcal/(mol*A)
xmin    90        0.6536 kcal/mol        0.1644 kcal/(mol*A)
xmin   100        0.6464 kcal/mol        0.0202 kcal/(mol*A)
xmin   110        0.6449 kcal/mol        0.0244 kcal/(mol*A)
xmin   120        0.6432 kcal/mol        0.0094 kcal/(mol*A)
xmin   130        0.6415 kcal/mol        0.0245 kcal/(mol*A)
xmin   140        0.6408 kcal/mol        0.0077 kcal/(mol*A)
xmin   150        0.6404 kcal/mol        0.0078 kcal/(mol*A)
xmin   160        0.6403 kcal/mol        0.0043 kcal/(mol*A)
xmin   170        0.6403 kcal/mol        0.0020 kcal/(mol*A)
xmin   180        0.6402 kcal/mol        0.0017 kcal/(mol*A)
xmin   190        0.6402 kcal/mol        0.0016 kcal/(mol*A)
xmin   200        0.6402 kcal/mol        0.0013 kcal/(mol*A)
  ... geometry converged !
 
 Final MO eigenvalues (eV):
 -42.0339  -40.5193  -40.3311  -39.1487  -38.4423  -37.8555  -37.0383  -36.1018
 -34.4408  -32.9386  -32.7408  -32.0806  -31.7021  -31.6545  -30.6287  -29.2982
 -27.0582  -25.2152  -24.7858  -23.9771  -23.5093  -23.0909  -22.7498  -22.1839
 -20.5051  -20.1691  -20.0317  -19.7198  -18.8468  -18.4126  -17.8084  -17.3859
 -17.2607  -17.1720  -16.7930  -16.6253  -16.1783  -15.9391  -15.7669  -15.6322
 -15.3109  -15.2059  -15.0523  -15.0145  -14.8626  -14.6855  -14.5606  -14.3741
 -14.0416  -14.0356  -13.8134  -13.6377  -13.3547  -13.1983  -13.0907  -12.7443
 -12.7236  -12.6639  -12.5145  -12.3026  -12.0504  -11.9977  -11.9776  -11.9501
 -11.8413  -11.4927  -11.2921  -11.1538  -11.0396  -10.7926  -10.5574  -10.3282
  -9.9493   -8.8522   -0.9162   -0.3508   -0.2056   -0.0275    0.0440    0.7668
   1.2179    1.4658    1.6820    2.0181    2.3596    2.4521    2.7320    2.7403
   2.9411    3.1068    3.1849    3.2619    3.3408    3.3826    3.4394    3.5707
   3.5936    3.6220    3.7015    3.7692    3.7851    3.8788    4.0063    4.0528
   4.0944    4.1469    4.1791    4.2573    4.3067    4.3826    4.4331    4.4415
   4.4592    4.4816    4.5617    4.6550    4.7115    4.7196    4.7657    4.8437
   4.8832    4.9160    4.9258    5.0560    5.1340    5.1741    5.2057    5.2637
   5.2883    5.4603    5.5864    5.8382    5.8978    6.2038    6.6285

 Heat of formation   =          0.64021587 kcal/mol  (        0.02776184 eV)

 Total SCF energy    =    -113864.79333900 kcal/mol  (    -4937.54795278 eV)
 Electronic energy   =    -876222.03841742 kcal/mol  (   -37995.83879352 eV)
 Core-core repulsion =     762357.24507842 kcal/mol  (    33058.29084075 eV)
 
    Atomic Charges for Step       1 :
  Atom    Element       Mulliken Charge
     1      C                  0.209
     2      C                 -0.061
     3      C                 -0.014
     4      C                 -0.111
     5      C                 -0.152
     6      C                 -0.154
     7      C                 -0.157
     8      C                 -0.155
     9      C                 -0.154
    10      C                  0.007
    11      C                 -0.866
    12      C                  0.001
    13      C                 -0.160
    14      N                 -0.301
    15      C                  0.261
    16      O                 -0.173
    17      C                 -0.217
    18      N                 -0.072
    19      N                 -0.230
    20      C                  0.081
    21      N                 -0.243
    22      N                 -0.253
    23      C                  0.150
    24      C                 -0.209
    25      H                  0.206
    26      H                  0.094
    27      H                  0.094
    28      H                  0.111
    29      H                  0.081
    30      H                  0.080
    31      H                  0.080
    32      H                  0.081
    33      H                  0.079
    34      H                  0.080
    35      H                  0.081
    36      H                  0.082
    37      H                  0.097
    38      H                  0.078
    39      H                  0.156
    40      H                  0.156
    41      H                  0.163
    42      H                  0.270
    43      H                  0.253
    44      H                  0.142
    45      S                  2.867
    46      O                 -0.940
    47      O                 -0.940
    48      H                  0.155
    49      H                  0.149
    50      C                 -0.933
    51      H                  0.150
 Total Mulliken Charge =       0.000
 
                  X        Y        Z     TOTAL  
  QM DIPOLE    -4.830    3.496   -1.639    6.184
 
 Final Structure

  QMMM: QM Region Cartesian Coordinates (*=link atom) 
  QMMM: QM_NO.   MM_NO.  ATOM         X         Y         Z
  QMMM:     1        1      C        1.7278   29.1527    6.9636
  QMMM:     2        2      C       -1.7771   31.6664    8.1319
  QMMM:     3        3      C       -0.1978   26.3220    9.3086
  QMMM:     4        4      C       -1.1651   25.5965   10.2386
  QMMM:     5        5      C       -0.9028   24.0992   10.1664
  QMMM:     6        6      C       -1.8203   23.3440   11.1061
  QMMM:     7        7      C       -1.6968   23.8507   12.5284
  QMMM:     8        8      C       -1.9434   25.3437   12.6031
  QMMM:     9        9      C       -1.0246   26.1005   11.6669
  QMMM:    10       10      C        4.9093   25.8954    5.2509
  QMMM:    11       11      C        4.9957   25.1189    6.4141
  QMMM:    12       12      C        4.3859   25.6102    7.5755
  QMMM:    13       13      C        3.6950   26.8136    7.5889
  QMMM:    14       14      N        1.0967   28.1865    7.7441
  QMMM:    15       15      C       -0.0677   28.5202    8.3420
  QMMM:    16       16      O       -0.7567   27.6408    9.1278
  QMMM:    17       17      C       -0.6471   29.8084    8.1826
  QMMM:    18       18      N       -1.8074   30.4338    8.6593
  QMMM:    19       19      N       -0.6477   31.9092    7.3135
  QMMM:    20       20      C        0.1030   30.7296    7.3284
  QMMM:    21       21      N        1.2763   30.4350    6.7058
  QMMM:    22       22      N        2.9619   28.8313    6.3624
  QMMM:    23       23      C        3.5852   27.5784    6.4058
  QMMM:    24       24      C        4.2219   27.0977    5.2313
  QMMM:    25       25      H       -2.5350   32.4429    8.2920
  QMMM:    26       26      H       -0.1358   25.8116    8.3129
  QMMM:    27       27      H        0.8228   26.4072    9.7618
  QMMM:    28       28      H       -2.2164   25.8018    9.8894
  QMMM:    29       29      H        0.1660   23.8942   10.4381
  QMMM:    30       30      H       -1.0617   23.7386    9.1168
  QMMM:    31       31      H       -1.5688   22.2520   11.0727
  QMMM:    32       32      H       -2.8818   23.4566   10.7607
  QMMM:    33       33      H       -0.6702   23.6218   12.9185
  QMMM:    34       34      H       -2.4328   23.3147   13.1823
  QMMM:    35       35      H       -1.7806   25.6997   13.6535
  QMMM:    36       36      H       -3.0110   25.5607   12.3354
  QMMM:    37       37      H       -1.2673   27.1950   11.6932
  QMMM:    38       38      H        0.0381   25.9788   12.0048
  QMMM:    39       39      H        5.4110   25.5411    4.3316
  QMMM:    40       40      H        4.4785   25.0314    8.5133
  QMMM:    41       41      H        3.2498   27.1631    8.5332
  QMMM:    42       42      H       -0.4183   32.7413    6.8387
  QMMM:    43       43      H        3.2385   29.4266    5.6076
  QMMM:    44       44      H        4.1786   27.6771    4.2959
  QMMM:    45       45      S        5.8365   23.6785    6.4259
  QMMM:    46       46      O        6.2654   23.3757    7.7273
  QMMM:    47       47      O        6.8016   23.6711    5.4072
  QMMM:    48       48      H        4.9700   21.5536    5.9550
  QMMM:    49       49      H        3.7490   22.6051    6.7329
  QMMM:    50       50      C        4.5932   22.6066    6.0019
  QMMM:    51       51      H        4.1498   22.8256    5.0006

           --------- Calculation Completed ----------

