            --------------------------------------------------------
                             AMBER SQM VERSION 19
 
                                     By
              Ross C. Walker, Michael F. Crowley, Scott Brozell,
                         Tim Giese, Andreas W. Goetz,
                        Tai-Sung Lee and David A. Case
 
            --------------------------------------------------------
 

--------------------------------------------------------------------------------
  QM CALCULATION INFO
--------------------------------------------------------------------------------

| QMMM: Citation for AMBER QMMM Run:
| QMMM: R.C. Walker, M.F. Crowley and D.A. Case, J. COMP. CHEM. 29:1019, 2008

QMMM: SINGLET STATE CALCULATION
QMMM: RHF CALCULATION, NO. OF DOUBLY OCCUPIED LEVELS = 77

| QMMM: *** Selected Hamiltonian *** 
| QMMM: AM1         

| QMMM: *** Parameter sets in use ***
| QMMM: C : M.J.S.DEWAR et al. JACS, 107, 3902, (1985)
| QMMM: N : M.J.S.DEWAR et al. JACS, 107, 3902, (1985)
| QMMM: O : M.J.S.DEWAR et al. JACS, 107, 3902, (1985)
| QMMM: H : M.J.S.DEWAR et al. JACS, 107, 3902, (1985)
| QMMM: S : M.J.S.DEWAR et al. INORG. CHEM., 29, 3881, (1990)

| QMMM: *** SCF convergence criteria ***
| QMMM: Energy change                :  0.1D-09 kcal/mol
| QMMM: Error matrix |FP-PF|         :  0.1D+00 au
| QMMM: Density matrix change        :  0.5D-06
| QMMM: Maximum number of SCF cycles :     1000

| QMMM: *** Diagonalization Routine Information ***
| QMMM: Pseudo diagonalizations are allowed.
| QMMM: Auto diagonalization routine selection is in use.
| QMMM:
| QMMM: Timing diagonalization routines:
| QMMM:                              norbs =      140
| QMMM:    diag iterations used for timing =       10
| QMMM:
| QMMM:              Internal diag routine = 0.035319 seconds
| QMMM:                 Dspev diag routine = 0.032399 seconds
| QMMM:                Dspevd diag routine = 0.021962 seconds
| QMMM:                Dspevx diag routine = 0.117399 seconds
| QMMM:                 Dsyev diag routine = 0.035268 seconds
| QMMM:                Dsyevd diag routine = 0.025184 seconds
| QMMM:                Dsyevr diag routine = 0.030175 seconds
| QMMM:
| QMMM:                Pseudo diag routine = 0.012813 seconds
| QMMM:
| QMMM: Using dspevd routine (diag_routine=3).

  QMMM: QM Region Cartesian Coordinates (*=link atom) 
  QMMM: QM_NO.   MM_NO.  ATOM         X         Y         Z
  QMMM:     1        1      C        1.4220   29.0340    6.7680
  QMMM:     2        2      C       -1.4500   32.1630    8.0080
  QMMM:     3        3      C       -0.5820   26.6250    8.9780
  QMMM:     4        4      C       -1.2500   25.7670   10.0810
  QMMM:     5        5      C       -1.3550   24.3310    9.5270
  QMMM:     6        6      C       -1.6530   23.2730   10.6030
  QMMM:     7        7      C       -0.7810   23.3430   11.8650
  QMMM:     8        8      C       -0.7120   24.7790   12.4320
  QMMM:     9        9      C       -0.3880   25.8600   11.3800
  QMMM:    10       10      C        4.5700   25.6680    5.7560
  QMMM:    11       11      C        4.5610   25.1640    7.0610
  QMMM:    12       12      C        3.9810   25.9020    8.0910
  QMMM:    13       13      C        3.3440   27.1020    7.7920
  QMMM:    14       14      N        0.4880   28.1800    7.4980
  QMMM:    15       15      C       -0.5680   28.6370    8.0860
  QMMM:    16       16      O       -1.3890   27.8080    8.7520
  QMMM:    17       17      C       -0.8370   30.0590    7.9870
  QMMM:    18       18      N       -1.8060   31.0220    8.4250
  QMMM:    19       19      N       -0.3370   32.0960    7.3180
  QMMM:    20       20      C        0.0120   30.8440    7.3110
  QMMM:    21       21      N        1.1720   30.2780    6.7090
  QMMM:    22       22      N        2.5230   28.7210    6.1570
  QMMM:    23       23      C        3.2730   27.5770    6.4760
  QMMM:    24       24      C        3.9310   26.8750    5.4700
  QMMM:    25       25      H       -1.9740   33.0850    8.1590
  QMMM:    26       26      H       -0.5410   26.0540    8.0430
  QMMM:    27       27      H        0.4540   26.7750    9.3100
  QMMM:    28       28      H       -2.2580   26.1250   10.2960
  QMMM:    29       29      H       -0.4090   24.0420    9.0640
  QMMM:    30       30      H       -2.1060   24.2820    8.7360
  QMMM:    31       31      H       -1.6090   22.2710   10.1760
  QMMM:    32       32      H       -2.6840   23.4220   10.9160
  QMMM:    33       33      H        0.2300   23.0140   11.6180
  QMMM:    34       34      H       -1.1510   22.6520   12.6230
  QMMM:    35       35      H       -0.0260   24.8110   13.2720
  QMMM:    36       36      H       -1.6870   25.0180   12.8620
  QMMM:    37       37      H       -0.4740   26.8530   11.8240
  QMMM:    38       38      H        0.6710   25.7280   11.1480
  QMMM:    39       39      H        5.0450   25.1160    4.9570
  QMMM:    40       40      H        3.9900   25.5360    9.1100
  QMMM:    41       41      H        2.8520   27.6430    8.5840
  QMMM:    42       42      H        0.0880   32.8960    6.8440
  QMMM:    43       43      H        3.0020   29.4790    5.6910
  QMMM:    44       44      H        3.9160   27.2470    4.4570
  QMMM:    45       45      S        5.2950   23.5700    7.4170
  QMMM:    46       46      O        6.6050   23.8290    8.0130
  QMMM:    47       47      O        5.1850   22.7580    6.2000
  QMMM:    48       48      H        4.5230   23.1880    9.6010
  QMMM:    49       49      N        4.3250   22.8050    8.6520
  QMMM:    50       50      C        2.8980   22.5290    8.3870
  QMMM:    51       51      H        2.5140   21.8350    9.1360
  QMMM:    52       52      H        2.3280   23.4530    8.4760
  QMMM:    53       53      H        2.7650   22.1010    7.3920

--------------------------------------------------------------------------------
  RESULTS
--------------------------------------------------------------------------------

      iter         sqm energy              rms gradient
      ----    -------------------    -----------------------
xmin    10        0.3809 kcal/mol        1.1201 kcal/(mol*A)
xmin    20       -1.2404 kcal/mol        0.3888 kcal/(mol*A)
xmin    30       -1.9555 kcal/mol        0.3245 kcal/(mol*A)
xmin    40       -2.2165 kcal/mol        0.1660 kcal/(mol*A)
xmin    50       -2.3796 kcal/mol        0.2870 kcal/(mol*A)
xmin    60       -2.5043 kcal/mol        0.0468 kcal/(mol*A)
xmin    70       -2.4560 kcal/mol        0.3178 kcal/(mol*A)
xmin    80       -2.5395 kcal/mol        0.1526 kcal/(mol*A)
xmin    90       -2.5640 kcal/mol        0.1090 kcal/(mol*A)
xmin   100       -2.5686 kcal/mol        0.0605 kcal/(mol*A)
xmin   110       -2.5753 kcal/mol        0.0175 kcal/(mol*A)
xmin   120       -2.5759 kcal/mol        0.0074 kcal/(mol*A)
xmin   130       -2.5760 kcal/mol        0.0061 kcal/(mol*A)
xmin   140       -2.5763 kcal/mol        0.0019 kcal/(mol*A)
xmin   150       -2.5763 kcal/mol        0.0035 kcal/(mol*A)
xmin   160       -2.5764 kcal/mol        0.0015 kcal/(mol*A)
xmin   170       -2.5764 kcal/mol        0.0028 kcal/(mol*A)
  ... geometry converged !
 
 Final MO eigenvalues (eV):
 -41.9865  -40.4419  -40.2713  -39.1080  -38.3816  -37.7667  -36.8284  -36.5955
 -35.9688  -34.3959  -32.9095  -32.6936  -31.9794  -31.6806  -31.2213  -29.2742
 -27.0443  -26.9126  -25.0965  -24.7310  -23.8902  -23.4981  -23.0077  -22.7093
 -22.1617  -20.6895  -20.4366  -20.0573  -19.6745  -19.3338  -18.5739  -18.1423
 -17.7610  -17.3405  -17.2750  -17.2180  -16.7099  -16.2023  -16.0839  -15.9023
 -15.6149  -15.3114  -15.2104  -15.1553  -15.0437  -15.0176  -14.9992  -14.7688
 -14.5777  -14.3595  -14.1169  -13.9070  -13.6758  -13.5486  -13.3154  -13.1890
 -13.0684  -12.7762  -12.6976  -12.6582  -12.5515  -12.4464  -12.1330  -11.9713
 -11.9374  -11.9088  -11.8026  -11.4481  -11.2823  -11.1443  -11.0275  -10.7896
 -10.7425  -10.5076  -10.2193   -9.8801   -8.8004   -0.8272   -0.3111   -0.1338
   0.0274    0.1392    0.8343    1.2597    1.5262    1.7252    2.0586    2.3719
   2.4952    2.7820    2.7888    3.1395    3.1865    3.3621    3.3850    3.4240
   3.4732    3.5405    3.5887    3.6149    3.7240    3.7574    3.8602    3.8962
   4.0289    4.0509    4.0781    4.1077    4.1206    4.1781    4.2559    4.2780
   4.3284    4.3926    4.4435    4.4912    4.5204    4.6429    4.6668    4.7236
   4.7479    4.8214    4.8507    4.8588    4.9232    4.9350    4.9488    5.1085
   5.1485    5.1975    5.2600    5.2763    5.3045    5.4833    5.5308    5.6608
   5.8857    5.9407    6.2472    6.6832

 Heat of formation   =         -2.57638431 kcal/mol  (       -0.11172041 eV)

 Total SCF energy    =    -118963.64990355 kcal/mol  (    -5158.65096499 eV)
 Electronic energy   =    -932241.13319336 kcal/mol  (   -40425.00902794 eV)
 Core-core repulsion =     813277.48328981 kcal/mol  (    35266.35806296 eV)
 
    Atomic Charges for Step       1 :
  Atom    Element       Mulliken Charge
     1      C                  0.209
     2      C                 -0.062
     3      C                 -0.014
     4      C                 -0.111
     5      C                 -0.152
     6      C                 -0.154
     7      C                 -0.157
     8      C                 -0.155
     9      C                 -0.154
    10      C                  0.007
    11      C                 -0.856
    12      C                 -0.001
    13      C                 -0.157
    14      N                 -0.300
    15      C                  0.260
    16      O                 -0.174
    17      C                 -0.218
    18      N                 -0.072
    19      N                 -0.230
    20      C                  0.081
    21      N                 -0.244
    22      N                 -0.251
    23      C                  0.143
    24      C                 -0.208
    25      H                  0.205
    26      H                  0.094
    27      H                  0.094
    28      H                  0.111
    29      H                  0.080
    30      H                  0.079
    31      H                  0.080
    32      H                  0.081
    33      H                  0.079
    34      H                  0.080
    35      H                  0.081
    36      H                  0.082
    37      H                  0.097
    38      H                  0.078
    39      H                  0.153
    40      H                  0.153
    41      H                  0.161
    42      H                  0.270
    43      H                  0.251
    44      H                  0.141
    45      S                  2.858
    46      O                 -0.936
    47      O                 -0.936
    48      H                  0.242
    49      N                 -0.892
    50      C                 -0.064
    51      H                  0.078
    52      H                  0.065
    53      H                  0.102
 Total Mulliken Charge =       0.000
 
                  X        Y        Z     TOTAL  
  QM DIPOLE    -4.846    2.417   -2.390    5.919
 
 Final Structure

  QMMM: QM Region Cartesian Coordinates (*=link atom) 
  QMMM: QM_NO.   MM_NO.  ATOM         X         Y         Z
  QMMM:     1        1      C        1.6792   29.1138    7.1164
  QMMM:     2        2      C       -1.9097   31.6649    7.8809
  QMMM:     3        3      C       -0.3666   26.4400    9.5420
  QMMM:     4        4      C       -1.3840   25.7726   10.4621
  QMMM:     5        5      C       -1.1053   24.2775   10.5178
  QMMM:     6        6      C       -2.0732   23.5819   11.4529
  QMMM:     7        7      C       -2.0427   24.1938   12.8385
  QMMM:     8        8      C       -2.3059   25.6848   12.7865
  QMMM:     9        9      C       -1.3370   26.3824   11.8548
  QMMM:    10       10      C        4.9131   25.7475    5.7812
  QMMM:    11       11      C        4.9426   25.0486    6.9938
  QMMM:    12       12      C        4.2892   25.6149    8.0942
  QMMM:    13       13      C        3.6109   26.8230    8.0019
  QMMM:    14       14      N        1.0076   28.1998    7.9258
  QMMM:    15       15      C       -0.1936   28.5627    8.4253
  QMMM:    16       16      O       -0.9238   27.7346    9.2299
  QMMM:    17       17      C       -0.7716   29.8290    8.1368
  QMMM:    18       18      N       -1.9635   30.4740    8.4948
  QMMM:    19       19      N       -0.7339   31.8605    7.1169
  QMMM:    20       20      C        0.0231   30.6939    7.2643
  QMMM:    21       21      N        1.2341   30.3682    6.7370
  QMMM:    22       22      N        2.9540   28.7669    6.6244
  QMMM:    23       23      C        3.5605   27.5111    6.7694
  QMMM:    24       24      C        4.2397   26.9523    5.6559
  QMMM:    25       25      H       -2.6814   32.4422    7.9370
  QMMM:    26       26      H       -0.2386   25.8586    8.5926
  QMMM:    27       27      H        0.6232   26.5711   10.0495
  QMMM:    28       28      H       -2.4131   25.9380   10.0346
  QMMM:    29       29      H       -0.0538   24.1071   10.8693
  QMMM:    30       30      H       -1.1954   23.8385    9.4902
  QMMM:    31       31      H       -1.8112   22.4937   11.5164
  QMMM:    32       32      H       -3.1120   23.6552   11.0356
  QMMM:    33       33      H       -1.0405   24.0075   13.3069
  QMMM:    34       34      H       -2.8134   23.6980   13.4840
  QMMM:    35       35      H       -2.2118   26.1195   13.8155
  QMMM:    36       36      H       -3.3566   25.8676   12.4383
  QMMM:    37       37      H       -1.5900   27.4725   11.7845
  QMMM:    38       38      H       -0.2964   26.2998   12.2655
  QMMM:    39       39      H        5.4498   25.3322    4.9086
  QMMM:    40       40      H        4.3375   25.0985    9.0704
  QMMM:    41       41      H        3.1287   27.2359    8.9013
  QMMM:    42       42      H       -0.4817   32.6583    6.5971
  QMMM:    43       43      H        3.2753   29.3127    5.8499
  QMMM:    44       44      H        4.2418   27.4716    4.6850
  QMMM:    45       45      S        5.7782   23.5936    7.1364
  QMMM:    46       46      O        6.1801   23.4423    8.4826
  QMMM:    47       47      O        6.7881   23.5584    6.1491
  QMMM:    48       48      H        4.0692   22.1159    7.5324
  QMMM:    49       49      N        4.6513   22.4796    6.8165
  QMMM:    50       50      C        4.3921   21.9299    5.5276
  QMMM:    51       51      H        4.3918   20.8068    5.5706
  QMMM:    52       52      H        3.3916   22.2657    5.1394
  QMMM:    53       53      H        5.1897   22.2559    4.8047

           --------- Calculation Completed ----------

