            --------------------------------------------------------
                             AMBER SQM VERSION 19
 
                                     By
              Ross C. Walker, Michael F. Crowley, Scott Brozell,
                         Tim Giese, Andreas W. Goetz,
                        Tai-Sung Lee and David A. Case
 
            --------------------------------------------------------
 

--------------------------------------------------------------------------------
  QM CALCULATION INFO
--------------------------------------------------------------------------------

| QMMM: Citation for AMBER QMMM Run:
| QMMM: R.C. Walker, M.F. Crowley and D.A. Case, J. COMP. CHEM. 29:1019, 2008

QMMM: SINGLET STATE CALCULATION
QMMM: RHF CALCULATION, NO. OF DOUBLY OCCUPIED LEVELS = 74

| QMMM: *** Selected Hamiltonian *** 
| QMMM: AM1         

| QMMM: *** Parameter sets in use ***
| QMMM: C : M.J.S.DEWAR et al. JACS, 107, 3902, (1985)
| QMMM: N : M.J.S.DEWAR et al. JACS, 107, 3902, (1985)
| QMMM: O : M.J.S.DEWAR et al. JACS, 107, 3902, (1985)
| QMMM: H : M.J.S.DEWAR et al. JACS, 107, 3902, (1985)
| QMMM: S : M.J.S.DEWAR et al. INORG. CHEM., 29, 3881, (1990)

| QMMM: *** SCF convergence criteria ***
| QMMM: Energy change                :  0.1D-09 kcal/mol
| QMMM: Error matrix |FP-PF|         :  0.1D+00 au
| QMMM: Density matrix change        :  0.5D-06
| QMMM: Maximum number of SCF cycles :     1000

| QMMM: *** Diagonalization Routine Information ***
| QMMM: Pseudo diagonalizations are allowed.
| QMMM: Auto diagonalization routine selection is in use.
| QMMM:
| QMMM: Timing diagonalization routines:
| QMMM:                              norbs =      134
| QMMM:    diag iterations used for timing =       10
| QMMM:
| QMMM:              Internal diag routine = 0.030716 seconds
| QMMM:                 Dspev diag routine = 0.029310 seconds
| QMMM:                Dspevd diag routine = 0.020017 seconds
| QMMM:                Dspevx diag routine = 0.107488 seconds
| QMMM:                 Dsyev diag routine = 0.032432 seconds
| QMMM:                Dsyevd diag routine = 0.023128 seconds
| QMMM:                Dsyevr diag routine = 0.027428 seconds
| QMMM:
| QMMM:                Pseudo diag routine = 0.011059 seconds
| QMMM:
| QMMM: Using dspevd routine (diag_routine=3).

  QMMM: QM Region Cartesian Coordinates (*=link atom) 
  QMMM: QM_NO.   MM_NO.  ATOM         X         Y         Z
  QMMM:     1        1      C        1.4220   29.0340    6.7680
  QMMM:     2        2      C       -1.4500   32.1630    8.0080
  QMMM:     3        3      C       -0.5820   26.6250    8.9780
  QMMM:     4        4      C       -1.2500   25.7670   10.0810
  QMMM:     5        5      C       -1.3550   24.3310    9.5270
  QMMM:     6        6      C       -1.6530   23.2730   10.6030
  QMMM:     7        7      C       -0.7810   23.3430   11.8650
  QMMM:     8        8      C       -0.7120   24.7790   12.4320
  QMMM:     9        9      C       -0.3880   25.8600   11.3800
  QMMM:    10       10      C        4.5830   25.6710    5.7900
  QMMM:    11       11      C        4.5700   25.1770    7.1000
  QMMM:    12       12      C        3.9800   25.9200    8.1200
  QMMM:    13       13      C        3.3410   27.1160    7.8080
  QMMM:    14       14      N        0.4880   28.1800    7.4980
  QMMM:    15       15      C       -0.5680   28.6370    8.0860
  QMMM:    16       16      O       -1.3890   27.8080    8.7520
  QMMM:    17       17      C       -0.8370   30.0590    7.9870
  QMMM:    18       18      N       -1.8060   31.0220    8.4250
  QMMM:    19       19      N       -0.3370   32.0960    7.3180
  QMMM:    20       20      C        0.0120   30.8440    7.3110
  QMMM:    21       21      N        1.1720   30.2780    6.7090
  QMMM:    22       22      N        2.5230   28.7210    6.1570
  QMMM:    23       23      C        3.2750   27.5810    6.4880
  QMMM:    24       24      C        3.9400   26.8740    5.4900
  QMMM:    25       25      H       -1.9740   33.0850    8.1590
  QMMM:    26       26      H       -0.5410   26.0540    8.0430
  QMMM:    27       27      H        0.4540   26.7760    9.3100
  QMMM:    28       28      H       -2.2580   26.1250   10.2960
  QMMM:    29       29      H       -0.4090   24.0420    9.0640
  QMMM:    30       30      H       -2.1060   24.2820    8.7360
  QMMM:    31       31      H       -1.6090   22.2710   10.1760
  QMMM:    32       32      H       -2.6840   23.4220   10.9160
  QMMM:    33       33      H        0.2300   23.0140   11.6180
  QMMM:    34       34      H       -1.1520   22.6520   12.6230
  QMMM:    35       35      H       -0.0260   24.8110   13.2720
  QMMM:    36       36      H       -1.6870   25.0180   12.8620
  QMMM:    37       37      H       -0.4740   26.8530   11.8240
  QMMM:    38       38      H        0.6710   25.7290   11.1480
  QMMM:    39       39      H        5.0650   25.1160    4.9960
  QMMM:    40       40      H        3.9850   25.5640    9.1420
  QMMM:    41       41      H        2.8430   27.6600    8.5930
  QMMM:    42       42      H        0.0880   32.8960    6.8440
  QMMM:    43       43      H        3.0040   29.4800    5.6950
  QMMM:    44       44      H        3.9280   27.2370    4.4750
  QMMM:    45       45      S        5.3090   23.5920    7.4680
  QMMM:    46       46      O        6.5990   23.8330    8.1080
  QMMM:    47       47      O        5.2150   22.7710    6.2580
  QMMM:    48       48      H        4.4940   23.2520    9.5850
  QMMM:    49       49      N        4.3220   22.8370    8.6440
  QMMM:    50       50      H        3.3400   22.9180    8.3890

--------------------------------------------------------------------------------
  RESULTS
--------------------------------------------------------------------------------

      iter         sqm energy              rms gradient
      ----    -------------------    -----------------------
xmin    10       -4.0079 kcal/mol        0.5521 kcal/(mol*A)
xmin    20       -5.7565 kcal/mol        0.5124 kcal/(mol*A)
xmin    30       -6.0666 kcal/mol        0.1278 kcal/(mol*A)
xmin    40       -6.1694 kcal/mol        0.1583 kcal/(mol*A)
xmin    50       -6.2129 kcal/mol        0.1030 kcal/(mol*A)
xmin    60       -6.2690 kcal/mol        0.1183 kcal/(mol*A)
xmin    70       -6.2857 kcal/mol        0.0225 kcal/(mol*A)
xmin    80       -6.2912 kcal/mol        0.0612 kcal/(mol*A)
xmin    90       -6.2932 kcal/mol        0.0190 kcal/(mol*A)
xmin   100       -6.2934 kcal/mol        0.0065 kcal/(mol*A)
xmin   110       -6.2938 kcal/mol        0.0041 kcal/(mol*A)
xmin   120       -6.2939 kcal/mol        0.0022 kcal/(mol*A)
xmin   130       -6.2939 kcal/mol        0.0018 kcal/(mol*A)
xmin   140       -6.2939 kcal/mol        0.0014 kcal/(mol*A)
  ... geometry converged !
 
 Final MO eigenvalues (eV):
 -41.9889  -40.4445  -40.2740  -39.1107  -38.3836  -37.7318  -36.8249  -35.9961
 -34.6161  -34.3963  -32.9120  -32.6962  -31.9813  -31.6839  -31.2090  -29.2700
 -27.0323  -25.1260  -24.7345  -23.8905  -23.5013  -23.0338  -22.7117  -22.1675
 -20.7973  -20.4351  -20.0595  -19.6789  -19.1901  -18.5197  -18.3606  -17.9533
 -17.6141  -17.2995  -17.2211  -16.7149  -16.2067  -16.0915  -15.9057  -15.5749
 -15.2993  -15.1755  -15.1536  -15.0470  -15.0018  -14.7677  -14.5706  -14.3790
 -14.1979  -13.8852  -13.6649  -13.3206  -13.1937  -13.1096  -13.0661  -12.7079
 -12.6927  -12.6305  -12.4602  -12.2786  -11.9774  -11.9462  -11.9118  -11.8158
 -11.6762  -11.4480  -11.2854  -11.1475  -11.0303  -10.7456  -10.5115  -10.2236
  -9.8891   -8.8030   -0.8233   -0.2892   -0.0851    0.0281    0.1352    0.8314
   1.2577    1.5236    1.7223    2.0825    2.4028    2.5562    2.7796    2.7863
   3.1411    3.1898    3.3806    3.4181    3.4535    3.4737    3.5444    3.5854
   3.6118    3.7250    3.8562    3.8927    4.0258    4.0687    4.1047    4.1171
   4.1756    4.2547    4.2749    4.3894    4.4399    4.4879    4.5185    4.6405
   4.6635    4.7206    4.7533    4.8185    4.8344    4.8501    4.9201    4.9320
   4.9462    5.1060    5.1455    5.1945    5.2576    5.2734    5.3018    5.4750
   5.5285    5.6586    5.8835    5.9381    6.2448    6.6806

 Heat of formation   =         -6.29392767 kcal/mol  (       -0.27292518 eV)

 Total SCF energy    =    -115380.51441538 kcal/mol  (    -5003.27455077 eV)
 Electronic energy   =    -878107.07797130 kcal/mol  (   -38077.58024246 eV)
 Core-core repulsion =     762726.56355591 kcal/mol  (    33074.30569168 eV)
 
    Atomic Charges for Step       1 :
  Atom    Element       Mulliken Charge
     1      C                  0.209
     2      C                 -0.062
     3      C                 -0.014
     4      C                 -0.111
     5      C                 -0.152
     6      C                 -0.154
     7      C                 -0.157
     8      C                 -0.155
     9      C                 -0.154
    10      C                  0.006
    11      C                 -0.859
    12      C                 -0.001
    13      C                 -0.158
    14      N                 -0.300
    15      C                  0.260
    16      O                 -0.174
    17      C                 -0.218
    18      N                 -0.072
    19      N                 -0.230
    20      C                  0.081
    21      N                 -0.244
    22      N                 -0.251
    23      C                  0.143
    24      C                 -0.208
    25      H                  0.205
    26      H                  0.094
    27      H                  0.094
    28      H                  0.111
    29      H                  0.080
    30      H                  0.079
    31      H                  0.080
    32      H                  0.081
    33      H                  0.079
    34      H                  0.080
    35      H                  0.081
    36      H                  0.082
    37      H                  0.097
    38      H                  0.078
    39      H                  0.154
    40      H                  0.154
    41      H                  0.161
    42      H                  0.270
    43      H                  0.251
    44      H                  0.141
    45      S                  2.871
    46      O                 -0.940
    47      O                 -0.940
    48      H                  0.241
    49      N                 -0.953
    50      H                  0.241
 Total Mulliken Charge =      -0.000
 
                  X        Y        Z     TOTAL  
  QM DIPOLE    -4.993    2.475   -2.041    5.934
 
 Final Structure

  QMMM: QM Region Cartesian Coordinates (*=link atom) 
  QMMM: QM_NO.   MM_NO.  ATOM         X         Y         Z
  QMMM:     1        1      C        1.7241   29.1655    7.0337
  QMMM:     2        2      C       -1.8732   31.6384    7.9913
  QMMM:     3        3      C       -0.2374   26.3632    9.3827
  QMMM:     4        4      C       -1.2258   25.6441   10.2953
  QMMM:     5        5      C       -0.9306   24.1513   10.2776
  QMMM:     6        6      C       -1.8690   23.4039   11.2029
  QMMM:     7        7      C       -1.8119   23.9538   12.6134
  QMMM:     8        8      C       -2.0916   25.4426   12.6342
  QMMM:     9        9      C       -1.1522   26.1918   11.7124
  QMMM:    10       10      C        4.9656   25.9015    5.4788
  QMMM:    11       11      C        5.0291   25.1494    6.6578
  QMMM:    12       12      C        4.3934   25.6577    7.7962
  QMMM:    13       13      C        3.6996   26.8602    7.7728
  QMMM:    14       14      N        1.0807   28.2086    7.8161
  QMMM:    15       15      C       -0.1125   28.5351    8.3580
  QMMM:    16       16      O       -0.8153   27.6637    9.1410
  QMMM:    17       17      C       -0.7102   29.8061    8.1394
  QMMM:    18       18      N       -1.9004   30.4208    8.5523
  QMMM:    19       19      N       -0.7172   31.8813    7.2108
  QMMM:    20       20      C        0.0552   30.7181    7.2890
  QMMM:    21       21      N        1.2572   30.4302    6.7208
  QMMM:    22       22      N        2.9908   28.8555    6.4982
  QMMM:    23       23      C        3.6145   27.6022    6.5739
  QMMM:    24       24      C        4.2758   27.1022    5.4222
  QMMM:    25       25      H       -2.6516   32.4034    8.0992
  QMMM:    26       26      H       -0.1253   25.8257    8.4058
  QMMM:    27       27      H        0.7626   26.4832    9.8727
  QMMM:    28       28      H       -2.2664   25.8168    9.8995
  QMMM:    29       29      H        0.1305   23.9772   10.5966
  QMMM:    30       30      H       -1.0407   23.7574    9.2337
  QMMM:    31       31      H       -1.5944   22.3169   11.2115
  QMMM:    32       32      H       -2.9181   23.4839   10.8135
  QMMM:    33       33      H       -0.7970   23.7583   13.0495
  QMMM:    34       34      H       -2.5619   23.4211   13.2538
  QMMM:    35       35      H       -1.9775   25.8321   13.6792
  QMMM:    36       36      H       -3.1520   25.6288   12.3190
  QMMM:    37       37      H       -1.4180   27.2811   11.6969
  QMMM:    38       38      H       -0.1014   26.1028   12.0948
  QMMM:    39       39      H        5.4894   25.5337    4.5776
  QMMM:    40       40      H        4.4684   25.0981    8.7467
  QMMM:    41       41      H        3.2324   27.2265    8.6999
  QMMM:    42       42      H       -0.4853   32.7043    6.7217
  QMMM:    43       43      H        3.2889   29.4393    5.7423
  QMMM:    44       44      H        4.2510   27.6645    4.4758
  QMMM:    45       45      S        5.8817   23.6984    6.7147
  QMMM:    46       46      O        6.2939   23.4726    8.0462
  QMMM:    47       47      O        6.8785   23.7264    5.7147
  QMMM:    48       48      H        4.2113   22.1360    6.9790
  QMMM:    49       49      N        4.7783   22.6044    6.3189
  QMMM:    50       50      H        4.6089   22.3093    5.3910

           --------- Calculation Completed ----------

