            --------------------------------------------------------
                             AMBER SQM VERSION 19
 
                                     By
              Ross C. Walker, Michael F. Crowley, Scott Brozell,
                         Tim Giese, Andreas W. Goetz,
                        Tai-Sung Lee and David A. Case
 
            --------------------------------------------------------
 

--------------------------------------------------------------------------------
  QM CALCULATION INFO
--------------------------------------------------------------------------------

| QMMM: Citation for AMBER QMMM Run:
| QMMM: R.C. Walker, M.F. Crowley and D.A. Case, J. COMP. CHEM. 29:1019, 2008

QMMM: SINGLET STATE CALCULATION
QMMM: RHF CALCULATION, NO. OF DOUBLY OCCUPIED LEVELS = 62

| QMMM: *** Selected Hamiltonian *** 
| QMMM: AM1         

| QMMM: *** Parameter sets in use ***
| QMMM: C : M.J.S.DEWAR et al. JACS, 107, 3902, (1985)
| QMMM: N : M.J.S.DEWAR et al. JACS, 107, 3902, (1985)
| QMMM: O : M.J.S.DEWAR et al. JACS, 107, 3902, (1985)
| QMMM: H : M.J.S.DEWAR et al. JACS, 107, 3902, (1985)

| QMMM: *** SCF convergence criteria ***
| QMMM: Energy change                :  0.1D-09 kcal/mol
| QMMM: Error matrix |FP-PF|         :  0.1D+00 au
| QMMM: Density matrix change        :  0.5D-06
| QMMM: Maximum number of SCF cycles :     1000

| QMMM: *** Diagonalization Routine Information ***
| QMMM: Pseudo diagonalizations are allowed.
| QMMM: Auto diagonalization routine selection is in use.
| QMMM:
| QMMM: Timing diagonalization routines:
| QMMM:                              norbs =      117
| QMMM:    diag iterations used for timing =       10
| QMMM:
| QMMM:              Internal diag routine = 0.021112 seconds
| QMMM:                 Dspev diag routine = 0.020565 seconds
| QMMM:                Dspevd diag routine = 0.014087 seconds
| QMMM:                Dspevx diag routine = 0.079259 seconds
| QMMM:                 Dsyev diag routine = 0.022470 seconds
| QMMM:                Dsyevd diag routine = 0.016540 seconds
| QMMM:                Dsyevr diag routine = 0.020501 seconds
| QMMM:
| QMMM:                Pseudo diag routine = 0.007496 seconds
| QMMM:
| QMMM: Using dspevd routine (diag_routine=3).

  QMMM: QM Region Cartesian Coordinates (*=link atom) 
  QMMM: QM_NO.   MM_NO.  ATOM         X         Y         Z
  QMMM:     1        1      C        1.4220   29.0340    6.7680
  QMMM:     2        2      C       -1.4500   32.1630    8.0080
  QMMM:     3        3      C       -0.5820   26.6250    8.9780
  QMMM:     4        4      C       -1.2500   25.7670   10.0810
  QMMM:     5        5      C       -1.3550   24.3310    9.5270
  QMMM:     6        6      C       -1.6530   23.2730   10.6030
  QMMM:     7        7      C       -0.7810   23.3430   11.8650
  QMMM:     8        8      C       -0.7120   24.7790   12.4320
  QMMM:     9        9      C       -0.3880   25.8600   11.3800
  QMMM:    10       10      C        4.7640   25.8530    5.5160
  QMMM:    11       11      C        4.7940   25.2420    6.7670
  QMMM:    12       12      C        4.0850   25.7870    7.8360
  QMMM:    13       13      C        3.3360   26.9450    7.6400
  QMMM:    14       14      N        0.4880   28.1800    7.4980
  QMMM:    15       15      C       -0.5680   28.6370    8.0860
  QMMM:    16       16      O       -1.3890   27.8080    8.7520
  QMMM:    17       17      C       -0.8370   30.0590    7.9870
  QMMM:    18       18      N       -1.8060   31.0220    8.4250
  QMMM:    19       19      N       -0.3370   32.0960    7.3180
  QMMM:    20       20      C        0.0120   30.8440    7.3110
  QMMM:    21       21      N        1.1720   30.2780    6.7090
  QMMM:    22       22      N        2.5230   28.7210    6.1570
  QMMM:    23       23      C        3.2840   27.5620    6.3820
  QMMM:    24       24      C        4.0210   27.0170    5.3320
  QMMM:    25       25      H       -1.9730   33.0850    8.1590
  QMMM:    26       26      H       -0.5400   26.0540    8.0430
  QMMM:    27       27      H        0.4540   26.7760    9.3110
  QMMM:    28       28      H       -2.2580   26.1250   10.2960
  QMMM:    29       29      H       -0.4090   24.0420    9.0630
  QMMM:    30       30      H       -2.1060   24.2820    8.7360
  QMMM:    31       31      H       -1.6090   22.2710   10.1760
  QMMM:    32       32      H       -2.6840   23.4220   10.9160
  QMMM:    33       33      H        0.2300   23.0140   11.6180
  QMMM:    34       34      H       -1.1520   22.6520   12.6230
  QMMM:    35       35      H       -0.0270   24.8110   13.2720
  QMMM:    36       36      H       -1.6870   25.0180   12.8620
  QMMM:    37       37      H       -0.4740   26.8530   11.8240
  QMMM:    38       38      H        0.6710   25.7290   11.1470
  QMMM:    39       39      H        5.3330   25.4420    4.6940
  QMMM:    40       40      H        5.3930   24.3560    6.9130
  QMMM:    41       41      H        4.1200   25.3210    8.8120
  QMMM:    42       42      H        2.7900   27.3620    8.4730
  QMMM:    43       43      H        0.0880   32.8960    6.8440
  QMMM:    44       44      H        2.9500   29.4560    5.6110
  QMMM:    45       45      H        4.0240   27.4960    4.3700

--------------------------------------------------------------------------------
  RESULTS
--------------------------------------------------------------------------------

      iter         sqm energy              rms gradient
      ----    -------------------    -----------------------
xmin    10       65.3483 kcal/mol        1.5009 kcal/(mol*A)
xmin    20       63.9613 kcal/mol        0.7365 kcal/(mol*A)
xmin    30       63.7282 kcal/mol        0.2416 kcal/(mol*A)
xmin    40       63.6539 kcal/mol        0.1288 kcal/(mol*A)
xmin    50       63.5530 kcal/mol        0.1444 kcal/(mol*A)
xmin    60       63.4850 kcal/mol        0.0761 kcal/(mol*A)
xmin    70       63.4709 kcal/mol        0.0419 kcal/(mol*A)
xmin    80       63.4668 kcal/mol        0.0103 kcal/(mol*A)
xmin    90       63.4665 kcal/mol        0.0104 kcal/(mol*A)
xmin   100       63.4665 kcal/mol        0.0011 kcal/(mol*A)
xmin   110       63.4665 kcal/mol        0.0023 kcal/(mol*A)
  ... geometry converged !
 
 Final MO eigenvalues (eV):
 -41.7077  -40.1559  -39.8741  -38.8718  -38.0429  -35.4503  -34.1269  -32.7165
 -32.4087  -31.5600  -31.5337  -30.4738  -28.7912  -26.7988  -24.4939  -24.2260
 -23.3921  -23.2653  -22.4797  -22.4241  -21.9202  -20.2571  -19.7593  -19.3592
 -18.2783  -17.3534  -17.1087  -16.9683  -16.6835  -16.5042  -15.8811  -15.7029
 -15.5853  -15.0489  -15.0402  -14.9071  -14.8555  -14.6844  -14.3183  -14.1941
 -14.0885  -13.5294  -13.3107  -13.0865  -13.0522  -12.8800  -12.5151  -12.4358
 -12.1036  -11.8356  -11.7657  -11.5914  -11.4608  -11.1489  -11.0864  -11.0106
 -10.8621  -10.4456  -10.2091   -9.7921   -9.4128   -8.5223   -0.2580    0.2202
   0.3825    0.4733    1.2186    1.5042    1.8876    2.0415    2.6154    2.8635
   3.0318    3.1410    3.4553    3.5504    3.7209    3.7544    3.7745    3.8456
   3.8847    3.9790    4.0517    4.0695    4.1955    4.2592    4.2964    4.3241
   4.3939    4.4608    4.4806    4.5346    4.5940    4.6304    4.6896    4.8118
   4.8488    4.9592    4.9852    5.0487    5.0679    5.1018    5.2598    5.2825
   5.3268    5.3467    5.3995    5.4140    5.4427    5.5785    5.6594    5.8592
   6.0486    6.1621    6.2122    6.5071    7.0061

 Heat of formation   =         63.46645935 kcal/mol  (        2.75211220 eV)

 Total SCF energy    =     -91028.91789978 kcal/mol  (    -3947.31008628 eV)
 Electronic energy   =    -671955.34679913 kcal/mol  (   -29138.17036551 eV)
 Core-core repulsion =     580926.42889935 kcal/mol  (    25190.86027923 eV)
 
    Atomic Charges for Step       1 :
  Atom    Element       Mulliken Charge
     1      C                  0.198
     2      C                 -0.067
     3      C                 -0.014
     4      C                 -0.111
     5      C                 -0.152
     6      C                 -0.154
     7      C                 -0.156
     8      C                 -0.155
     9      C                 -0.153
    10      C                 -0.117
    11      C                 -0.138
    12      C                 -0.124
    13      C                 -0.104
    14      N                 -0.294
    15      C                  0.257
    16      O                 -0.177
    17      C                 -0.223
    18      N                 -0.073
    19      N                 -0.233
    20      C                  0.082
    21      N                 -0.251
    22      N                 -0.226
    23      C                  0.047
    24      C                 -0.164
    25      H                  0.203
    26      H                  0.096
    27      H                  0.094
    28      H                  0.110
    29      H                  0.080
    30      H                  0.081
    31      H                  0.079
    32      H                  0.081
    33      H                  0.078
    34      H                  0.079
    35      H                  0.080
    36      H                  0.082
    37      H                  0.098
    38      H                  0.077
    39      H                  0.133
    40      H                  0.133
    41      H                  0.133
    42      H                  0.152
    43      H                  0.268
    44      H                  0.233
    45      H                  0.132
 Total Mulliken Charge =      -0.000
 
                  X        Y        Z     TOTAL  
  QM DIPOLE     0.493    0.541   -1.374    1.557
 
 Final Structure

  QMMM: QM Region Cartesian Coordinates (*=link atom) 
  QMMM: QM_NO.   MM_NO.  ATOM         X         Y         Z
  QMMM:     1        1      C        1.8380   29.3140    6.9976
  QMMM:     2        2      C       -1.7465   31.6891    8.2230
  QMMM:     3        3      C       -0.0447   26.3425    9.1986
  QMMM:     4        4      C       -1.0093   25.5491   10.0745
  QMMM:     5        5      C       -0.7038   24.0644    9.9405
  QMMM:     6        6      C       -1.6174   23.2422   10.8263
  QMMM:     7        7      C       -1.5360   23.6868   12.2722
  QMMM:     8        8      C       -1.8263   25.1675   12.4087
  QMMM:     9        9      C       -0.9114   25.9911   11.5266
  QMMM:    10       10      C        4.4950   26.0619    4.7357
  QMMM:    11       11      C        4.6954   25.1936    5.8077
  QMMM:    12       12      C        4.3479   25.5970    7.0955
  QMMM:    13       13      C        3.8042   26.8586    7.3249
  QMMM:    14       14      N        1.2220   28.3022    7.7344
  QMMM:    15       15      C        0.0438   28.5824    8.3294
  QMMM:    16       16      O       -0.6328   27.6542    9.0710
  QMMM:    17       17      C       -0.5681   29.8608    8.2157
  QMMM:    18       18      N       -1.7484   30.4378    8.7045
  QMMM:    19       19      N       -0.6166   31.9917    7.4254
  QMMM:    20       20      C        0.1648   30.8316    7.4031
  QMMM:    21       21      N        1.3472   30.5895    6.7766
  QMMM:    22       22      N        3.1190   29.0585    6.4570
  QMMM:    23       23      C        3.5907   27.7399    6.2454
  QMMM:    24       24      C        3.9445   27.3227    4.9423
  QMMM:    25       25      H       -2.5257   32.4389    8.4040
  QMMM:    26       26      H        0.0483   25.8813    8.1815
  QMMM:    27       27      H        0.9653   26.4303    9.6744
  QMMM:    28       28      H       -2.0588   25.7416    9.7130
  QMMM:    29       29      H        0.3650   23.8767   10.2242
  QMMM:    30       30      H       -0.8321   23.7479    8.8727
  QMMM:    31       31      H       -1.3348   22.1601   10.7490
  QMMM:    32       32      H       -2.6748   23.3415   10.4647
  QMMM:    33       33      H       -0.5109   23.4689   12.6725
  QMMM:    34       34      H       -2.2687   23.1015   12.8862
  QMMM:    35       35      H       -1.6944   25.4797   13.4773
  QMMM:    36       36      H       -2.8942   25.3668   12.1288
  QMMM:    37       37      H       -1.1855   27.0762   11.5967
  QMMM:    38       38      H        0.1475   25.8838   11.8806
  QMMM:    39       39      H        4.7685   25.7501    3.7166
  QMMM:    40       40      H        5.1262   24.1965    5.6375
  QMMM:    41       41      H        4.5078   24.9166    7.9454
  QMMM:    42       42      H        3.5436   27.1587    8.3515
  QMMM:    43       43      H       -0.4080   32.8446    6.9798
  QMMM:    44       44      H        3.3994   29.7068    5.7463
  QMMM:    45       45      H        3.7920   27.9917    4.0815

           --------- Calculation Completed ----------

