            --------------------------------------------------------
                             AMBER SQM VERSION 19
 
                                     By
              Ross C. Walker, Michael F. Crowley, Scott Brozell,
                         Tim Giese, Andreas W. Goetz,
                        Tai-Sung Lee and David A. Case
 
            --------------------------------------------------------
 

--------------------------------------------------------------------------------
  QM CALCULATION INFO
--------------------------------------------------------------------------------

| QMMM: Citation for AMBER QMMM Run:
| QMMM: R.C. Walker, M.F. Crowley and D.A. Case, J. COMP. CHEM. 29:1019, 2008

QMMM: SINGLET STATE CALCULATION
QMMM: RHF CALCULATION, NO. OF DOUBLY OCCUPIED LEVELS = 68

| QMMM: *** Selected Hamiltonian *** 
| QMMM: AM1         

| QMMM: *** Parameter sets in use ***
| QMMM: C : M.J.S.DEWAR et al. JACS, 107, 3902, (1985)
| QMMM: N : M.J.S.DEWAR et al. JACS, 107, 3902, (1985)
| QMMM: O : M.J.S.DEWAR et al. JACS, 107, 3902, (1985)
| QMMM: H : M.J.S.DEWAR et al. JACS, 107, 3902, (1985)

| QMMM: *** SCF convergence criteria ***
| QMMM: Energy change                :  0.1D-09 kcal/mol
| QMMM: Error matrix |FP-PF|         :  0.1D+00 au
| QMMM: Density matrix change        :  0.5D-06
| QMMM: Maximum number of SCF cycles :     1000

| QMMM: *** Diagonalization Routine Information ***
| QMMM: Pseudo diagonalizations are allowed.
| QMMM: Auto diagonalization routine selection is in use.
| QMMM:
| QMMM: Timing diagonalization routines:
| QMMM:                              norbs =      127
| QMMM:    diag iterations used for timing =       10
| QMMM:
| QMMM:              Internal diag routine = 0.026201 seconds
| QMMM:                 Dspev diag routine = 0.025392 seconds
| QMMM:                Dspevd diag routine = 0.017500 seconds
| QMMM:                Dspevx diag routine = 0.094935 seconds
| QMMM:                 Dsyev diag routine = 0.027976 seconds
| QMMM:                Dsyevd diag routine = 0.020562 seconds
| QMMM:                Dsyevr diag routine = 0.024465 seconds
| QMMM:
| QMMM:                Pseudo diag routine = 0.009554 seconds
| QMMM:
| QMMM: Using dspevd routine (diag_routine=3).

  QMMM: QM Region Cartesian Coordinates (*=link atom) 
  QMMM: QM_NO.   MM_NO.  ATOM         X         Y         Z
  QMMM:     1        1      C        1.4220   29.0340    6.7680
  QMMM:     2        2      C       -1.4500   32.1630    8.0080
  QMMM:     3        3      C       -0.5820   26.6250    8.9780
  QMMM:     4        4      C       -1.2500   25.7670   10.0810
  QMMM:     5        5      C       -1.3550   24.3310    9.5270
  QMMM:     6        6      C       -1.6530   23.2730   10.6030
  QMMM:     7        7      C       -0.7810   23.3430   11.8650
  QMMM:     8        8      C       -0.7120   24.7790   12.4320
  QMMM:     9        9      C       -0.3880   25.8600   11.3800
  QMMM:    10       10      C        3.8830   25.4730    7.4170
  QMMM:    11       11      C        4.7150   25.1300    6.3550
  QMMM:    12       12      C        4.8270   25.9690    5.2530
  QMMM:    13       13      C        4.1090   27.1610    5.2180
  QMMM:    14       14      N        0.4880   28.1800    7.4980
  QMMM:    15       15      C       -0.5680   28.6370    8.0860
  QMMM:    16       16      O       -1.3890   27.8080    8.7520
  QMMM:    17       17      C       -0.8370   30.0590    7.9870
  QMMM:    18       18      N       -1.8060   31.0220    8.4250
  QMMM:    19       19      N       -0.3370   32.0960    7.3180
  QMMM:    20       20      C        0.0120   30.8440    7.3110
  QMMM:    21       21      N        1.1720   30.2780    6.7090
  QMMM:    22       22      N        2.5230   28.7210    6.1570
  QMMM:    23       23      C        3.2720   27.5370    6.2660
  QMMM:    24       24      C        3.2070   26.7020    7.3870
  QMMM:    25       25      H       -1.9730   33.0850    8.1590
  QMMM:    26       26      H       -0.5320   26.0530    8.0440
  QMMM:    27       27      H        0.4480   26.7890    9.3210
  QMMM:    28       28      H       -2.2580   26.1250   10.2960
  QMMM:    29       29      H       -0.4170   24.0350    9.0560
  QMMM:    30       30      H       -2.1110   24.2840    8.7400
  QMMM:    31       31      H       -1.6100   22.2700   10.1760
  QMMM:    32       32      H       -2.6840   23.4230   10.9170
  QMMM:    33       33      H        0.2300   23.0140   11.6180
  QMMM:    34       34      H       -1.1520   22.6520   12.6230
  QMMM:    35       35      H       -0.0270   24.8110   13.2730
  QMMM:    36       36      H       -1.6870   25.0180   12.8620
  QMMM:    37       37      H       -0.4770   26.8520   11.8250
  QMMM:    38       38      H        0.6710   25.7320   11.1530
  QMMM:    39       39      O        3.7340   24.5260    8.4030
  QMMM:    40       40      H        5.2600   24.2000    6.3700
  QMMM:    41       41      H        5.4730   25.7040    4.4280
  QMMM:    42       42      H        4.2200   27.7980    4.3630
  QMMM:    43       43      H        0.0880   32.8960    6.8440
  QMMM:    44       44      H        2.9030   29.4470    5.5670
  QMMM:    45       45      H        2.5820   26.9920    8.2140
  QMMM:    46       46      C        2.6680   24.6890    9.3380
  QMMM:    47       47      H        1.7150   24.8460    8.8390
  QMMM:    48       48      H        2.5590   23.7910    9.9460
  QMMM:    49       49      H        2.8510   25.5280   10.0080

--------------------------------------------------------------------------------
  RESULTS
--------------------------------------------------------------------------------

      iter         sqm energy              rms gradient
      ----    -------------------    -----------------------
xmin    10       27.6869 kcal/mol        0.8007 kcal/(mol*A)
xmin    20       26.6902 kcal/mol        0.3604 kcal/(mol*A)
xmin    30       26.3255 kcal/mol        0.2362 kcal/(mol*A)
xmin    40       25.9759 kcal/mol        0.2673 kcal/(mol*A)
xmin    50       25.8021 kcal/mol        0.3738 kcal/(mol*A)
xmin    60       25.7129 kcal/mol        0.0895 kcal/(mol*A)
xmin    70       25.6135 kcal/mol        0.1107 kcal/(mol*A)
xmin    80       25.5982 kcal/mol        0.0631 kcal/(mol*A)
xmin    90       25.5905 kcal/mol        0.1518 kcal/(mol*A)
xmin   100       25.5856 kcal/mol        0.0440 kcal/(mol*A)
xmin   110       25.5823 kcal/mol        0.0193 kcal/(mol*A)
xmin   120       25.5815 kcal/mol        0.0229 kcal/(mol*A)
xmin   130       25.5814 kcal/mol        0.0101 kcal/(mol*A)
xmin   140       25.5811 kcal/mol        0.0054 kcal/(mol*A)
  ... geometry converged !
 
 Final MO eigenvalues (eV):
 -41.7595  -40.5235  -40.1815  -39.1940  -38.6455  -37.6850  -35.3073  -34.1763
 -32.7665  -32.4590  -31.5982  -30.9251  -30.6480  -29.0527  -27.6021  -26.8537
 -24.5143  -24.2915  -23.4158  -22.9350  -22.5335  -22.5011  -21.9882  -20.3172
 -19.9265  -19.4464  -18.7901  -17.7462  -17.2918  -17.0442  -16.8938  -16.6394
 -16.4793  -16.3813  -16.1105  -15.9163  -15.7312  -15.1293  -14.9757  -14.9569
 -14.9018  -14.8232  -14.5288  -14.1939  -14.0649  -13.5849  -13.3855  -13.1383
 -13.0985  -13.0745  -12.9236  -12.5728  -12.4642  -12.2627  -12.0167  -11.8830
 -11.8113  -11.6311  -11.4725  -11.1973  -11.0801  -11.0575  -10.9025  -10.4962
 -10.2596   -9.5716   -9.1073   -8.5417   -0.3105    0.1750    0.3730    0.4678
   1.1637    1.4616    1.8273    1.9693    2.5083    2.5659    2.8197    2.9853
   3.0824    3.4045    3.4863    3.6676    3.6989    3.7276    3.8008    3.8509
   3.9133    3.9795    3.9934    4.0908    4.1233    4.1510    4.2057    4.2381
   4.2554    4.3474    4.3590    4.4103    4.4834    4.5428    4.5793    4.6317
   4.6525    4.7610    4.8040    4.9382    4.9812    5.0011    5.0179    5.1943
   5.2197    5.2504    5.2771    5.3397    5.3606    5.3726    5.4639    5.5498
   5.8197    5.8710    6.1184    6.1355    6.4157    6.4744    6.9529

 Heat of formation   =         25.58105436 kcal/mol  (        1.10927776 eV)

 Total SCF energy    =    -102002.78636702 kcal/mol  (    -4423.17273176 eV)
 Electronic energy   =    -785881.91572656 kcal/mol  (   -34078.39710882 eV)
 Core-core repulsion =     683879.12935954 kcal/mol  (    29655.22437707 eV)
 
    Atomic Charges for Step       1 :
  Atom    Element       Mulliken Charge
     1      C                  0.200
     2      C                 -0.066
     3      C                 -0.013
     4      C                 -0.112
     5      C                 -0.152
     6      C                 -0.154
     7      C                 -0.157
     8      C                 -0.155
     9      C                 -0.153
    10      C                  0.086
    11      C                 -0.165
    12      C                 -0.087
    13      C                 -0.200
    14      N                 -0.296
    15      C                  0.257
    16      O                 -0.176
    17      C                 -0.222
    18      N                 -0.074
    19      N                 -0.233
    20      C                  0.082
    21      N                 -0.249
    22      N                 -0.230
    23      C                  0.085
    24      C                 -0.182
    25      H                  0.203
    26      H                  0.097
    27      H                  0.090
    28      H                  0.111
    29      H                  0.079
    30      H                  0.082
    31      H                  0.080
    32      H                  0.081
    33      H                  0.077
    34      H                  0.079
    35      H                  0.080
    36      H                  0.082
    37      H                  0.098
    38      H                  0.075
    39      O                 -0.211
    40      H                  0.151
    41      H                  0.136
    42      H                  0.134
    43      H                  0.268
    44      H                  0.236
    45      H                  0.158
    46      C                 -0.077
    47      H                  0.074
    48      H                  0.105
    49      H                  0.075
 Total Mulliken Charge =      -0.000
 
                  X        Y        Z     TOTAL  
  QM DIPOLE    -0.076    1.430   -0.516    1.522
 
 Final Structure

  QMMM: QM Region Cartesian Coordinates (*=link atom) 
  QMMM: QM_NO.   MM_NO.  ATOM         X         Y         Z
  QMMM:     1        1      C        1.7427   29.2698    6.9554
  QMMM:     2        2      C       -1.6920   31.7699    8.3498
  QMMM:     3        3      C       -0.2231   26.3191    9.1065
  QMMM:     4        4      C       -1.1897   25.5434    9.9958
  QMMM:     5        5      C       -0.9622   24.0515    9.8004
  QMMM:     6        6      C       -1.8765   23.2425   10.6973
  QMMM:     7        7      C       -1.7151   23.6329   12.1521
  QMMM:     8        8      C       -1.9289   25.1199   12.3487
  QMMM:     9        9      C       -1.0124   25.9302   11.4561
  QMMM:    10       10      C        4.0995   25.4641    6.9486
  QMMM:    11       11      C        4.4331   25.0572    5.6443
  QMMM:    12       12      C        4.2586   25.9558    4.5995
  QMMM:    13       13      C        3.7535   27.2335    4.8269
  QMMM:    14       14      N        1.1011   28.2673    7.6827
  QMMM:    15       15      C       -0.0455   28.5835    8.3197
  QMMM:    16       16      O       -0.7402   27.6652    9.0575
  QMMM:    17       17      C       -0.6002   29.8908    8.2592
  QMMM:    18       18      N       -1.7380   30.5072    8.7982
  QMMM:    19       19      N       -0.5727   32.0428    7.5270
  QMMM:    20       20      C        0.1535   30.8497    7.4508
  QMMM:    21       21      N        1.3055   30.5722    6.7835
  QMMM:    22       22      N        2.9918   28.9713    6.3664
  QMMM:    23       23      C        3.4192   27.6414    6.1366
  QMMM:    24       24      C        3.6060   26.7458    7.2089
  QMMM:    25       25      H       -2.4303   32.5490    8.5737
  QMMM:    26       26      H       -0.2020   25.8960    8.0689
  QMMM:    27       27      H        0.8114   26.3294    9.5367
  QMMM:    28       28      H       -2.2420   25.7980    9.6847
  QMMM:    29       29      H        0.1074   23.8043   10.0307
  QMMM:    30       30      H       -1.1499   23.7786    8.7293
  QMMM:    31       31      H       -1.6488   22.1518   10.5730
  QMMM:    32       32      H       -2.9419   23.4025   10.3843
  QMMM:    33       33      H       -0.6863   23.3541   12.5016
  QMMM:    34       34      H       -2.4494   23.0614   12.7772
  QMMM:    35       35      H       -1.7393   25.3888   13.4203
  QMMM:    36       36      H       -2.9966   25.3778   12.1204
  QMMM:    37       37      H       -1.2315   27.0238   11.5729
  QMMM:    38       38      H        0.0536   25.7620   11.7619
  QMMM:    39       39      O        4.3093   24.5055    7.9224
  QMMM:    40       40      H        4.8235   24.0449    5.4731
  QMMM:    41       41      H        4.5174   25.6520    3.5735
  QMMM:    42       42      H        3.6213   27.9188    3.9765
  QMMM:    43       43      H       -0.3382   32.8972    7.0973
  QMMM:    44       44      H        3.2777   29.6183    5.6570
  QMMM:    45       45      H        3.3631   27.0533    8.2363
  QMMM:    46       46      C        3.9582   24.8680    9.2525
  QMMM:    47       47      H        2.8714   25.1201    9.3211
  QMMM:    48       48      H        4.1878   23.9442    9.8420
  QMMM:    49       49      H        4.5819   25.7251    9.6051

           --------- Calculation Completed ----------

