            --------------------------------------------------------
                             AMBER SQM VERSION 19
 
                                     By
              Ross C. Walker, Michael F. Crowley, Scott Brozell,
                         Tim Giese, Andreas W. Goetz,
                        Tai-Sung Lee and David A. Case
 
            --------------------------------------------------------
 

--------------------------------------------------------------------------------
  QM CALCULATION INFO
--------------------------------------------------------------------------------

| QMMM: Citation for AMBER QMMM Run:
| QMMM: R.C. Walker, M.F. Crowley and D.A. Case, J. COMP. CHEM. 29:1019, 2008

QMMM: SINGLET STATE CALCULATION
QMMM: RHF CALCULATION, NO. OF DOUBLY OCCUPIED LEVELS = 65

| QMMM: *** Selected Hamiltonian *** 
| QMMM: AM1         

| QMMM: *** Parameter sets in use ***
| QMMM: C : M.J.S.DEWAR et al. JACS, 107, 3902, (1985)
| QMMM: N : M.J.S.DEWAR et al. JACS, 107, 3902, (1985)
| QMMM: O : M.J.S.DEWAR et al. JACS, 107, 3902, (1985)
| QMMM: H : M.J.S.DEWAR et al. JACS, 107, 3902, (1985)

| QMMM: *** SCF convergence criteria ***
| QMMM: Energy change                :  0.1D-09 kcal/mol
| QMMM: Error matrix |FP-PF|         :  0.1D+00 au
| QMMM: Density matrix change        :  0.5D-06
| QMMM: Maximum number of SCF cycles :     1000

| QMMM: *** Diagonalization Routine Information ***
| QMMM: Pseudo diagonalizations are allowed.
| QMMM: Auto diagonalization routine selection is in use.
| QMMM:
| QMMM: Timing diagonalization routines:
| QMMM:                              norbs =      121
| QMMM:    diag iterations used for timing =       10
| QMMM:
| QMMM:              Internal diag routine = 0.023914 seconds
| QMMM:                 Dspev diag routine = 0.022829 seconds
| QMMM:                Dspevd diag routine = 0.015367 seconds
| QMMM:                Dspevx diag routine = 0.085076 seconds
| QMMM:                 Dsyev diag routine = 0.024433 seconds
| QMMM:                Dsyevd diag routine = 0.017998 seconds
| QMMM:                Dsyevr diag routine = 0.021890 seconds
| QMMM:
| QMMM:                Pseudo diag routine = 0.008283 seconds
| QMMM:
| QMMM: Using dspevd routine (diag_routine=3).

  QMMM: QM Region Cartesian Coordinates (*=link atom) 
  QMMM: QM_NO.   MM_NO.  ATOM         X         Y         Z
  QMMM:     1        1      C        1.4220   29.0340    6.7680
  QMMM:     2        2      C       -1.4500   32.1630    8.0080
  QMMM:     3        3      C       -0.5820   26.6250    8.9780
  QMMM:     4        4      C       -1.2500   25.7670   10.0810
  QMMM:     5        5      C       -1.3550   24.3310    9.5270
  QMMM:     6        6      C       -1.6530   23.2730   10.6030
  QMMM:     7        7      C       -0.7810   23.3430   11.8650
  QMMM:     8        8      C       -0.7120   24.7790   12.4320
  QMMM:     9        9      C       -0.3880   25.8600   11.3800
  QMMM:    10       10      C        4.7310   25.8460    5.4040
  QMMM:    11       11      C        4.6960   25.1440    6.6040
  QMMM:    12       12      C        3.9920   25.6480    7.6920
  QMMM:    13       13      C        3.2860   26.8460    7.5610
  QMMM:    14       14      N        0.4880   28.1800    7.4980
  QMMM:    15       15      C       -0.5680   28.6370    8.0860
  QMMM:    16       16      O       -1.3890   27.8080    8.7520
  QMMM:    17       17      C       -0.8370   30.0590    7.9870
  QMMM:    18       18      N       -1.8060   31.0220    8.4250
  QMMM:    19       19      N       -0.3370   32.0960    7.3180
  QMMM:    20       20      C        0.0120   30.8440    7.3110
  QMMM:    21       21      N        1.1720   30.2780    6.7090
  QMMM:    22       22      N        2.5230   28.7210    6.1570
  QMMM:    23       23      C        3.2740   27.5430    6.3430
  QMMM:    24       24      C        4.0340   27.0470    5.2840
  QMMM:    25       25      H       -1.9730   33.0850    8.1590
  QMMM:    26       26      H       -0.5400   26.0540    8.0430
  QMMM:    27       27      H        0.4530   26.7760    9.3120
  QMMM:    28       28      H       -2.2580   26.1250   10.2960
  QMMM:    29       29      H       -0.4090   24.0420    9.0630
  QMMM:    30       30      H       -2.1060   24.2820    8.7360
  QMMM:    31       31      H       -1.6090   22.2710   10.1760
  QMMM:    32       32      H       -2.6840   23.4220   10.9160
  QMMM:    33       33      H        0.2300   23.0140   11.6180
  QMMM:    34       34      H       -1.1520   22.6520   12.6230
  QMMM:    35       35      H       -0.0270   24.8110   13.2720
  QMMM:    36       36      H       -1.6870   25.0180   12.8620
  QMMM:    37       37      H       -0.4740   26.8530   11.8240
  QMMM:    38       38      H        0.6710   25.7290   11.1470
  QMMM:    39       39      H        5.2950   25.4770    4.5610
  QMMM:    40       40      O        5.3610   23.9510    6.7030
  QMMM:    41       41      H        3.9830   25.1110    8.6310
  QMMM:    42       42      H        2.7340   27.2220    8.4090
  QMMM:    43       43      H        0.0890   32.8950    6.8440
  QMMM:    44       44      H        2.9270   29.4480    5.5830
  QMMM:    45       45      H        4.0800   27.5870    4.3560
  QMMM:    46       46      H        5.9340   23.8460    5.9320

--------------------------------------------------------------------------------
  RESULTS
--------------------------------------------------------------------------------

      iter         sqm energy              rms gradient
      ----    -------------------    -----------------------
xmin    10       20.6598 kcal/mol        1.7023 kcal/(mol*A)
xmin    20       20.0484 kcal/mol        0.8888 kcal/(mol*A)
xmin    30       19.6058 kcal/mol        0.2026 kcal/(mol*A)
xmin    40       19.4859 kcal/mol        0.1161 kcal/(mol*A)
xmin    50       19.4532 kcal/mol        0.0819 kcal/(mol*A)
xmin    60       19.4470 kcal/mol        0.0353 kcal/(mol*A)
xmin    70       19.4440 kcal/mol        0.0289 kcal/(mol*A)
xmin    80       19.4433 kcal/mol        0.0216 kcal/(mol*A)
xmin    90       19.4430 kcal/mol        0.0071 kcal/(mol*A)
xmin   100       19.4429 kcal/mol        0.0047 kcal/(mol*A)
xmin   110       19.4429 kcal/mol        0.0026 kcal/(mol*A)
xmin   120       19.4429 kcal/mol        0.0030 kcal/(mol*A)
xmin   130       19.4429 kcal/mol        0.0016 kcal/(mol*A)
  ... geometry converged !
 
 Final MO eigenvalues (eV):
 -41.7111  -40.4467  -40.1210  -39.0932  -38.5238  -37.4366  -34.9419  -34.1074
 -32.6977  -32.4085  -31.7959  -31.5297  -29.9544  -28.4682  -26.7744  -24.5494
 -24.2040  -23.6355  -23.3366  -22.5922  -22.4643  -21.9452  -20.2619  -19.7760
 -19.4598  -19.0347  -18.2051  -17.3784  -17.0914  -16.9375  -16.6814  -16.4262
 -15.8729  -15.6828  -15.3477  -15.1604  -15.0350  -14.9452  -14.8901  -14.8388
 -14.6801  -14.4745  -14.1213  -14.0067  -13.5565  -13.4645  -13.0613  -13.0325
 -12.8664  -12.7376  -12.3862  -12.1115  -11.8165  -11.7554  -11.5965  -11.4055
 -11.1323  -10.9950  -10.9869  -10.8279  -10.4496  -10.1960   -9.9807   -9.1230
  -8.4738   -0.2542    0.2023    0.3029    0.3417    1.2183    1.4970    1.8884
   2.0460    2.5744    2.7548    2.9425    3.0302    3.1486    3.4544    3.5655
   3.6215    3.6803    3.7401    3.7702    3.7876    3.9588    4.0660    4.0794
   4.2131    4.2415    4.2771    4.3080    4.3903    4.4698    4.5502    4.5602
   4.6193    4.6526    4.7853    4.8278    4.8659    4.9551    5.0041    5.0620
   5.0676    5.0914    5.1472    5.2603    5.2853    5.3393    5.3772    5.4245
   5.4355    5.5474    5.8128    5.8918    6.1506    6.1695    6.2391    6.5031
   7.0036

 Heat of formation   =         19.44286727 kcal/mol  (        0.84310599 eV)

 Total SCF energy    =     -98422.07152259 kcal/mol  (    -4267.90128453 eV)
 Electronic energy   =    -722721.64771827 kcal/mol  (   -31339.56236582 eV)
 Core-core repulsion =     624299.57619568 kcal/mol  (    27071.66108129 eV)
 
    Atomic Charges for Step       1 :
  Atom    Element       Mulliken Charge
     1      C                  0.193
     2      C                 -0.067
     3      C                 -0.014
     4      C                 -0.111
     5      C                 -0.152
     6      C                 -0.153
     7      C                 -0.157
     8      C                 -0.155
     9      C                 -0.153
    10      C                 -0.202
    11      C                  0.074
    12      C                 -0.153
    13      C                 -0.067
    14      N                 -0.293
    15      C                  0.257
    16      O                 -0.177
    17      C                 -0.222
    18      N                 -0.073
    19      N                 -0.233
    20      C                  0.081
    21      N                 -0.250
    22      N                 -0.217
    23      C                  0.006
    24      C                 -0.123
    25      H                  0.203
    26      H                  0.096
    27      H                  0.094
    28      H                  0.110
    29      H                  0.081
    30      H                  0.081
    31      H                  0.079
    32      H                  0.081
    33      H                  0.078
    34      H                  0.078
    35      H                  0.080
    36      H                  0.082
    37      H                  0.098
    38      H                  0.077
    39      H                  0.135
    40      O                 -0.250
    41      H                  0.153
    42      H                  0.156
    43      H                  0.268
    44      H                  0.229
    45      H                  0.134
    46      H                  0.218
 Total Mulliken Charge =      -0.000
 
                  X        Y        Z     TOTAL  
  QM DIPOLE     0.399    1.060   -2.458    2.707
 
 Final Structure

  QMMM: QM Region Cartesian Coordinates (*=link atom) 
  QMMM: QM_NO.   MM_NO.  ATOM         X         Y         Z
  QMMM:     1        1      C        1.8782   29.2983    7.0182
  QMMM:     2        2      C       -1.7448   31.6614    8.1484
  QMMM:     3        3      C       -0.0333   26.3333    9.2042
  QMMM:     4        4      C       -1.0128   25.5411   10.0645
  QMMM:     5        5      C       -0.6932   24.0576    9.9526
  QMMM:     6        6      C       -1.6215   23.2370   10.8243
  QMMM:     7        7      C       -1.5781   23.6962   12.2673
  QMMM:     8        8      C       -1.8827   25.1759   12.3823
  QMMM:     9        9      C       -0.9531   25.9979   11.5142
  QMMM:    10       10      C        4.4683   26.0313    4.7490
  QMMM:    11       11      C        4.6733   25.1638    5.8293
  QMMM:    12       12      C        4.3611   25.5651    7.1379
  QMMM:    13       13      C        3.8460   26.8348    7.3624
  QMMM:    14       14      N        1.2528   28.2883    7.7495
  QMMM:    15       15      C        0.0604   28.5659    8.3169
  QMMM:    16       16      O       -0.6271   27.6397    9.0508
  QMMM:    17       17      C       -0.5562   29.8400    8.1801
  QMMM:    18       18      N       -1.7498   30.4137    8.6394
  QMMM:    19       19      N       -0.6001   31.9645    7.3727
  QMMM:    20       20      C        0.1882   30.8089    7.3758
  QMMM:    21       21      N        1.3847   30.5682    6.7757
  QMMM:    22       22      N        3.1779   29.0457    6.5163
  QMMM:    23       23      C        3.6265   27.7205    6.2851
  QMMM:    24       24      C        3.9425   27.2980    4.9764
  QMMM:    25       25      H       -2.5319   32.4079    8.3073
  QMMM:    26       26      H        0.0867   25.8634    8.1940
  QMMM:    27       27      H        0.9646   26.4324    9.7029
  QMMM:    28       28      H       -2.0547   25.7221    9.6762
  QMMM:    29       29      H        0.3699   23.8807   10.2634
  QMMM:    30       30      H       -0.7934   23.7297    8.8851
  QMMM:    31       31      H       -1.3289   22.1564   10.7645
  QMMM:    32       32      H       -2.6707   23.3245   10.4366
  QMMM:    33       33      H       -0.5613   23.4901   12.6941
  QMMM:    34       34      H       -2.3210   23.1113   12.8694
  QMMM:    35       35      H       -1.7787   25.4994   13.4505
  QMMM:    36       36      H       -2.9450   25.3643   12.0750
  QMMM:    37       37      H       -1.2368   27.0815   11.5671
  QMMM:    38       38      H        0.0979   25.9021   11.8944
  QMMM:    39       39      H        4.7161   25.7133    3.7265
  QMMM:    40       40      O        5.1840   23.8947    5.6795
  QMMM:    41       41      H        4.5321   24.8703    7.9725
  QMMM:    42       42      H        3.6075   27.1437    8.3927
  QMMM:    43       43      H       -0.3866   32.8154    6.9255
  QMMM:    44       44      H        3.4745   29.6963    5.8140
  QMMM:    45       45      H        3.7820   27.9696    4.1184
  QMMM:    46       46      H        5.3466   23.7486    4.7363

           --------- Calculation Completed ----------

