            --------------------------------------------------------
                             AMBER SQM VERSION 19
 
                                     By
              Ross C. Walker, Michael F. Crowley, Scott Brozell,
                         Tim Giese, Andreas W. Goetz,
                        Tai-Sung Lee and David A. Case
 
            --------------------------------------------------------
 

--------------------------------------------------------------------------------
  QM CALCULATION INFO
--------------------------------------------------------------------------------

| QMMM: Citation for AMBER QMMM Run:
| QMMM: R.C. Walker, M.F. Crowley and D.A. Case, J. COMP. CHEM. 29:1019, 2008

QMMM: SINGLET STATE CALCULATION
QMMM: RHF CALCULATION, NO. OF DOUBLY OCCUPIED LEVELS = 80

| QMMM: *** Selected Hamiltonian *** 
| QMMM: AM1         

| QMMM: *** Parameter sets in use ***
| QMMM: C : M.J.S.DEWAR et al. JACS, 107, 3902, (1985)
| QMMM: N : M.J.S.DEWAR et al. JACS, 107, 3902, (1985)
| QMMM: O : M.J.S.DEWAR et al. JACS, 107, 3902, (1985)
| QMMM: H : M.J.S.DEWAR et al. JACS, 107, 3902, (1985)
| QMMM: S : M.J.S.DEWAR et al. INORG. CHEM., 29, 3881, (1990)

| QMMM: *** SCF convergence criteria ***
| QMMM: Energy change                :  0.1D-09 kcal/mol
| QMMM: Error matrix |FP-PF|         :  0.1D+00 au
| QMMM: Density matrix change        :  0.5D-06
| QMMM: Maximum number of SCF cycles :     1000

| QMMM: *** Diagonalization Routine Information ***
| QMMM: Pseudo diagonalizations are allowed.
| QMMM: Auto diagonalization routine selection is in use.
| QMMM:
| QMMM: Timing diagonalization routines:
| QMMM:                              norbs =      144
| QMMM:    diag iterations used for timing =       10
| QMMM:
| QMMM:              Internal diag routine = 0.038212 seconds
| QMMM:                 Dspev diag routine = 0.035297 seconds
| QMMM:                Dspevd diag routine = 0.023607 seconds
| QMMM:                Dspevx diag routine = 0.126449 seconds
| QMMM:                 Dsyev diag routine = 0.038440 seconds
| QMMM:                Dsyevd diag routine = 0.027114 seconds
| QMMM:                Dsyevr diag routine = 0.032074 seconds
| QMMM:
| QMMM:                Pseudo diag routine = 0.013338 seconds
| QMMM:
| QMMM: Using dspevd routine (diag_routine=3).

  QMMM: QM Region Cartesian Coordinates (*=link atom) 
  QMMM: QM_NO.   MM_NO.  ATOM         X         Y         Z
  QMMM:     1        1      C        1.4220   29.0340    6.7680
  QMMM:     2        2      C       -1.4500   32.1630    8.0080
  QMMM:     3        3      C       -0.5820   26.6250    8.9780
  QMMM:     4        4      C       -1.2500   25.7670   10.0810
  QMMM:     5        5      C       -1.3550   24.3310    9.5270
  QMMM:     6        6      C       -1.6530   23.2730   10.6030
  QMMM:     7        7      C       -0.7810   23.3430   11.8650
  QMMM:     8        8      C       -0.7120   24.7790   12.4320
  QMMM:     9        9      C       -0.3880   25.8600   11.3800
  QMMM:    10       10      C        4.5750   25.6590    5.7240
  QMMM:    11       11      C        4.5410   25.1340    7.0250
  QMMM:    12       12      C        3.9570   25.8660    8.0590
  QMMM:    13       13      C        3.3290   27.0750    7.7780
  QMMM:    14       14      N        0.4880   28.1800    7.4980
  QMMM:    15       15      C       -0.5680   28.6370    8.0860
  QMMM:    16       16      O       -1.3890   27.8080    8.7520
  QMMM:    17       17      C       -0.8370   30.0590    7.9870
  QMMM:    18       18      N       -1.8060   31.0220    8.4250
  QMMM:    19       19      N       -0.3370   32.0960    7.3180
  QMMM:    20       20      C        0.0120   30.8440    7.3110
  QMMM:    21       21      N        1.1720   30.2780    6.7090
  QMMM:    22       22      N        2.5230   28.7210    6.1570
  QMMM:    23       23      C        3.2670   27.5740    6.4730
  QMMM:    24       24      C        3.9360   26.8850    5.4680
  QMMM:    25       25      H       -1.9740   33.0850    8.1590
  QMMM:    26       26      H       -0.5410   26.0540    8.0430
  QMMM:    27       27      H        0.4540   26.7760    9.3110
  QMMM:    28       28      H       -2.2580   26.1250   10.2960
  QMMM:    29       29      H       -0.4100   24.0420    9.0630
  QMMM:    30       30      H       -2.1060   24.2820    8.7360
  QMMM:    31       31      H       -1.6090   22.2710   10.1760
  QMMM:    32       32      H       -2.6840   23.4220   10.9160
  QMMM:    33       33      H        0.2300   23.0140   11.6180
  QMMM:    34       34      H       -1.1520   22.6520   12.6230
  QMMM:    35       35      H       -0.0270   24.8110   13.2720
  QMMM:    36       36      H       -1.6870   25.0180   12.8620
  QMMM:    37       37      H       -0.4740   26.8530   11.8240
  QMMM:    38       38      H        0.6710   25.7290   11.1480
  QMMM:    39       39      H        2.8360   27.6040    8.5770
  QMMM:    40       40      H        0.0890   32.8950    6.8440
  QMMM:    41       41      H        3.0010   29.4770    5.6870
  QMMM:    42       42      H        3.9200   27.3080    4.4790
  QMMM:    43       43      S        5.2470   23.5330    7.3910
  QMMM:    44       44      O        6.5940   23.7480    7.9160
  QMMM:    45       45      O        5.0200   22.6430    6.2500
  QMMM:    46       46      H        3.3360   22.8930    8.4740
  QMMM:    47       47      N        4.3330   22.8520    8.6710
  QMMM:    48       48      H        4.5490   23.2870    9.5960
  QMMM:    49       49      O        3.9530   25.3950    9.3390
  QMMM:    50       50      C        3.2920   26.3700   10.1140
  QMMM:    51       51      H        3.2570   26.0380   11.1810
  QMMM:    52       52      H        3.8450   27.3400   10.0430
  QMMM:    53       53      H        2.2490   26.5060    9.7310
  QMMM:    54       54      H        5.0860   25.1230    4.9380

--------------------------------------------------------------------------------
  RESULTS
--------------------------------------------------------------------------------

      iter         sqm energy              rms gradient
      ----    -------------------    -----------------------
xmin    10      -41.3445 kcal/mol        0.7943 kcal/(mol*A)
xmin    20      -43.0164 kcal/mol        0.6792 kcal/(mol*A)
xmin    30      -43.7797 kcal/mol        0.8975 kcal/(mol*A)
xmin    40      -44.2093 kcal/mol        0.1879 kcal/(mol*A)
xmin    50      -44.3441 kcal/mol        0.2161 kcal/(mol*A)
xmin    60      -44.4826 kcal/mol        0.1095 kcal/(mol*A)
xmin    70      -44.5092 kcal/mol        0.1402 kcal/(mol*A)
xmin    80      -44.5265 kcal/mol        0.0175 kcal/(mol*A)
xmin    90      -44.5313 kcal/mol        0.0089 kcal/(mol*A)
xmin   100      -44.5320 kcal/mol        0.0095 kcal/(mol*A)
xmin   110      -44.5322 kcal/mol        0.0033 kcal/(mol*A)
xmin   120      -44.5322 kcal/mol        0.0020 kcal/(mol*A)
xmin   130      -44.5322 kcal/mol        0.0008 kcal/(mol*A)
xmin   130      -44.5322 kcal/mol        0.0005 kcal/(mol*A)
  ... geometry converged !
 
 Final MO eigenvalues (eV):
 -42.0393  -41.0484  -40.4280  -39.5937  -38.9635  -38.0973  -37.3107  -36.6740
 -35.7764  -34.4602  -34.4272  -32.9787  -32.7439  -31.7703  -31.4199  -31.2368
 -29.4615  -28.1374  -27.1064  -25.1197  -24.7552  -23.6123  -23.5201  -23.0205
 -22.7550  -22.2429  -20.6584  -20.5181  -20.2652  -19.7740  -19.4022  -18.7276
 -18.3737  -18.0284  -17.6009  -17.4517  -17.2919  -17.0388  -16.8779  -16.7380
 -16.5593  -16.1836  -15.9678  -15.4552  -15.4131  -15.2813  -15.1915  -15.1292
 -15.0829  -15.0427  -14.5593  -14.3923  -14.2015  -13.8915  -13.7132  -13.3970
 -13.2754  -13.1920  -13.1129  -12.9601  -12.8580  -12.7034  -12.4632  -12.3988
 -12.3156  -12.0596  -12.0397  -12.0015  -11.8810  -11.8188  -11.5152  -11.4435
 -11.3685  -11.2333  -11.1087  -10.7917  -10.5564   -9.9700   -9.6613   -8.8423
  -0.7996   -0.2678   -0.0254    0.1181    0.1528    0.7828    1.2175    1.4722
   1.6534    1.9066    2.1090    2.3821    2.6514    2.7320    2.7423    3.1125
   3.2403    3.2834    3.3664    3.4495    3.5003    3.5339    3.5488    3.6460
   3.7010    3.7060    3.7946    3.8246    3.9172    3.9626    4.0207    4.0247
   4.0606    4.1131    4.1862    4.2187    4.2820    4.3044    4.3613    4.4042
   4.4451    4.5801    4.6409    4.7142    4.7619    4.8259    4.8366    4.8411
   4.8717    5.0505    5.0768    5.0841    5.1161    5.1739    5.1888    5.2113
   5.4438    5.5321    5.7270    5.8085    5.8445    5.9016    6.1972    6.6349


 Heat of formation   =        -44.53220531 kcal/mol  (       -1.93106133 eV)

 Total SCF energy    =    -126354.73575528 kcal/mol  (    -5479.15249795 eV)
 Electronic energy   =   -1013909.76141903 kcal/mol  (   -43966.42649577 eV)
 Core-core repulsion =     887555.02566376 kcal/mol  (    38487.27399782 eV)
 
    Atomic Charges for Step       1 :
  Atom    Element       Mulliken Charge
     1      C                  0.210
     2      C                 -0.061
     3      C                 -0.013
     4      C                 -0.112
     5      C                 -0.151
     6      C                 -0.154
     7      C                 -0.157
     8      C                 -0.155
     9      C                 -0.153
    10      C                  0.022
    11      C                 -0.868
    12      C                  0.209
    13      C                 -0.232
    14      N                 -0.302
    15      C                  0.259
    16      O                 -0.174
    17      C                 -0.218
    18      N                 -0.073
    19      N                 -0.230
    20      C                  0.082
    21      N                 -0.243
    22      N                 -0.252
    23      C                  0.171
    24      C                 -0.233
    25      H                  0.206
    26      H                  0.097
    27      H                  0.088
    28      H                  0.113
    29      H                  0.078
    30      H                  0.082
    31      H                  0.080
    32      H                  0.083
    33      H                  0.077
    34      H                  0.081
    35      H                  0.081
    36      H                  0.083
    37      H                  0.098
    38      H                  0.074
    39      H                  0.164
    40      H                  0.270
    41      H                  0.254
    42      H                  0.143
    43      S                  2.879
    44      O                 -0.930
    45      O                 -0.955
    46      H                  0.243
    47      N                 -0.949
    48      H                  0.246
    49      O                 -0.234
    50      C                 -0.070
    51      H                  0.112
    52      H                  0.089
    53      H                  0.075
    54      H                  0.169
 Total Mulliken Charge =       0.000
 
                  X        Y        Z     TOTAL  
  QM DIPOLE    -5.642    3.256    1.199    6.624
 
 Final Structure

  QMMM: QM Region Cartesian Coordinates (*=link atom) 
  QMMM: QM_NO.   MM_NO.  ATOM         X         Y         Z
  QMMM:     1        1      C        1.6121   29.2252    6.9626
  QMMM:     2        2      C       -1.9752   31.7035    7.9449
  QMMM:     3        3      C       -0.3459   26.4189    9.3077
  QMMM:     4        4      C       -1.3277   25.6985   10.2264
  QMMM:     5        5      C       -1.0554   24.2021   10.1773
  QMMM:     6        6      C       -1.9872   23.4523   11.1073
  QMMM:     7        7      C       -1.8964   23.9768   12.5256
  QMMM:     8        8      C       -2.1536   25.4689   12.5772
  QMMM:     9        9      C       -1.2205   26.2205   11.6510
  QMMM:    10       10      C        4.8952   25.9792    5.4401
  QMMM:    11       11      C        4.9982   25.2404    6.6281
  QMMM:    12       12      C        4.3230   25.7520    7.7531
  QMMM:    13       13      C        3.6048   26.9533    7.7176
  QMMM:    14       14      N        0.9763   28.2730    7.7570
  QMMM:    15       15      C       -0.2120   28.6016    8.3079
  QMMM:    16       16      O       -0.9055   27.7333    9.1034
  QMMM:    17       17      C       -0.8111   29.8719    8.0908
  QMMM:    18       18      N       -1.9967   30.4890    8.5130
  QMMM:    19       19      N       -0.8272   31.9422    7.1516
  QMMM:    20       20      C       -0.0542   30.7794    7.2276
  QMMM:    21       21      N        1.1419   30.4885    6.6487
  QMMM:    22       22      N        2.8711   28.9112    6.4126
  QMMM:    23       23      C        3.5142   27.6695    6.5102
  QMMM:    24       24      C        4.1800   27.1600    5.3628
  QMMM:    25       25      H       -2.7525   32.4692    8.0567
  QMMM:    26       26      H       -0.2617   25.8984    8.3188
  QMMM:    27       27      H        0.6662   26.5115    9.7796
  QMMM:    28       28      H       -2.3726   25.8933    9.8529
  QMMM:    29       29      H        0.0089   24.0067   10.4724
  QMMM:    30       30      H       -1.1910   23.8282    9.1290
  QMMM:    31       31      H       -1.7285   22.3616   11.0922
  QMMM:    32       32      H       -3.0420   23.5540   10.7389
  QMMM:    33       33      H       -0.8770   23.7588   12.9399
  QMMM:    34       34      H       -2.6427   23.4440   13.1705
  QMMM:    35       35      H       -2.0150   25.8385   13.6264
  QMMM:    36       36      H       -3.2167   25.6758   12.2848
  QMMM:    37       37      H       -1.4707   27.3136   11.6589
  QMMM:    38       38      H       -0.1644   26.1102   12.0126
  QMMM:    39       39      H        3.1206   27.3282    8.6306
  QMMM:    40       40      H       -0.6020   32.7613    6.6527
  QMMM:    41       41      H        3.1568   29.4834    5.6430
  QMMM:    42       42      H        4.1327   27.7003    4.4050
  QMMM:    43       43      S        5.9569   23.8428    6.6378
  QMMM:    44       44      O        7.0186   24.0223    7.5421
  QMMM:    45       45      O        6.3249   23.5580    5.3001
  QMMM:    46       46      H        4.5783   22.0085    6.5654
  QMMM:    47       47      N        4.9593   22.7059    7.1532
  QMMM:    48       48      H        4.6272   22.6554    8.0837
  QMMM:    49       49      O        4.3996   24.9694    8.8867
  QMMM:    50       50      C        4.0115   25.5729   10.1187
  QMMM:    51       51      H        4.3144   24.8122   10.8829
  QMMM:    52       52      H        4.5562   26.5340   10.2794
  QMMM:    53       53      H        2.9055   25.7342   10.1358
  QMMM:    54       54      H        5.4053   25.5953    4.5348

           --------- Calculation Completed ----------

