            --------------------------------------------------------
                             AMBER SQM VERSION 19
 
                                     By
              Ross C. Walker, Michael F. Crowley, Scott Brozell,
                         Tim Giese, Andreas W. Goetz,
                        Tai-Sung Lee and David A. Case
 
            --------------------------------------------------------
 

--------------------------------------------------------------------------------
  QM CALCULATION INFO
--------------------------------------------------------------------------------

| QMMM: Citation for AMBER QMMM Run:
| QMMM: R.C. Walker, M.F. Crowley and D.A. Case, J. COMP. CHEM. 29:1019, 2008

QMMM: SINGLET STATE CALCULATION
QMMM: RHF CALCULATION, NO. OF DOUBLY OCCUPIED LEVELS = 68

| QMMM: *** Selected Hamiltonian *** 
| QMMM: AM1         

| QMMM: *** Parameter sets in use ***
| QMMM: C : M.J.S.DEWAR et al. JACS, 107, 3902, (1985)
| QMMM: N : M.J.S.DEWAR et al. JACS, 107, 3902, (1985)
| QMMM: O : M.J.S.DEWAR et al. JACS, 107, 3902, (1985)
| QMMM: H : M.J.S.DEWAR et al. JACS, 107, 3902, (1985)
| QMMM: S : M.J.S.DEWAR et al. INORG. CHEM., 29, 3881, (1990)

| QMMM: *** SCF convergence criteria ***
| QMMM: Energy change                :  0.1D-09 kcal/mol
| QMMM: Error matrix |FP-PF|         :  0.1D+00 au
| QMMM: Density matrix change        :  0.5D-06
| QMMM: Maximum number of SCF cycles :     1000

| QMMM: *** Diagonalization Routine Information ***
| QMMM: Pseudo diagonalizations are allowed.
| QMMM: Auto diagonalization routine selection is in use.
| QMMM:
| QMMM: Timing diagonalization routines:
| QMMM:                              norbs =      127
| QMMM:    diag iterations used for timing =       10
| QMMM:
| QMMM:              Internal diag routine = 0.026851 seconds
| QMMM:                 Dspev diag routine = 0.025644 seconds
| QMMM:                Dspevd diag routine = 0.017503 seconds
| QMMM:                Dspevx diag routine = 0.095188 seconds
| QMMM:                 Dsyev diag routine = 0.027747 seconds
| QMMM:                Dsyevd diag routine = 0.020393 seconds
| QMMM:                Dsyevr diag routine = 0.024511 seconds
| QMMM:
| QMMM:                Pseudo diag routine = 0.009561 seconds
| QMMM:
| QMMM: Using dspevd routine (diag_routine=3).

  QMMM: QM Region Cartesian Coordinates (*=link atom) 
  QMMM: QM_NO.   MM_NO.  ATOM         X         Y         Z
  QMMM:     1        1      C        1.4220   29.0340    6.7680
  QMMM:     2        2      C       -1.4500   32.1630    8.0080
  QMMM:     3        3      C       -0.5820   26.6250    8.9780
  QMMM:     4        4      C       -1.2500   25.7670   10.0810
  QMMM:     5        5      C       -1.3550   24.3310    9.5270
  QMMM:     6        6      C       -1.6530   23.2730   10.6030
  QMMM:     7        7      C       -0.7810   23.3430   11.8650
  QMMM:     8        8      C       -0.7120   24.7790   12.4320
  QMMM:     9        9      C       -0.3880   25.8600   11.3800
  QMMM:    10       10      C        4.5640   25.7180    5.8740
  QMMM:    11       11      C        4.5690   25.2990    7.2080
  QMMM:    12       12      C        3.8860   26.0330    8.1730
  QMMM:    13       13      C        3.2070   27.2040    7.8470
  QMMM:    14       14      N        0.4880   28.1800    7.4980
  QMMM:    15       15      C       -0.5680   28.6370    8.0860
  QMMM:    16       16      O       -1.3890   27.8080    8.7520
  QMMM:    17       17      C       -0.8370   30.0590    7.9870
  QMMM:    18       18      N       -1.8060   31.0220    8.4250
  QMMM:    19       19      N       -0.3370   32.0960    7.3180
  QMMM:    20       20      C        0.0120   30.8440    7.3110
  QMMM:    21       21      N        1.1720   30.2780    6.7090
  QMMM:    22       22      N        2.5230   28.7210    6.1570
  QMMM:    23       23      C        3.1980   27.6080    6.5180
  QMMM:    24       24      C        3.8670   26.8690    5.5460
  QMMM:    25       25      H       -2.0470   33.0330    8.2390
  QMMM:    26       26      H       -0.5190   26.0460    8.0560
  QMMM:    27       27      H        0.4150   26.9220    9.3030
  QMMM:    28       28      H       -2.2500   26.1520   10.2820
  QMMM:    29       29      H       -0.4300   24.0730    9.0120
  QMMM:    30       30      H       -2.1290   24.2950    8.7600
  QMMM:    31       31      H       -1.5700   22.2790   10.1620
  QMMM:    32       32      H       -2.7040   23.3340   10.8870
  QMMM:    33       33      H        0.2260   22.9970   11.6300
  QMMM:    34       34      H       -1.1850   22.6730   12.6230
  QMMM:    35       35      H        0.0300   24.8180   13.2290
  QMMM:    36       36      H       -1.6570   25.0210   12.9190
  QMMM:    37       37      H       -0.5110   26.8460   11.8260
  QMMM:    38       38      H        0.6680   25.8030   11.1170
  QMMM:    39       39      H        5.1040   24.4050    7.4910
  QMMM:    40       40      S        3.8690   25.4970    9.8080
  QMMM:    41       41      H        2.7060   27.7700    8.6180
  QMMM:    42       42      H        0.0640   32.9350    6.9240
  QMMM:    43       43      H        2.8730   29.3100    5.4140
  QMMM:    44       44      H        3.8350   27.2080    4.5220
  QMMM:    45       45      H        5.0960   25.1470    5.1270
  QMMM:    46       46      C        2.8800   26.6380   10.8070
  QMMM:    47       47      H        2.8690   26.2890   11.8700
  QMMM:    48       48      H        3.3260   27.6620   10.7550
  QMMM:    49       49      H        1.8330   26.6660   10.4130

--------------------------------------------------------------------------------
  RESULTS
--------------------------------------------------------------------------------

      iter         sqm energy              rms gradient
      ----    -------------------    -----------------------
xmin    10       65.1546 kcal/mol        0.7153 kcal/(mol*A)
xmin    20       63.6120 kcal/mol        0.3594 kcal/(mol*A)
xmin    30       63.2223 kcal/mol        0.3842 kcal/(mol*A)
xmin    40       62.8589 kcal/mol        0.1586 kcal/(mol*A)
xmin    50       62.7158 kcal/mol        0.1022 kcal/(mol*A)
xmin    60       62.6358 kcal/mol        0.2575 kcal/(mol*A)
xmin    70       62.5851 kcal/mol        0.1271 kcal/(mol*A)
xmin    80       62.5525 kcal/mol        0.1042 kcal/(mol*A)
xmin    90       62.5188 kcal/mol        0.2069 kcal/(mol*A)
xmin   100       62.5100 kcal/mol        0.0201 kcal/(mol*A)
xmin   110       62.5080 kcal/mol        0.0220 kcal/(mol*A)
xmin   120       62.5068 kcal/mol        0.0311 kcal/(mol*A)
xmin   130       62.5060 kcal/mol        0.0269 kcal/(mol*A)
xmin   140       62.5056 kcal/mol        0.0047 kcal/(mol*A)
xmin   150       62.5050 kcal/mol        0.0073 kcal/(mol*A)
xmin   160       62.5048 kcal/mol        0.0027 kcal/(mol*A)
xmin   170       62.5048 kcal/mol        0.0065 kcal/(mol*A)
xmin   180       62.5047 kcal/mol        0.0033 kcal/(mol*A)
xmin   190       62.5047 kcal/mol        0.0007 kcal/(mol*A)
xmin   200       62.5047 kcal/mol        0.0055 kcal/(mol*A)
  ... geometry converged !
 
 Final MO eigenvalues (eV):
 -41.7572  -40.2139  -39.9598  -38.9262  -38.1133  -35.5522  -34.1777  -32.7698
 -32.4727  -32.0532  -31.5881  -30.7370  -29.8756  -28.8254  -26.8519  -24.6037
 -24.2898  -23.8522  -23.3961  -22.5446  -22.5022  -22.0022  -20.3241  -19.9581
 -19.4331  -18.7588  -17.6835  -17.2489  -17.1716  -16.9924  -16.5771  -16.3504
 -15.9553  -15.7829  -15.7254  -15.2926  -15.1025  -14.9659  -14.9490  -14.9243
 -14.8604  -14.6780  -14.2934  -14.1355  -13.6212  -13.5385  -13.4596  -13.1363
 -13.0893  -12.9261  -12.7583  -12.4973  -12.2480  -11.8744  -11.8117  -11.6529
 -11.5751  -11.3239  -11.1903  -11.1790  -11.0509  -10.9212  -10.6016  -10.4916
 -10.2523   -9.5204   -8.6093   -8.1729   -0.3117    0.1393    0.2534    0.3961
   0.6240    1.1593    1.4588    1.5236    1.8459    2.0006    2.5387    2.7402
   2.9855    3.0921    3.4103    3.4942    3.6802    3.7090    3.7352    3.7751
   3.8127    3.8217    3.9154    3.9548    4.0153    4.1268    4.1513    4.2112
   4.2465    4.3252    4.3762    4.4069    4.4760    4.4923    4.5153    4.5604
   4.5936    4.7620    4.7769    4.8125    4.9492    5.0087    5.0158    5.0320
   5.1877    5.2073    5.2296    5.2851    5.3322    5.3647    5.3753    5.4363
   5.4810    5.8106    5.9535    6.1155    6.1553    6.4571    6.9531

 Heat of formation   =         62.50468290 kcal/mol  (        2.71040644 eV)

 Total SCF energy    =     -99104.66881053 kcal/mol  (    -4297.50092409 eV)
 Electronic energy   =    -778193.31390320 kcal/mol  (   -33744.99431522 eV)
 Core-core repulsion =     679088.64509267 kcal/mol  (    29447.49339112 eV)
 
    Atomic Charges for Step       1 :
  Atom    Element       Mulliken Charge
     1      C                  0.198
     2      C                 -0.066
     3      C                 -0.013
     4      C                 -0.112
     5      C                 -0.152
     6      C                 -0.154
     7      C                 -0.157
     8      C                 -0.155
     9      C                 -0.153
    10      C                 -0.101
    11      C                 -0.131
    12      C                 -0.220
    13      C                 -0.121
    14      N                 -0.295
    15      C                  0.256
    16      O                 -0.176
    17      C                 -0.222
    18      N                 -0.074
    19      N                 -0.233
    20      C                  0.082
    21      N                 -0.249
    22      N                 -0.227
    23      C                  0.065
    24      C                 -0.175
    25      H                  0.203
    26      H                  0.098
    27      H                  0.089
    28      H                  0.111
    29      H                  0.079
    30      H                  0.083
    31      H                  0.080
    32      H                  0.081
    33      H                  0.077
    34      H                  0.079
    35      H                  0.080
    36      H                  0.082
    37      H                  0.098
    38      H                  0.075
    39      H                  0.144
    40      S                  0.240
    41      H                  0.152
    42      H                  0.268
    43      H                  0.234
    44      H                  0.134
    45      H                  0.135
    46      C                 -0.370
    47      H                  0.121
    48      H                  0.105
    49      H                  0.104
 Total Mulliken Charge =       0.000
 
                  X        Y        Z     TOTAL  
  QM DIPOLE    -0.115    1.374   -0.751    1.571
 
 Final Structure

  QMMM: QM Region Cartesian Coordinates (*=link atom) 
  QMMM: QM_NO.   MM_NO.  ATOM         X         Y         Z
  QMMM:     1        1      C        1.6605   29.4226    7.0795
  QMMM:     2        2      C       -2.1173   31.6472    7.9572
  QMMM:     3        3      C       -0.2080   26.4498    9.2886
  QMMM:     4        4      C       -1.1825   25.6413   10.1392
  QMMM:     5        5      C       -0.7813   24.1739   10.1009
  QMMM:     6        6      C       -1.7010   23.3384   10.9674
  QMMM:     7        7      C       -1.7441   23.8551   12.3909
  QMMM:     8        8      C       -2.1315   25.3191   12.4322
  QMMM:     9        9      C       -1.2103   26.1566   11.5700
  QMMM:    10       10      C        4.6304   26.2198    5.1666
  QMMM:    11       11      C        4.8036   25.4205    6.2900
  QMMM:    12       12      C        4.3512   25.8622    7.5418
  QMMM:    13       13      C        3.7296   27.1062    7.6562
  QMMM:    14       14      N        1.0526   28.4139    7.8270
  QMMM:    15       15      C       -0.1757   28.6544    8.3311
  QMMM:    16       16      O       -0.8485   27.7248    9.0749
  QMMM:    17       17      C       -0.8457   29.8896    8.1157
  QMMM:    18       18      N       -2.0843   30.4216    8.5001
  QMMM:    19       19      N       -0.9553   31.9753    7.2180
  QMMM:    20       20      C       -0.1137   30.8612    7.3028
  QMMM:    21       21      N        1.1182   30.6567    6.7644
  QMMM:    22       22      N        2.9853   29.2140    6.6318
  QMMM:    23       23      C        3.5408   27.9159    6.5183
  QMMM:    24       24      C        4.0010   27.4580    5.2649
  QMMM:    25       25      H       -2.9454   32.3597    8.0512
  QMMM:    26       26      H       -0.0317   25.9558    8.2983
  QMMM:    27       27      H        0.7669   26.6051    9.8186
  QMMM:    28       28      H       -2.2142   25.7514    9.7004
  QMMM:    29       29      H        0.2759   24.0672   10.4605
  QMMM:    30       30      H       -0.8190   23.8001    9.0445
  QMMM:    31       31      H       -1.3489   22.2739   10.9641
  QMMM:    32       32      H       -2.7357   23.3529   10.5341
  QMMM:    33       33      H       -0.7372   23.7216   12.8671
  QMMM:    34       34      H       -2.4801   23.2542   12.9857
  QMMM:    35       35      H       -2.0914   25.6892   13.4896
  QMMM:    36       36      H       -3.1880   25.4369   12.0738
  QMMM:    37       37      H       -1.5532   27.2243   11.5666
  QMMM:    38       38      H       -0.1733   26.1335   11.9970
  QMMM:    39       39      H        5.2960   24.4397    6.2025
  QMMM:    40       40      S        4.6296   24.7946    8.8291
  QMMM:    41       41      H        3.3836   27.4567    8.6416
  QMMM:    42       42      H       -0.7642   32.8163    6.7428
  QMMM:    43       43      H        3.2758   29.8420    5.9070
  QMMM:    44       44      H        3.8711   28.0717    4.3608
  QMMM:    45       45      H        4.9887   25.8704    4.1862
  QMMM:    46       46      C        3.9572   25.5574   10.2517
  QMMM:    47       47      H        4.1359   24.8354   11.0836
  QMMM:    48       48      H        4.4574   26.5210   10.4973
  QMMM:    49       49      H        2.8624   25.7411   10.1613

           --------- Calculation Completed ----------

