            --------------------------------------------------------
                             AMBER SQM VERSION 19
 
                                     By
              Ross C. Walker, Michael F. Crowley, Scott Brozell,
                         Tim Giese, Andreas W. Goetz,
                        Tai-Sung Lee and David A. Case
 
            --------------------------------------------------------
 

--------------------------------------------------------------------------------
  QM CALCULATION INFO
--------------------------------------------------------------------------------

| QMMM: Citation for AMBER QMMM Run:
| QMMM: R.C. Walker, M.F. Crowley and D.A. Case, J. COMP. CHEM. 29:1019, 2008

QMMM: SINGLET STATE CALCULATION
QMMM: RHF CALCULATION, NO. OF DOUBLY OCCUPIED LEVELS = 68

| QMMM: *** Selected Hamiltonian *** 
| QMMM: AM1         

| QMMM: *** Parameter sets in use ***
| QMMM: C : M.J.S.DEWAR et al. JACS, 107, 3902, (1985)
| QMMM: N : M.J.S.DEWAR et al. JACS, 107, 3902, (1985)
| QMMM: O : M.J.S.DEWAR et al. JACS, 107, 3902, (1985)
| QMMM: H : M.J.S.DEWAR et al. JACS, 107, 3902, (1985)

| QMMM: *** SCF convergence criteria ***
| QMMM: Energy change                :  0.1D-09 kcal/mol
| QMMM: Error matrix |FP-PF|         :  0.1D+00 au
| QMMM: Density matrix change        :  0.5D-06
| QMMM: Maximum number of SCF cycles :     1000

| QMMM: *** Diagonalization Routine Information ***
| QMMM: Pseudo diagonalizations are allowed.
| QMMM: Auto diagonalization routine selection is in use.
| QMMM:
| QMMM: Timing diagonalization routines:
| QMMM:                              norbs =      127
| QMMM:    diag iterations used for timing =       10
| QMMM:
| QMMM:              Internal diag routine = 0.028486 seconds
| QMMM:                 Dspev diag routine = 0.023933 seconds
| QMMM:                Dspevd diag routine = 0.013889 seconds
| QMMM:                Dspevx diag routine = 0.079053 seconds
| QMMM:                 Dsyev diag routine = 0.022623 seconds
| QMMM:                Dsyevd diag routine = 0.017030 seconds
| QMMM:                Dsyevr diag routine = 0.020362 seconds
| QMMM:
| QMMM:                Pseudo diag routine = 0.007610 seconds
| QMMM:
| QMMM: Using dspevd routine (diag_routine=3).

  QMMM: QM Region Cartesian Coordinates (*=link atom) 
  QMMM: QM_NO.   MM_NO.  ATOM         X         Y         Z
  QMMM:     1        1      C        1.6760   29.2130    6.9300
  QMMM:     2        2      C       -1.6820   31.7650    8.2970
  QMMM:     3        3      C       -0.2320   26.3840    9.2700
  QMMM:     4        4      C       -1.1380   25.5790   10.2360
  QMMM:     5        5      C       -0.6590   24.1040   10.3260
  QMMM:     6        6      C       -1.5670   23.2810   11.2670
  QMMM:     7        7      C       -1.6270   23.9040   12.6810
  QMMM:     8        8      C       -2.0830   25.3830   12.6170
  QMMM:     9        9      C       -1.1970   26.2160   11.6560
  QMMM:    10       10      C        4.0210   25.2590    6.4000
  QMMM:    11       11      C        5.0050   25.2910    5.4040
  QMMM:    12       12      C        5.2710   26.4890    4.7260
  QMMM:    13       13      C        4.5430   27.6460    5.0370
  QMMM:    14       14      N        1.0170   28.2740    7.6210
  QMMM:    15       15      C       -0.1390   28.6010    8.2460
  QMMM:    16       16      O       -0.8160   27.6730    9.0030
  QMMM:    17       17      C       -0.6100   29.9240    8.1360
  QMMM:    18       18      N       -1.7670   30.4950    8.6860
  QMMM:    19       19      N       -0.5300   32.0000    7.5360
  QMMM:    20       20      C        0.1390   30.8190    7.4310
  QMMM:    21       21      N        1.2950   30.5160    6.7910
  QMMM:    22       22      N        2.8520   28.8570    6.2550
  QMMM:    23       23      C        3.5500   27.6410    6.0360
  QMMM:    24       24      C        3.3080   26.4370    6.7380
  QMMM:    25       25      H       -2.4040   32.5520    8.5110
  QMMM:    26       26      H       -0.1150   25.8240    8.3350
  QMMM:    27       27      H        0.7640   26.4900    9.7200
  QMMM:    28       28      H       -2.1470   25.5890    9.8020
  QMMM:    29       29      H        0.3790   24.0680   10.6880
  QMMM:    30       30      H       -0.6590   23.6470    9.3270
  QMMM:    31       31      H       -1.2080   22.2450   11.3270
  QMMM:    32       32      H       -2.5780   23.2430   10.8430
  QMMM:    33       33      H       -0.6410   23.8380   13.1570
  QMMM:    34       34      H       -2.3180   23.3300   13.3120
  QMMM:    35       35      H       -2.0550   25.8210   13.6230
  QMMM:    36       36      H       -3.1300   25.4260   12.2850
  QMMM:    37       37      H       -1.5890   27.2410   11.5970
  QMMM:    38       38      H       -0.1830   26.2960   12.0710
  QMMM:    39       39      O        3.7710   24.0390    7.0120
  QMMM:    40       40      H        5.5590   24.3930    5.1460
  QMMM:    41       41      H        6.0360   26.5220    3.9520
  QMMM:    42       42      H        4.7590   28.5520    4.4840
  QMMM:    43       43      H       -0.2710   32.8670    7.1040
  QMMM:    44       44      H        3.2690   29.6390    5.7730
  QMMM:    45       45      H        2.5630   26.3970    7.5240
  QMMM:    46       46      C        2.8290   23.9200    8.0910
  QMMM:    47       47      H        1.8140   24.1620    7.7520
  QMMM:    48       48      H        2.8260   22.8990    8.4900
  QMMM:    49       49      H        3.0940   24.5990    8.9140

--------------------------------------------------------------------------------
  RESULTS
--------------------------------------------------------------------------------

      iter         sqm energy              rms gradient
      ----    -------------------    -----------------------
xmin    10       26.6459 kcal/mol        0.5268 kcal/(mol*A)
xmin    20       26.3489 kcal/mol        0.2507 kcal/(mol*A)
xmin    30       25.9099 kcal/mol        0.1969 kcal/(mol*A)
