            --------------------------------------------------------
                             AMBER SQM VERSION 19
 
                                     By
              Ross C. Walker, Michael F. Crowley, Scott Brozell,
                         Tim Giese, Andreas W. Goetz,
                        Tai-Sung Lee and David A. Case
 
            --------------------------------------------------------
 

--------------------------------------------------------------------------------
  QM CALCULATION INFO
--------------------------------------------------------------------------------

| QMMM: Citation for AMBER QMMM Run:
| QMMM: R.C. Walker, M.F. Crowley and D.A. Case, J. COMP. CHEM. 29:1019, 2008

QMMM: SINGLET STATE CALCULATION
QMMM: RHF CALCULATION, NO. OF DOUBLY OCCUPIED LEVELS = 65

| QMMM: *** Selected Hamiltonian *** 
| QMMM: AM1         

| QMMM: *** Parameter sets in use ***
| QMMM: C : M.J.S.DEWAR et al. JACS, 107, 3902, (1985)
| QMMM: N : M.J.S.DEWAR et al. JACS, 107, 3902, (1985)
| QMMM: O : M.J.S.DEWAR et al. JACS, 107, 3902, (1985)
| QMMM: H : M.J.S.DEWAR et al. JACS, 107, 3902, (1985)
| QMMM: Cl: M.J.S.DEWAR et al. THEOCHEM, 180, 1, (1988)

| QMMM: *** SCF convergence criteria ***
| QMMM: Energy change                :  0.1D-09 kcal/mol
| QMMM: Error matrix |FP-PF|         :  0.1D+00 au
| QMMM: Density matrix change        :  0.5D-06
| QMMM: Maximum number of SCF cycles :     1000

| QMMM: *** Diagonalization Routine Information ***
| QMMM: Pseudo diagonalizations are allowed.
| QMMM: Auto diagonalization routine selection is in use.
| QMMM:
| QMMM: Timing diagonalization routines:
| QMMM:                              norbs =      120
| QMMM:    diag iterations used for timing =       10
| QMMM:
| QMMM:              Internal diag routine = 0.022520 seconds
| QMMM:                 Dspev diag routine = 0.021682 seconds
| QMMM:                Dspevd diag routine = 0.014971 seconds
| QMMM:                Dspevx diag routine = 0.082964 seconds
| QMMM:                 Dsyev diag routine = 0.023408 seconds
| QMMM:                Dsyevd diag routine = 0.017543 seconds
| QMMM:                Dsyevr diag routine = 0.021407 seconds
| QMMM:
| QMMM:                Pseudo diag routine = 0.007766 seconds
| QMMM:
| QMMM: Using dspevd routine (diag_routine=3).

  QMMM: QM Region Cartesian Coordinates (*=link atom) 
  QMMM: QM_NO.   MM_NO.  ATOM         X         Y         Z
  QMMM:     1        1      C        1.4220   29.0340    6.7680
  QMMM:     2        2      C       -1.4500   32.1630    8.0080
  QMMM:     3        3      C       -0.5820   26.6250    8.9780
  QMMM:     4        4      C       -1.2500   25.7670   10.0810
  QMMM:     5        5      C       -1.3550   24.3310    9.5270
  QMMM:     6        6      C       -1.6530   23.2730   10.6030
  QMMM:     7        7      C       -0.7810   23.3430   11.8650
  QMMM:     8        8      C       -0.7120   24.7790   12.4320
  QMMM:     9        9      C       -0.3880   25.8600   11.3800
  QMMM:    10       10      C        4.6880   25.7840    5.5660
  QMMM:    11       11      C        4.7690   25.2340    6.8430
  QMMM:    12       12      C        4.1170   25.8490    7.9100
  QMMM:    13       13      C        3.3800   27.0120    7.6860
  QMMM:    14       14      N        0.4880   28.1800    7.4980
  QMMM:    15       15      C       -0.5680   28.6370    8.0860
  QMMM:    16       16      O       -1.3890   27.8080    8.7520
  QMMM:    17       17      C       -0.8370   30.0590    7.9870
  QMMM:    18       18      N       -1.8060   31.0220    8.4250
  QMMM:    19       19      N       -0.3370   32.0960    7.3180
  QMMM:    20       20      C        0.0120   30.8440    7.3110
  QMMM:    21       21      N        1.1720   30.2780    6.7090
  QMMM:    22       22      N        2.5230   28.7210    6.1570
  QMMM:    23       23      C        3.2850   27.5700    6.4030
  QMMM:    24       24      C        3.9660   26.9560    5.3530
  QMMM:    25       25      H       -1.9740   33.0850    8.1590
  QMMM:    26       26      H       -0.5410   26.0540    8.0430
  QMMM:    27       27      H        0.4540   26.7760    9.3100
  QMMM:    28       28      H       -2.2580   26.1250   10.2960
  QMMM:    29       29      H       -0.4090   24.0420    9.0630
  QMMM:    30       30      H       -2.1060   24.2820    8.7360
  QMMM:    31       31      H       -1.6090   22.2710   10.1760
  QMMM:    32       32      H       -2.6840   23.4220   10.9160
  QMMM:    33       33      H        0.2300   23.0140   11.6180
  QMMM:    34       34      H       -1.1520   22.6520   12.6230
  QMMM:    35       35      H       -0.0270   24.8110   13.2720
  QMMM:    36       36      H       -1.6870   25.0180   12.8620
  QMMM:    37       37      H       -0.4740   26.8530   11.8240
  QMMM:    38       38      H        0.6710   25.7290   11.1480
  QMMM:    39       39      Cl       5.4660   24.9940    4.2460
  QMMM:    40       40      H        5.3500   24.3400    7.0040
  QMMM:    41       41      H        4.1780   25.4280    8.9060
  QMMM:    42       42      H        2.8670   27.4760    8.5150
  QMMM:    43       43      H        0.0880   32.8960    6.8440
  QMMM:    44       44      H        2.9700   29.4740    5.6510
  QMMM:    45       45      H        3.9260   27.3760    4.3640

--------------------------------------------------------------------------------
  RESULTS
--------------------------------------------------------------------------------

      iter         sqm energy              rms gradient
      ----    -------------------    -----------------------
xmin    10       57.8885 kcal/mol        1.1464 kcal/(mol*A)
xmin    20       56.9428 kcal/mol        0.1953 kcal/(mol*A)
xmin    30       56.8369 kcal/mol        0.3035 kcal/(mol*A)
xmin    40       56.7769 kcal/mol        0.0461 kcal/(mol*A)
xmin    50       56.7143 kcal/mol        0.1167 kcal/(mol*A)
xmin    60       56.6538 kcal/mol        0.0511 kcal/(mol*A)
xmin    70       56.6357 kcal/mol        0.0320 kcal/(mol*A)
xmin    80       56.6231 kcal/mol        0.0451 kcal/(mol*A)
xmin    90       56.6249 kcal/mol        0.0308 kcal/(mol*A)
xmin   100       56.6224 kcal/mol        0.0092 kcal/(mol*A)
xmin   110       56.6219 kcal/mol        0.0027 kcal/(mol*A)
xmin   120       56.6219 kcal/mol        0.0022 kcal/(mol*A)
xmin   130       56.6219 kcal/mol        0.0006 kcal/(mol*A)
  ... geometry converged !
 
 Final MO eigenvalues (eV):
 -41.7981  -40.2635  -40.1118  -38.9918  -38.3085  -37.4985  -35.5142  -34.2103
 -32.7778  -32.4952  -31.6024  -31.5633  -30.6262  -28.9426  -26.8713  -24.6097
 -24.4005  -23.6263  -23.3970  -22.6405  -22.5417  -22.0136  -20.3250  -19.8912
 -19.4661  -18.5000  -17.5559  -17.3350  -17.0705  -16.9064  -16.5902  -16.1110
 -15.9349  -15.7526  -15.4973  -15.1262  -14.9527  -14.9442  -14.9021  -14.7154
 -14.5586  -14.2553  -14.0299  -13.5702  -13.1858  -13.0999  -12.9727  -12.9072
 -12.7404  -12.4737  -12.3949  -11.8901  -11.8779  -11.8205  -11.6723  -11.5372
 -11.1933  -11.1699  -11.0545  -10.9165  -10.5416  -10.3006   -9.8387   -9.4873
  -8.6416   -0.3771    0.0615    0.1212    0.2261    1.0781    1.3073    1.4330
   1.7923    1.9477    2.4473    2.6370    2.9519    3.0343    3.3636    3.4981
   3.5766    3.6682    3.7035    3.7203    3.8228    3.8835    3.9339    4.0053
   4.1463    4.1595    4.2123    4.2283    4.3106    4.3963    4.4637    4.4869
   4.4885    4.5528    4.5886    4.7640    4.8073    4.9053    4.9431    5.0085
   5.0104    5.0266    5.1193    5.2219    5.2265    5.2724    5.2944    5.3616
   5.3715    5.4361    5.7022    5.8241    6.0640    6.1095    6.4185    6.8972


 Heat of formation   =         56.62186854 kcal/mol  (        2.45530847 eV)

 Total SCF energy    =     -99333.10550484 kcal/mol  (    -4307.40668249 eV)
 Electronic energy   =    -719057.86196829 kcal/mol  (   -31180.68869382 eV)
 Core-core repulsion =     619724.75646345 kcal/mol  (    26873.28201134 eV)
 
    Atomic Charges for Step       1 :
  Atom    Element       Mulliken Charge
     1      C                  0.197
     2      C                 -0.065
     3      C                 -0.014
     4      C                 -0.111
     5      C                 -0.152
     6      C                 -0.154
     7      C                 -0.157
     8      C                 -0.155
     9      C                 -0.153
    10      C                 -0.047
    11      C                 -0.133
    12      C                 -0.115
    13      C                 -0.106
    14      N                 -0.295
    15      C                  0.258
    16      O                 -0.176
    17      C                 -0.220
    18      N                 -0.073
    19      N                 -0.232
    20      C                  0.081
    21      N                 -0.247
    22      N                 -0.227
    23      C                  0.060
    24      C                 -0.163
    25      H                  0.204
    26      H                  0.096
    27      H                  0.094
    28      H                  0.111
    29      H                  0.080
    30      H                  0.081
    31      H                  0.079
    32      H                  0.081
    33      H                  0.078
    34      H                  0.079
    35      H                  0.080
    36      H                  0.082
    37      H                  0.098
    38      H                  0.077
    39      Cl                -0.016
    40      H                  0.149
    41      H                  0.139
    42      H                  0.157
    43      H                  0.269
    44      H                  0.235
    45      H                  0.148
 Total Mulliken Charge =       0.000
 
                  X        Y        Z     TOTAL  
  QM DIPOLE    -0.076    1.056   -0.098    1.063
 
 Final Structure

  QMMM: QM Region Cartesian Coordinates (*=link atom) 
  QMMM: QM_NO.   MM_NO.  ATOM         X         Y         Z
  QMMM:     1        1      C        1.8413   29.3085    7.0098
  QMMM:     2        2      C       -1.7468   31.6848    8.2180
  QMMM:     3        3      C       -0.0500   26.3392    9.2075
  QMMM:     4        4      C       -1.0185   25.5480   10.0809
  QMMM:     5        5      C       -0.7160   24.0626    9.9478
  QMMM:     6        6      C       -1.6338   23.2426   10.8312
  QMMM:     7        7      C       -1.5552   23.6872   12.2773
  QMMM:     8        8      C       -1.8425   25.1685   12.4130
  QMMM:     9        9      C       -0.9234   25.9900   11.5333
  QMMM:    10       10      C        4.5192   26.0477    4.7866
  QMMM:    11       11      C        4.7161   25.1798    5.8639
  QMMM:    12       12      C        4.3537   25.5974    7.1423
  QMMM:    13       13      C        3.8058   26.8589    7.3589
  QMMM:    14       14      N        1.2242   28.2978    7.7462
  QMMM:    15       15      C        0.0435   28.5786    8.3368
  QMMM:    16       16      O       -0.6354   27.6520    9.0778
  QMMM:    17       17      C       -0.5679   29.8568    8.2185
  QMMM:    18       18      N       -1.7499   30.4343    8.7022
  QMMM:    19       19      N       -0.6143   31.9862    7.4240
  QMMM:    20       20      C        0.1673   30.8264    7.4064
  QMMM:    21       21      N        1.3524   30.5831    6.7846
  QMMM:    22       22      N        3.1243   29.0516    6.4705
  QMMM:    23       23      C        3.5988   27.7332    6.2720
  QMMM:    24       24      C        3.9617   27.3124    4.9729
  QMMM:    25       25      H       -2.5270   32.4346    8.3950
  QMMM:    26       26      H        0.0449   25.8776    8.1907
  QMMM:    27       27      H        0.9588   26.4256    9.6862
  QMMM:    28       28      H       -2.0666   25.7428    9.7167
  QMMM:    29       29      H        0.3516   23.8725   10.2344
  QMMM:    30       30      H       -0.8422   23.7463    8.8797
  QMMM:    31       31      H       -1.3534   22.1599   10.7547
  QMMM:    32       32      H       -2.6900   23.3442   10.4667
  QMMM:    33       33      H       -0.5318   23.4668   12.6805
  QMMM:    34       34      H       -2.2911   23.1036   12.8893
  QMMM:    35       35      H       -1.7127   25.4805   13.4819
  QMMM:    36       36      H       -2.9092   25.3703   12.1303
  QMMM:    37       37      H       -1.1953   27.0757   11.6027
  QMMM:    38       38      H        0.1343   25.8803   11.8901
  QMMM:    39       39      Cl       4.9593   25.5560    3.2182
  QMMM:    40       40      H        5.1519   24.1824    5.7056
  QMMM:    41       41      H        4.5082   24.9219    7.9977
  QMMM:    42       42      H        3.5371   27.1655    8.3818
  QMMM:    43       43      H       -0.4050   32.8379    6.9761
  QMMM:    44       44      H        3.4039   29.6956    5.7554
  QMMM:    45       45      H        3.8125   27.9754    4.1060

           --------- Calculation Completed ----------

