            --------------------------------------------------------
                             AMBER SQM VERSION 19
 
                                     By
              Ross C. Walker, Michael F. Crowley, Scott Brozell,
                         Tim Giese, Andreas W. Goetz,
                        Tai-Sung Lee and David A. Case
 
            --------------------------------------------------------
 

--------------------------------------------------------------------------------
  QM CALCULATION INFO
--------------------------------------------------------------------------------

| QMMM: Citation for AMBER QMMM Run:
| QMMM: R.C. Walker, M.F. Crowley and D.A. Case, J. COMP. CHEM. 29:1019, 2008

QMMM: SINGLET STATE CALCULATION
QMMM: RHF CALCULATION, NO. OF DOUBLY OCCUPIED LEVELS = 70

| QMMM: *** Selected Hamiltonian *** 
| QMMM: AM1         

| QMMM: *** Parameter sets in use ***
| QMMM: C : M.J.S.DEWAR et al. JACS, 107, 3902, (1985)
| QMMM: N : M.J.S.DEWAR et al. JACS, 107, 3902, (1985)
| QMMM: O : M.J.S.DEWAR et al. JACS, 107, 3902, (1985)
| QMMM: H : M.J.S.DEWAR et al. JACS, 107, 3902, (1985)

| QMMM: *** SCF convergence criteria ***
| QMMM: Energy change                :  0.1D-09 kcal/mol
| QMMM: Error matrix |FP-PF|         :  0.1D+00 au
| QMMM: Density matrix change        :  0.5D-06
| QMMM: Maximum number of SCF cycles :     1000

| QMMM: *** Diagonalization Routine Information ***
| QMMM: Pseudo diagonalizations are allowed.
| QMMM: Auto diagonalization routine selection is in use.
| QMMM:
| QMMM: Timing diagonalization routines:
| QMMM:                              norbs =      130
| QMMM:    diag iterations used for timing =       10
| QMMM:
| QMMM:              Internal diag routine = 0.027206 seconds
| QMMM:                 Dspev diag routine = 0.026547 seconds
| QMMM:                Dspevd diag routine = 0.018376 seconds
| QMMM:                Dspevx diag routine = 0.099490 seconds
| QMMM:                 Dsyev diag routine = 0.029368 seconds
| QMMM:                Dsyevd diag routine = 0.021320 seconds
| QMMM:                Dsyevr diag routine = 0.025202 seconds
| QMMM:
| QMMM:                Pseudo diag routine = 0.010115 seconds
| QMMM:
| QMMM: Using dspevd routine (diag_routine=3).

  QMMM: QM Region Cartesian Coordinates (*=link atom) 
  QMMM: QM_NO.   MM_NO.  ATOM         X         Y         Z
  QMMM:     1        1      C        1.4220   29.0340    6.7680
  QMMM:     2        2      C       -1.4500   32.1630    8.0080
  QMMM:     3        3      C       -0.5820   26.6250    8.9780
  QMMM:     4        4      C       -1.2500   25.7670   10.0810
  QMMM:     5        5      C       -1.3550   24.3310    9.5270
  QMMM:     6        6      C       -1.6530   23.2730   10.6030
  QMMM:     7        7      C       -0.7810   23.3430   11.8650
  QMMM:     8        8      C       -0.7120   24.7790   12.4320
  QMMM:     9        9      C       -0.3880   25.8600   11.3800
  QMMM:    10       10      C        4.7370   25.7890    5.7130
  QMMM:    11       11      C        4.7470   25.2230    6.9990
  QMMM:    12       12      C        4.0290   25.8630    8.0180
  QMMM:    13       13      C        3.3180   27.0290    7.7450
  QMMM:    14       14      N        0.4880   28.1800    7.4980
  QMMM:    15       15      C       -0.5680   28.6370    8.0860
  QMMM:    16       16      O       -1.3890   27.8080    8.7520
  QMMM:    17       17      C       -0.8370   30.0590    7.9870
  QMMM:    18       18      N       -1.8060   31.0220    8.4250
  QMMM:    19       19      N       -0.3370   32.0960    7.3180
  QMMM:    20       20      C        0.0120   30.8440    7.3110
  QMMM:    21       21      N        1.1720   30.2780    6.7090
  QMMM:    22       22      N        2.5230   28.7210    6.1570
  QMMM:    23       23      C        3.2840   27.5750    6.4550
  QMMM:    24       24      C        4.0190   26.9560    5.4490
  QMMM:    25       25      H       -1.9730   33.0850    8.1590
  QMMM:    26       26      H       -0.5400   26.0540    8.0430
  QMMM:    27       27      H        0.4540   26.7760    9.3110
  QMMM:    28       28      H       -2.2580   26.1250   10.2960
  QMMM:    29       29      H       -0.4090   24.0420    9.0640
  QMMM:    30       30      H       -2.1060   24.2820    8.7360
  QMMM:    31       31      H       -1.6090   22.2710   10.1760
  QMMM:    32       32      H       -2.6840   23.4220   10.9160
  QMMM:    33       33      H        0.2300   23.0140   11.6180
  QMMM:    34       34      H       -1.1510   22.6520   12.6230
  QMMM:    35       35      H       -0.0270   24.8110   13.2720
  QMMM:    36       36      H       -1.6870   25.0180   12.8620
  QMMM:    37       37      H       -0.4740   26.8530   11.8240
  QMMM:    38       38      H        0.6710   25.7290   11.1480
  QMMM:    39       39      H        5.2940   25.3350    4.9050
  QMMM:    40       40      H        4.0090   25.4720    9.0270
  QMMM:    41       41      H        2.7690   27.4990    8.5460
  QMMM:    42       42      H        0.0880   32.8960    6.8440
  QMMM:    43       43      H        2.9790   29.4650    5.6460
  QMMM:    44       44      H        4.0300   27.3770    4.4560
  QMMM:    45       45      C        5.5350   23.9570    7.2570
  QMMM:    46       46      O        5.9380   23.2460    6.3400
  QMMM:    47       47      H        6.4470   22.8400    8.6210
  QMMM:    48       48      N        5.8610   23.6470    8.5030
  QMMM:    49       49      H        5.3010   23.9290    9.3090

--------------------------------------------------------------------------------
  RESULTS
--------------------------------------------------------------------------------

      iter         sqm energy              rms gradient
      ----    -------------------    -----------------------
xmin    10       27.1540 kcal/mol        1.2020 kcal/(mol*A)
xmin    20       26.0398 kcal/mol        0.4227 kcal/(mol*A)
xmin    30       25.6721 kcal/mol        0.3519 kcal/(mol*A)
xmin    40       25.4768 kcal/mol        0.3268 kcal/(mol*A)
xmin    50       25.3582 kcal/mol        0.0725 kcal/(mol*A)
xmin    60       25.3047 kcal/mol        0.1173 kcal/(mol*A)
xmin    70       25.2858 kcal/mol        0.1145 kcal/(mol*A)
xmin    80       25.3183 kcal/mol        0.4689 kcal/(mol*A)
xmin    90       25.2800 kcal/mol        0.0190 kcal/(mol*A)
xmin   100       25.2763 kcal/mol        0.0269 kcal/(mol*A)
xmin   110       25.2758 kcal/mol        0.0064 kcal/(mol*A)
xmin   120       25.2753 kcal/mol        0.0073 kcal/(mol*A)
xmin   130       25.2753 kcal/mol        0.0057 kcal/(mol*A)
xmin   140       25.2752 kcal/mol        0.0010 kcal/(mol*A)
  ... geometry converged !
 
 Final MO eigenvalues (eV):
 -41.8409  -40.5406  -40.2233  -39.2704  -38.7611  -37.9604  -35.6054  -34.2628
 -34.1309  -32.7971  -32.5435  -31.7854  -31.5993  -30.8618  -29.0898  -26.9145
 -25.1007  -24.6078  -23.7690  -23.4179  -23.1363  -22.5848  -22.1150  -21.4657
 -20.3302  -19.9053  -19.5040  -18.8720  -18.2743  -17.6838  -17.2699  -17.1033
 -17.0364  -16.5902  -16.0522  -15.9564  -15.7902  -15.6726  -15.1718  -15.1124
 -14.9991  -14.9590  -14.9132  -14.7863  -14.5503  -14.2919  -14.1808  -13.6121
 -13.5335  -13.3420  -13.1578  -13.1033  -12.9588  -12.5357  -12.3238  -11.8864
 -11.8419  -11.7106  -11.6293  -11.2455  -11.2041  -11.0651  -10.9337  -10.9083
 -10.5874  -10.5551  -10.3462  -10.0728   -9.6117   -8.6703   -0.5200   -0.1253
   0.1545    0.2266    1.0323    1.3793    1.6218    1.7733    1.9018    2.3251
   2.4963    2.6929    2.9152    2.9719    3.3162    3.4823    3.5204    3.6019
   3.6684    3.6907    3.6982    3.7120    3.8544    3.9824    3.9918    4.1357
   4.1829    4.2065    4.2154    4.2865    4.3745    4.4083    4.4769    4.5441
   4.5786    4.7522    4.7600    4.7987    4.8746    4.9353    4.9451    5.0019
   5.0121    5.0844    5.1849    5.2138    5.2515    5.2779    5.3476    5.3586
   5.4046    5.5623    5.6764    5.7940    6.0229    6.0736    6.1774    6.3811
   6.8480    7.1431

 Heat of formation   =         25.27523953 kcal/mol  (        1.09601663 eV)

 Total SCF energy    =    -106468.90214013 kcal/mol  (    -4616.83804432 eV)
 Electronic energy   =    -802729.66742952 kcal/mol  (   -34808.97044489 eV)
 Core-core repulsion =     696260.76528939 kcal/mol  (    30192.13240056 eV)
 
    Atomic Charges for Step       1 :
  Atom    Element       Mulliken Charge
     1      C                  0.199
     2      C                 -0.064
     3      C                 -0.014
     4      C                 -0.111
     5      C                 -0.152
     6      C                 -0.154
     7      C                 -0.157
     8      C                 -0.155
     9      C                 -0.153
    10      C                 -0.061
    11      C                 -0.135
    12      C                 -0.094
    13      C                 -0.122
    14      N                 -0.297
    15      C                  0.259
    16      O                 -0.175
    17      C                 -0.220
    18      N                 -0.073
    19      N                 -0.231
    20      C                  0.081
    21      N                 -0.246
    22      N                 -0.233
    23      C                  0.079
    24      C                 -0.178
    25      H                  0.204
    26      H                  0.097
    27      H                  0.093
    28      H                  0.111
    29      H                  0.079
    30      H                  0.082
    31      H                  0.080
    32      H                  0.082
    33      H                  0.077
    34      H                  0.079
    35      H                  0.080
    36      H                  0.082
    37      H                  0.097
    38      H                  0.076
    39      H                  0.159
    40      H                  0.135
    41      H                  0.157
    42      H                  0.269
    43      H                  0.238
    44      H                  0.139
    45      C                  0.346
    46      O                 -0.372
    47      H                  0.231
    48      N                 -0.434
    49      H                  0.221
 Total Mulliken Charge =       0.000
 
                  X        Y        Z     TOTAL  
  QM DIPOLE     0.720    2.876    1.692    3.413
 
 Final Structure

  QMMM: QM Region Cartesian Coordinates (*=link atom) 
  QMMM: QM_NO.   MM_NO.  ATOM         X         Y         Z
  QMMM:     1        1      C        1.8442   29.2848    7.1235
  QMMM:     2        2      C       -1.8560   31.6293    8.0129
  QMMM:     3        3      C       -0.1325   26.3554    9.2983
  QMMM:     4        4      C       -1.1420   25.5747   10.1341
  QMMM:     5        5      C       -0.8115   24.0909   10.0633
  QMMM:     6        6      C       -1.7705   23.2824   10.9128
  QMMM:     7        7      C       -1.7871   23.7691   12.3473
  QMMM:     8        8      C       -2.1025   25.2491   12.4216
  QMMM:     9        9      C       -1.1425   26.0594   11.5759
  QMMM:    10       10      C        4.8415   26.0231    5.2864
  QMMM:    11       11      C        4.9720   25.2253    6.4292
  QMMM:    12       12      C        4.4569   25.6784    7.6458
  QMMM:    13       13      C        3.8316   26.9188    7.7351
  QMMM:    14       14      N        1.2008   28.2900    7.8581
  QMMM:    15       15      C       -0.0205   28.5673    8.3622
  QMMM:    16       16      O       -0.7274   27.6545    9.0935
  QMMM:    17       17      C       -0.6460   29.8275    8.1573
  QMMM:    18       18      N       -1.8669   30.3978    8.5434
  QMMM:    19       19      N       -0.6810   31.9247    7.2806
  QMMM:    20       20      C        0.1213   30.7816    7.3566
  QMMM:    21       21      N        1.3481   30.5405    6.8206
  QMMM:    22       22      N        3.1582   29.0335    6.6647
  QMMM:    23       23      C        3.7015   27.7320    6.5899
  QMMM:    24       24      C        4.2176   27.2619    5.3594
  QMMM:    25       25      H       -2.6597   32.3688    8.1117
  QMMM:    26       26      H        0.0319   25.8657    8.3038
  QMMM:    27       27      H        0.8432   26.4723    9.8354
  QMMM:    28       28      H       -2.1683   25.7427    9.7009
  QMMM:    29       29      H        0.2390   23.9255   10.4198
  QMMM:    30       30      H       -0.8675   23.7424    8.9992
  QMMM:    31       31      H       -1.4709   22.2024   10.8854
  QMMM:    32       32      H       -2.8035   23.3570   10.4817
  QMMM:    33       33      H       -0.7876   23.5762   12.8186
  QMMM:    34       34      H       -2.5512   23.1919   12.9301
  QMMM:    35       35      H       -2.0430   25.5934   13.4868
  QMMM:    36       36      H       -3.1524   25.4262   12.0684
  QMMM:    37       37      H       -1.4330   27.1422   11.5966
  QMMM:    38       38      H       -0.1073   25.9763   11.9998
  QMMM:    39       39      H        5.2262   25.6497    4.3226
  QMMM:    40       40      H        4.5260   25.0565    8.5518
  QMMM:    41       41      H        3.4410   27.2543    8.7083
  QMMM:    42       42      H       -0.4598   32.7632    6.8138
  QMMM:    43       43      H        3.4617   29.6461    5.9322
  QMMM:    44       44      H        4.1282   27.8713    4.4466
  QMMM:    45       45      C        5.6392   23.9020    6.2870
  QMMM:    46       46      O        5.5572   23.2309    5.2365
  QMMM:    47       47      H        6.8463   22.5580    7.2543
  QMMM:    48       48      N        6.3711   23.4208    7.3462
  QMMM:    49       49      H        6.5169   23.9645    8.1558

           --------- Calculation Completed ----------

