            --------------------------------------------------------
                             AMBER SQM VERSION 19
 
                                     By
              Ross C. Walker, Michael F. Crowley, Scott Brozell,
                         Tim Giese, Andreas W. Goetz,
                        Tai-Sung Lee and David A. Case
 
            --------------------------------------------------------
 

--------------------------------------------------------------------------------
  QM CALCULATION INFO
--------------------------------------------------------------------------------

| QMMM: Citation for AMBER QMMM Run:
| QMMM: R.C. Walker, M.F. Crowley and D.A. Case, J. COMP. CHEM. 29:1019, 2008

QMMM: SINGLET STATE CALCULATION
QMMM: RHF CALCULATION, NO. OF DOUBLY OCCUPIED LEVELS = 71

| QMMM: *** Selected Hamiltonian *** 
| QMMM: AM1         

| QMMM: *** Parameter sets in use ***
| QMMM: C : M.J.S.DEWAR et al. JACS, 107, 3902, (1985)
| QMMM: N : M.J.S.DEWAR et al. JACS, 107, 3902, (1985)
| QMMM: O : M.J.S.DEWAR et al. JACS, 107, 3902, (1985)
| QMMM: H : M.J.S.DEWAR et al. JACS, 107, 3902, (1985)
| QMMM: S : M.J.S.DEWAR et al. INORG. CHEM., 29, 3881, (1990)

| QMMM: *** SCF convergence criteria ***
| QMMM: Energy change                :  0.1D-09 kcal/mol
| QMMM: Error matrix |FP-PF|         :  0.1D+00 au
| QMMM: Density matrix change        :  0.5D-06
| QMMM: Maximum number of SCF cycles :     1000

| QMMM: *** Diagonalization Routine Information ***
| QMMM: Pseudo diagonalizations are allowed.
| QMMM: Auto diagonalization routine selection is in use.
| QMMM:
| QMMM: Timing diagonalization routines:
| QMMM:                              norbs =      131
| QMMM:    diag iterations used for timing =       10
| QMMM:
| QMMM:              Internal diag routine = 0.028259 seconds
| QMMM:                 Dspev diag routine = 0.027757 seconds
| QMMM:                Dspevd diag routine = 0.018819 seconds
| QMMM:                Dspevx diag routine = 0.101894 seconds
| QMMM:                 Dsyev diag routine = 0.030645 seconds
| QMMM:                Dsyevd diag routine = 0.022037 seconds
| QMMM:                Dsyevr diag routine = 0.026160 seconds
| QMMM:
| QMMM:                Pseudo diag routine = 0.010163 seconds
| QMMM:
| QMMM: Using dspevd routine (diag_routine=3).

  QMMM: QM Region Cartesian Coordinates (*=link atom) 
  QMMM: QM_NO.   MM_NO.  ATOM         X         Y         Z
  QMMM:     1        1      C        1.4220   29.0340    6.7680
  QMMM:     2        2      C       -1.4500   32.1630    8.0080
  QMMM:     3        3      C       -0.5820   26.6250    8.9780
  QMMM:     4        4      C       -1.2500   25.7670   10.0810
  QMMM:     5        5      C       -1.3550   24.3310    9.5270
  QMMM:     6        6      C       -1.6530   23.2730   10.6030
  QMMM:     7        7      C       -0.7810   23.3430   11.8650
  QMMM:     8        8      C       -0.7120   24.7790   12.4320
  QMMM:     9        9      C       -0.3880   25.8600   11.3800
  QMMM:    10       10      C        4.7320   25.8640    5.4130
  QMMM:    11       11      C        4.7890   25.2320    6.6520
  QMMM:    12       12      C        4.1200   25.7640    7.7550
  QMMM:    13       13      C        3.3650   26.9250    7.5990
  QMMM:    14       14      N        0.4880   28.1800    7.4980
  QMMM:    15       15      C       -0.5680   28.6370    8.0860
  QMMM:    16       16      O       -1.3890   27.8080    8.7520
  QMMM:    17       17      C       -0.8370   30.0590    7.9870
  QMMM:    18       18      N       -1.8060   31.0220    8.4250
  QMMM:    19       19      N       -0.3370   32.0960    7.3180
  QMMM:    20       20      C        0.0120   30.8440    7.3110
  QMMM:    21       21      N        1.1720   30.2780    6.7090
  QMMM:    22       22      N        2.5230   28.7210    6.1570
  QMMM:    23       23      C        3.2840   27.5600    6.3530
  QMMM:    24       24      C        3.9950   27.0350    5.2770
  QMMM:    25       25      H       -1.9730   33.0850    8.1590
  QMMM:    26       26      H       -0.5410   26.0540    8.0430
  QMMM:    27       27      H        0.4540   26.7760    9.3110
  QMMM:    28       28      H       -2.2580   26.1250   10.2960
  QMMM:    29       29      H       -0.4090   24.0420    9.0630
  QMMM:    30       30      H       -2.1060   24.2820    8.7360
  QMMM:    31       31      H       -1.6090   22.2710   10.1760
  QMMM:    32       32      H       -2.6840   23.4220   10.9160
  QMMM:    33       33      H        0.2300   23.0140   11.6180
  QMMM:    34       34      H       -1.1520   22.6520   12.6230
  QMMM:    35       35      H       -0.0270   24.8110   13.2720
  QMMM:    36       36      H       -1.6870   25.0180   12.8620
  QMMM:    37       37      H       -0.4740   26.8530   11.8240
  QMMM:    38       38      H        0.6710   25.7290   11.1480
  QMMM:    39       39      H        5.2730   25.4690    4.5650
  QMMM:    40       40      H        4.1850   25.2780    8.7200
  QMMM:    41       41      H        2.8390   27.3300    8.4500
  QMMM:    42       42      H        0.0890   32.8960    6.8440
  QMMM:    43       43      H        2.9430   29.4600    5.6100
  QMMM:    44       44      H        3.9830   27.5330    4.3270
  QMMM:    45       45      S        5.7840   23.7170    6.8070
  QMMM:    46       46      O        6.5270   23.8280    8.1380
  QMMM:    47       47      H        4.7150   21.5570    7.2140
  QMMM:    48       48      H        3.8220   22.8580    8.0060
  QMMM:    49       49      C        4.3540   22.5780    7.0970
  QMMM:    50       50      H        3.6610   22.6070    6.2580

--------------------------------------------------------------------------------
  RESULTS
--------------------------------------------------------------------------------

      iter         sqm energy              rms gradient
      ----    -------------------    -----------------------
xmin    10       34.0534 kcal/mol        0.6645 kcal/(mol*A)
xmin    20       32.9713 kcal/mol        0.4730 kcal/(mol*A)
xmin    30       32.6565 kcal/mol        0.2933 kcal/(mol*A)
xmin    40       32.3871 kcal/mol        0.0887 kcal/(mol*A)
xmin    50       32.3435 kcal/mol        0.1132 kcal/(mol*A)
xmin    60       32.2574 kcal/mol        0.2473 kcal/(mol*A)
xmin    70       32.2244 kcal/mol        0.0287 kcal/(mol*A)
xmin    80       32.2102 kcal/mol        0.0987 kcal/(mol*A)
xmin    90       32.2064 kcal/mol        0.0391 kcal/(mol*A)
xmin   100       32.1987 kcal/mol        0.0297 kcal/(mol*A)
xmin   110       32.1964 kcal/mol        0.0155 kcal/(mol*A)
xmin   120       32.1962 kcal/mol        0.0077 kcal/(mol*A)
xmin   130       32.1960 kcal/mol        0.0037 kcal/(mol*A)
xmin   140       32.1957 kcal/mol        0.0036 kcal/(mol*A)
xmin   150       32.1957 kcal/mol        0.0016 kcal/(mol*A)
xmin   160       32.1957 kcal/mol        0.0014 kcal/(mol*A)
xmin   170       32.1957 kcal/mol        0.0005 kcal/(mol*A)
  ... geometry converged !
 
 Final MO eigenvalues (eV):
 -41.8283  -40.2532  -40.0699  -38.9377  -38.1890  -35.7356  -35.0088  -34.2350
 -32.7517  -32.5282  -31.7959  -31.5216  -31.0372  -29.8762  -28.9932  -26.8504
 -24.7673  -24.5000  -23.6116  -23.3343  -22.7683  -22.5672  -21.9855  -20.2880
 -19.8830  -19.4849  -19.1216  -18.3479  -17.4153  -17.3627  -17.0512  -16.8722
 -16.5472  -16.0714  -15.9305  -15.7466  -15.3482  -15.3421  -15.1035  -14.9877
 -14.8852  -14.8459  -14.7866  -14.5421  -14.2924  -14.1755  -13.9914  -13.6106
 -13.5033  -13.1869  -13.0285  -12.9712  -12.9004  -12.4940  -12.3935  -12.2351
 -11.8104  -11.7882  -11.6793  -11.6437  -11.2514  -11.1285  -10.9891  -10.9783
 -10.8663  -10.5758  -10.3503  -10.0128   -9.8561   -9.2721   -8.6302   -0.5497
  -0.1143    0.1692    0.2904    0.9107    1.1003    1.3933    1.6673    1.7424
   1.9109    2.4593    2.6509    2.9292    2.9508    2.9822    3.3300    3.5303
   3.5558    3.6012    3.6717    3.7528    3.7752    3.8729    3.8750    3.9708
   4.0599    4.0960    4.2099    4.2479    4.2707    4.3112    4.3405    4.4415
   4.4822    4.5526    4.6185    4.6553    4.7501    4.7625    4.8248    4.8440
   4.8748    4.9436    5.0172    5.0813    5.0875    5.1022    5.1888    5.2669
   5.3025    5.3522    5.4240    5.4393    5.4964    5.6927    5.8504    6.0336
   6.0970    6.3980    6.8580

 Heat of formation   =         32.19567451 kcal/mol  (        1.39610921 eV)

 Total SCF energy    =    -106484.10784965 kcal/mol  (    -4617.49741337 eV)
 Electronic energy   =    -817350.88840799 kcal/mol  (   -35442.99416365 eV)
 Core-core repulsion =     710866.78055834 kcal/mol  (    30825.49675029 eV)
 
    Atomic Charges for Step       1 :
  Atom    Element       Mulliken Charge
     1      C                  0.202
     2      C                 -0.065
     3      C                 -0.014
     4      C                 -0.111
     5      C                 -0.152
     6      C                 -0.153
     7      C                 -0.157
     8      C                 -0.155
     9      C                 -0.154
    10      C                 -0.047
    11      C                 -0.580
    12      C                 -0.037
    13      C                 -0.134
    14      N                 -0.297
    15      C                  0.260
    16      O                 -0.175
    17      C                 -0.220
    18      N                 -0.072
    19      N                 -0.232
    20      C                  0.081
    21      N                 -0.248
    22      N                 -0.238
    23      C                  0.101
    24      C                 -0.191
    25      H                  0.204
    26      H                  0.096
    27      H                  0.096
    28      H                  0.110
    29      H                  0.084
    30      H                  0.081
    31      H                  0.080
    32      H                  0.080
    33      H                  0.080
    34      H                  0.079
    35      H                  0.080
    36      H                  0.081
    37      H                  0.096
    38      H                  0.078
    39      H                  0.128
    40      H                  0.166
    41      H                  0.159
    42      H                  0.269
    43      H                  0.240
    44      H                  0.135
    45      S                  1.455
    46      O                 -0.785
    47      H                  0.120
    48      H                  0.132
    49      C                 -0.672
    50      H                  0.116
 Total Mulliken Charge =      -0.000
 
                  X        Y        Z     TOTAL  
  QM DIPOLE     0.082    2.797   -4.375    5.194
 
 Final Structure

  QMMM: QM Region Cartesian Coordinates (*=link atom) 
  QMMM: QM_NO.   MM_NO.  ATOM         X         Y         Z
  QMMM:     1        1      C        1.8006   29.2089    7.0216
  QMMM:     2        2      C       -1.8542   31.6001    7.9720
  QMMM:     3        3      C       -0.1144   26.3512    9.3411
  QMMM:     4        4      C       -1.0938   25.6031   10.2398
  QMMM:     5        5      C       -0.7623   24.1180   10.2154
  QMMM:     6        6      C       -1.6902   23.3420   11.1275
  QMMM:     7        7      C       -1.6592   23.8840   12.5419
  QMMM:     8        8      C       -1.9754   25.3654   12.5695
  QMMM:     9        9      C       -1.0461   26.1431   11.6611
  QMMM:    10       10      C        4.8261   25.9227    5.2301
  QMMM:    11       11      C        4.9459   25.1331    6.3773
  QMMM:    12       12      C        4.4139   25.6139    7.5759
  QMMM:    13       13      C        3.7830   26.8518    7.6467
  QMMM:    14       14      N        1.1725   28.2348    7.7955
  QMMM:    15       15      C       -0.0301   28.5324    8.3322
  QMMM:    16       16      O       -0.7187   27.6414    9.1055
  QMMM:    17       17      C       -0.6533   29.7923    8.1176
  QMMM:    18       18      N       -1.8579   30.3800    8.5280
  QMMM:    19       19      N       -0.7001   31.8707    7.1978
  QMMM:    20       20      C        0.0963   30.7235    7.2744
  QMMM:    21       21      N        1.3053   30.4627    6.7079
  QMMM:    22       22      N        3.0929   28.9359    6.5205
  QMMM:    23       23      C        3.6528   27.6426    6.4864
  QMMM:    24       24      C        4.1919   27.1563    5.2696
  QMMM:    25       25      H       -2.6490   32.3479    8.0796
  QMMM:    26       26      H        0.0169   25.8243    8.3608
  QMMM:    27       27      H        0.8789   26.4888    9.8398
  QMMM:    28       28      H       -2.1345   25.7534    9.8357
  QMMM:    29       29      H        0.3001   23.9673   10.5422
  QMMM:    30       30      H       -0.8536   23.7284    9.1681
  QMMM:    31       31      H       -1.3889   22.2621   11.1319
  QMMM:    32       32      H       -2.7375   23.3986   10.7293
  QMMM:    33       33      H       -0.6436   23.7106   12.9856
  QMMM:    34       34      H       -2.4015   23.3290   13.1723
  QMMM:    35       35      H       -1.8805   25.7508   13.6179
  QMMM:    36       36      H       -3.0370   25.5277   12.2455
  QMMM:    37       37      H       -1.3377   27.2257   11.6502
  QMMM:    38       38      H        0.0031   26.0766   12.0523
  QMMM:    39       39      H        5.2354   25.5623    4.2720
  QMMM:    40       40      H        4.5071   24.9938    8.4871
  QMMM:    41       41      H        3.3915   27.2010    8.6147
  QMMM:    42       42      H       -0.4845   32.6997    6.7119
  QMMM:    43       43      H        3.3830   29.5343    5.7719
  QMMM:    44       44      H        4.1133   27.7520    4.3473
  QMMM:    45       45      S        5.8213   23.6658    6.3145
  QMMM:    46       46      O        5.7346   23.0642    7.6765
  QMMM:    47       47      H        5.3490   21.7950    4.9850
  QMMM:    48       48      H        3.8664   22.3292    5.8430
  QMMM:    49       49      C        4.7774   22.6942    5.3156
  QMMM:    50       50      H        4.4487   23.2528    4.4108

           --------- Calculation Completed ----------

