            --------------------------------------------------------
                             AMBER SQM VERSION 19
 
                                     By
              Ross C. Walker, Michael F. Crowley, Scott Brozell,
                         Tim Giese, Andreas W. Goetz,
                        Tai-Sung Lee and David A. Case
 
            --------------------------------------------------------
 

--------------------------------------------------------------------------------
  QM CALCULATION INFO
--------------------------------------------------------------------------------

| QMMM: Citation for AMBER QMMM Run:
| QMMM: R.C. Walker, M.F. Crowley and D.A. Case, J. COMP. CHEM. 29:1019, 2008

QMMM: SINGLET STATE CALCULATION
QMMM: RHF CALCULATION, NO. OF DOUBLY OCCUPIED LEVELS = 80

| QMMM: *** Selected Hamiltonian *** 
| QMMM: AM1         

| QMMM: *** Parameter sets in use ***
| QMMM: C : M.J.S.DEWAR et al. JACS, 107, 3902, (1985)
| QMMM: N : M.J.S.DEWAR et al. JACS, 107, 3902, (1985)
| QMMM: O : M.J.S.DEWAR et al. JACS, 107, 3902, (1985)
| QMMM: H : M.J.S.DEWAR et al. JACS, 107, 3902, (1985)
| QMMM: S : M.J.S.DEWAR et al. INORG. CHEM., 29, 3881, (1990)

| QMMM: *** SCF convergence criteria ***
| QMMM: Energy change                :  0.1D-09 kcal/mol
| QMMM: Error matrix |FP-PF|         :  0.1D+00 au
| QMMM: Density matrix change        :  0.5D-06
| QMMM: Maximum number of SCF cycles :     1000

| QMMM: *** Diagonalization Routine Information ***
| QMMM: Pseudo diagonalizations are allowed.
| QMMM: Auto diagonalization routine selection is in use.
| QMMM:
| QMMM: Timing diagonalization routines:
| QMMM:                              norbs =      146
| QMMM:    diag iterations used for timing =       10
| QMMM:
| QMMM:              Internal diag routine = 0.039841 seconds
| QMMM:                 Dspev diag routine = 0.036703 seconds
| QMMM:                Dspevd diag routine = 0.024978 seconds
| QMMM:                Dspevx diag routine = 0.131801 seconds
| QMMM:                 Dsyev diag routine = 0.039509 seconds
| QMMM:                Dsyevd diag routine = 0.028249 seconds
| QMMM:                Dsyevr diag routine = 0.033895 seconds
| QMMM:
| QMMM:                Pseudo diag routine = 0.013975 seconds
| QMMM:
| QMMM: Using dspevd routine (diag_routine=3).

  QMMM: QM Region Cartesian Coordinates (*=link atom) 
  QMMM: QM_NO.   MM_NO.  ATOM         X         Y         Z
  QMMM:     1        1      C        1.4220   29.0340    6.7680
  QMMM:     2        2      C       -1.4500   32.1630    8.0080
  QMMM:     3        3      C       -0.5820   26.6250    8.9780
  QMMM:     4        4      C       -1.2500   25.7670   10.0810
  QMMM:     5        5      C       -1.3550   24.3310    9.5270
  QMMM:     6        6      C       -1.6530   23.2730   10.6030
  QMMM:     7        7      C       -0.7810   23.3430   11.8650
  QMMM:     8        8      C       -0.7120   24.7790   12.4320
  QMMM:     9        9      C       -0.3880   25.8600   11.3800
  QMMM:    10       10      C        3.9640   25.5880    7.5830
  QMMM:    11       11      C        4.7030   25.1360    6.4860
  QMMM:    12       12      C        4.7800   25.9180    5.3340
  QMMM:    13       13      C        4.0710   27.1110    5.2580
  QMMM:    14       14      N        0.4880   28.1800    7.4980
  QMMM:    15       15      C       -0.5680   28.6370    8.0860
  QMMM:    16       16      O       -1.3890   27.8080    8.7520
  QMMM:    17       17      C       -0.8370   30.0590    7.9870
  QMMM:    18       18      N       -1.8060   31.0220    8.4250
  QMMM:    19       19      N       -0.3370   32.0960    7.3180
  QMMM:    20       20      C        0.0120   30.8440    7.3110
  QMMM:    21       21      N        1.1720   30.2780    6.7090
  QMMM:    22       22      N        2.5230   28.7210    6.1570
  QMMM:    23       23      C        3.2730   27.5430    6.3130
  QMMM:    24       24      C        3.2600   26.7890    7.4940
  QMMM:    25       25      H       -1.9740   33.0850    8.1590
  QMMM:    26       26      H       -0.5390   26.0540    8.0430
  QMMM:    27       27      H        0.4530   26.7770    9.3120
  QMMM:    28       28      H       -2.2580   26.1250   10.2960
  QMMM:    29       29      H       -0.4090   24.0420    9.0630
  QMMM:    30       30      H       -2.1060   24.2820    8.7360
  QMMM:    31       31      H       -1.6090   22.2710   10.1760
  QMMM:    32       32      H       -2.6840   23.4220   10.9160
  QMMM:    33       33      H        0.2300   23.0140   11.6180
  QMMM:    34       34      H       -1.1520   22.6520   12.6230
  QMMM:    35       35      H       -0.0270   24.8110   13.2730
  QMMM:    36       36      H       -1.6870   25.0180   12.8620
  QMMM:    37       37      H       -0.4740   26.8530   11.8240
  QMMM:    38       38      H        0.6710   25.7290   11.1480
  QMMM:    39       39      H        3.9200   25.0090    8.4960
  QMMM:    40       40      H        5.3920   25.6210    4.4970
  QMMM:    41       41      H        4.1490   27.7030    4.3660
  QMMM:    42       42      H        0.0880   32.8960    6.8440
  QMMM:    43       43      H        2.9160   29.4460    5.5740
  QMMM:    44       44      H        2.6830   27.1200    8.3440
  QMMM:    45       45      S        5.5740   23.5690    6.5650
  QMMM:    46       46      O        4.9440   22.7790    7.6290
  QMMM:    47       47      O        7.0040   23.8820    6.6470
  QMMM:    48       48      N        5.2830   22.7100    5.0250
  QMMM:    49       49      C        3.9030   22.2720    4.7190
  QMMM:    50       50      H        3.9180   21.4050    4.0580
  QMMM:    51       51      H        3.3810   22.0030    5.6380
  QMMM:    52       52      H        3.3570   23.0870    4.2430
  QMMM:    53       53      C        6.1270   23.0260    3.8460
  QMMM:    54       54      H        6.2130   22.1490    3.2040
  QMMM:    55       55      H        5.6960   23.8490    3.2760
  QMMM:    56       56      H        7.1290   23.3140    4.1660

--------------------------------------------------------------------------------
  RESULTS
--------------------------------------------------------------------------------

      iter         sqm energy              rms gradient
      ----    -------------------    -----------------------
xmin    10        4.9190 kcal/mol        1.5847 kcal/(mol*A)
xmin    20        3.7867 kcal/mol        0.3079 kcal/(mol*A)
xmin    30        3.4177 kcal/mol        0.2286 kcal/(mol*A)
xmin    40        3.2562 kcal/mol        0.1484 kcal/(mol*A)
xmin    50        3.1034 kcal/mol        0.2819 kcal/(mol*A)
xmin    60        3.0070 kcal/mol        0.2044 kcal/(mol*A)
xmin    70        2.9755 kcal/mol        0.1878 kcal/(mol*A)
xmin    80        2.9510 kcal/mol        0.1989 kcal/(mol*A)
xmin    90        2.9363 kcal/mol        0.1512 kcal/(mol*A)
xmin   100        2.9268 kcal/mol        0.0527 kcal/(mol*A)
xmin   110        2.9203 kcal/mol        0.0287 kcal/(mol*A)
xmin   120        2.9186 kcal/mol        0.0116 kcal/(mol*A)
xmin   130        2.9162 kcal/mol        0.0282 kcal/(mol*A)
xmin   140        2.9158 kcal/mol        0.0031 kcal/(mol*A)
xmin   150        2.9157 kcal/mol        0.0026 kcal/(mol*A)
xmin   160        2.9157 kcal/mol        0.0015 kcal/(mol*A)
xmin   170        2.9157 kcal/mol        0.0013 kcal/(mol*A)
xmin   180        2.9156 kcal/mol        0.0010 kcal/(mol*A)
xmin   180        2.9156 kcal/mol        0.0005 kcal/(mol*A)
  ... geometry converged !
 
 Final MO eigenvalues (eV):
 -41.9850  -40.4405  -40.2707  -39.1094  -38.3855  -37.8939  -37.7645  -36.8383
 -35.9756  -34.3949  -32.9108  -32.6926  -31.9771  -31.6841  -31.2197  -29.2716
 -28.8370  -27.0322  -25.8517  -25.0559  -24.7166  -23.8672  -23.5004  -22.9989
 -22.7078  -22.1611  -20.4716  -20.1486  -20.0293  -19.6707  -19.0820  -18.5704
 -18.1691  -17.7287  -17.3265  -17.2185  -17.0625  -16.7039  -16.1704  -16.0580
 -16.0403  -15.9016  -15.5051  -15.2850  -15.1506  -15.1301  -15.0473  -15.0016
 -14.7695  -14.5693  -14.3725  -14.1379  -14.0861  -13.7671  -13.6233  -13.4244
 -13.3163  -13.1949  -13.1900  -13.0698  -12.6943  -12.6607  -12.5749  -12.4858
 -12.3855  -12.1057  -11.9738  -11.9371  -11.9065  -11.8014  -11.4466  -11.2855
 -11.1475  -11.0300  -10.7415  -10.5094  -10.2953  -10.2132   -9.8642   -8.7980
  -0.8315   -0.3454   -0.1649    0.0281    0.1433    0.8368    1.2610    1.5285
   1.7260    2.0249    2.3262    2.4706    2.7831    2.7905    3.1382    3.1833
   3.2663    3.3826    3.4240    3.4693    3.5373    3.5866    3.6121    3.6872
   3.7265    3.8555    3.8909    3.9283    3.9976    4.0293    4.0861    4.1064
   4.1426    4.1785    4.2091    4.2570    4.2761    4.3666    4.3892    4.4020
   4.4403    4.4881    4.5238    4.6459    4.6643    4.7205    4.7638    4.8404
   4.8512    4.8883    4.9198    4.9321    4.9509    5.1092    5.1458    5.1946
   5.2596    5.2740    5.3027    5.4123    5.5327    5.6632    5.8872    5.9416
   6.2484    6.6851

 Heat of formation   =          2.91564862 kcal/mol  (        0.12643201 eV)

 Total SCF energy    =    -122545.01090215 kcal/mol  (    -5313.95043156 eV)
 Electronic energy   =    -993378.98412126 kcal/mol  (   -43076.14518543 eV)
 Core-core repulsion =     870833.97321911 kcal/mol  (    37762.19475387 eV)
 
    Atomic Charges for Step       1 :
  Atom    Element       Mulliken Charge
     1      C                  0.209
     2      C                 -0.062
     3      C                 -0.014
     4      C                 -0.111
     5      C                 -0.152
     6      C                 -0.154
     7      C                 -0.157
     8      C                 -0.155
     9      C                 -0.154
    10      C                  0.000
    11      C                 -0.852
    12      C                  0.006
    13      C                 -0.208
    14      N                 -0.300
    15      C                  0.260
    16      O                 -0.174
    17      C                 -0.218
    18      N                 -0.072
    19      N                 -0.230
    20      C                  0.081
    21      N                 -0.244
    22      N                 -0.251
    23      C                  0.143
    24      C                 -0.157
    25      H                  0.205
    26      H                  0.095
    27      H                  0.094
    28      H                  0.111
    29      H                  0.080
    30      H                  0.079
    31      H                  0.080
    32      H                  0.081
    33      H                  0.079
    34      H                  0.080
    35      H                  0.081
    36      H                  0.082
    37      H                  0.097
    38      H                  0.078
    39      H                  0.153
    40      H                  0.153
    41      H                  0.141
    42      H                  0.270
    43      H                  0.251
    44      H                  0.161
    45      S                  2.850
    46      O                 -0.933
    47      O                 -0.933
    48      N                 -0.833
    49      C                 -0.068
    50      H                  0.080
    51      H                  0.102
    52      H                  0.067
    53      C                 -0.068
    54      H                  0.080
    55      H                  0.068
    56      H                  0.102
 Total Mulliken Charge =       0.000
 
                  X        Y        Z     TOTAL  
  QM DIPOLE    -4.975    2.774   -1.528    5.898
 
 Final Structure

  QMMM: QM Region Cartesian Coordinates (*=link atom) 
  QMMM: QM_NO.   MM_NO.  ATOM         X         Y         Z
  QMMM:     1        1      C        1.9213   29.3854    6.9829
  QMMM:     2        2      C       -1.6049   31.7423    8.3913
  QMMM:     3        3      C       -0.0325   26.2964    8.9471
  QMMM:     4        4      C       -1.0115   25.4648    9.7699
  QMMM:     5        5      C       -0.7433   23.9869    9.5257
  QMMM:     6        6      C       -1.6723   23.1247   10.3556
  QMMM:     7        7      C       -1.5718   23.4602   11.8295
  QMMM:     8        8      C       -1.8245   24.9335   12.0759
  QMMM:     9        9      C       -0.8943   25.7970   11.2497
  QMMM:    10       10      C        4.5406   25.7620    7.1415
  QMMM:    11       11      C        5.1365   25.4188    5.9227
  QMMM:    12       12      C        5.0552   26.3383    4.8701
  QMMM:    13       13      C        4.3881   27.5447    5.0121
  QMMM:    14       14      N        1.2802   28.3332    7.6337
  QMMM:    15       15      C        0.1070   28.5936    8.2501
  QMMM:    16       16      O       -0.5921   27.6267    8.9155
  QMMM:    17       17      C       -0.4725   29.8916    8.2370
  QMMM:    18       18      N       -1.6405   30.4559    8.7681
  QMMM:    19       19      N       -0.4645   32.0807    7.6235
  QMMM:    20       20      C        0.2881   30.9076    7.5089
  QMMM:    21       21      N        1.4700   30.6890    6.8718
  QMMM:    22       22      N        3.1687   29.1394    6.3739
  QMMM:    23       23      C        3.7685   27.8786    6.2442
  QMMM:    24       24      C        3.8704   26.9653    7.3169
  QMMM:    25       25      H       -2.3661   32.4943    8.6317
  QMMM:    26       26      H        0.0458   25.9076    7.8990
  QMMM:    27       27      H        0.9811   26.3280    9.4225
  QMMM:    28       28      H       -2.0580   25.7084    9.4313
  QMMM:    29       29      H        0.3219   23.7530    9.7876
  QMMM:    30       30      H       -0.8852   23.7525    8.4385
  QMMM:    31       31      H       -1.4169   22.0446   10.1974
  QMMM:    32       32      H       -2.7289   23.2758   10.0098
  QMMM:    33       33      H       -0.5504   23.1884   12.2054
  QMMM:    34       34      H       -2.3157   22.8496   12.4043
  QMMM:    35       35      H       -1.6786   25.1634   13.1634
  QMMM:    36       36      H       -2.8887   25.1789   11.8194
  QMMM:    37       37      H       -1.1410   26.8803   11.4011
  QMMM:    38       38      H        0.1636   25.6380   11.5871
  QMMM:    39       39      H        4.6284   25.0650    7.9952
  QMMM:    40       40      H        5.5454   26.0985    3.9088
  QMMM:    41       41      H        4.3485   28.2413    4.1603
  QMMM:    42       42      H       -0.2299   32.9632    7.2543
  QMMM:    43       43      H        3.4586   29.8239    5.7041
  QMMM:    44       44      H        3.4351   27.1968    8.3011
  QMMM:    45       45      S        5.9711   23.9669    5.7422
  QMMM:    46       46      O        6.4259   23.5545    7.0154
  QMMM:    47       47      O        6.9525   24.1419    4.7399
  QMMM:    48       48      N        4.8286   22.9325    5.2107
  QMMM:    49       49      C        4.0168   22.1655    6.1057
  QMMM:    50       50      H        4.0825   21.0720    5.8542
  QMMM:    51       51      H        4.3719   22.3104    7.1625
  QMMM:    52       52      H        2.9393   22.4774    6.0335
  QMMM:    53       53      C        4.5426   22.7601    3.8188
  QMMM:    54       54      H        4.6175   21.6751    3.5352
  QMMM:    55       55      H        3.5032   23.1142    3.5783
  QMMM:    56       56      H        5.2814   23.3417    3.2025

           --------- Calculation Completed ----------

