            --------------------------------------------------------
                             AMBER SQM VERSION 19
 
                                     By
              Ross C. Walker, Michael F. Crowley, Scott Brozell,
                         Tim Giese, Andreas W. Goetz,
                        Tai-Sung Lee and David A. Case
 
            --------------------------------------------------------
 

--------------------------------------------------------------------------------
  QM CALCULATION INFO
--------------------------------------------------------------------------------

| QMMM: Citation for AMBER QMMM Run:
| QMMM: R.C. Walker, M.F. Crowley and D.A. Case, J. COMP. CHEM. 29:1019, 2008

QMMM: SINGLET STATE CALCULATION
QMMM: RHF CALCULATION, NO. OF DOUBLY OCCUPIED LEVELS = 68

| QMMM: *** Selected Hamiltonian *** 
| QMMM: AM1         

| QMMM: *** Parameter sets in use ***
| QMMM: C : M.J.S.DEWAR et al. JACS, 107, 3902, (1985)
| QMMM: N : M.J.S.DEWAR et al. JACS, 107, 3902, (1985)
| QMMM: O : M.J.S.DEWAR et al. JACS, 107, 3902, (1985)
| QMMM: H : M.J.S.DEWAR et al. JACS, 107, 3902, (1985)
| QMMM: S : M.J.S.DEWAR et al. INORG. CHEM., 29, 3881, (1990)

| QMMM: *** SCF convergence criteria ***
| QMMM: Energy change                :  0.1D-09 kcal/mol
| QMMM: Error matrix |FP-PF|         :  0.1D+00 au
| QMMM: Density matrix change        :  0.5D-06
| QMMM: Maximum number of SCF cycles :     1000

| QMMM: *** Diagonalization Routine Information ***
| QMMM: Pseudo diagonalizations are allowed.
| QMMM: Auto diagonalization routine selection is in use.
| QMMM:
| QMMM: Timing diagonalization routines:
| QMMM:                              norbs =      127
| QMMM:    diag iterations used for timing =       10
| QMMM:
| QMMM:              Internal diag routine = 0.025816 seconds
| QMMM:                 Dspev diag routine = 0.024354 seconds
| QMMM:                Dspevd diag routine = 0.012917 seconds
| QMMM:                Dspevx diag routine = 0.077295 seconds
| QMMM:                 Dsyev diag routine = 0.019966 seconds
| QMMM:                Dsyevd diag routine = 0.008280 seconds
| QMMM:                Dsyevr diag routine = 0.017516 seconds
| QMMM:
| QMMM:                Pseudo diag routine = 0.009791 seconds
| QMMM: Pseudo diagonalization appears to be slower than regular
| QMMM: diagonalization. Setting pseudo_diag=0 for optimum performance.
| QMMM:
| QMMM: Using dsyevd routine (diag_routine=6).

  QMMM: QM Region Cartesian Coordinates (*=link atom) 
  QMMM: QM_NO.   MM_NO.  ATOM         X         Y         Z
  QMMM:     1        1      C        1.4220   29.0340    6.7680
  QMMM:     2        2      C       -1.4500   32.1630    8.0080
  QMMM:     3        3      C       -0.5820   26.6250    8.9780
  QMMM:     4        4      C       -1.2500   25.7670   10.0810
  QMMM:     5        5      C       -1.3550   24.3310    9.5270
  QMMM:     6        6      C       -1.6530   23.2730   10.6030
  QMMM:     7        7      C       -0.7810   23.3430   11.8650
  QMMM:     8        8      C       -0.7120   24.7790   12.4320
  QMMM:     9        9      C       -0.3880   25.8600   11.3800
  QMMM:    10       10      C        4.5640   25.7180    5.8740
  QMMM:    11       11      C        4.5690   25.2990    7.2080
  QMMM:    12       12      C        3.8860   26.0330    8.1730
  QMMM:    13       13      C        3.2070   27.2040    7.8470
  QMMM:    14       14      N        0.4880   28.1800    7.4980
  QMMM:    15       15      C       -0.5680   28.6370    8.0860
  QMMM:    16       16      O       -1.3890   27.8080    8.7520
  QMMM:    17       17      C       -0.8370   30.0590    7.9870
  QMMM:    18       18      N       -1.8060   31.0220    8.4250
  QMMM:    19       19      N       -0.3370   32.0960    7.3180
  QMMM:    20       20      C        0.0120   30.8440    7.3110
  QMMM:    21       21      N        1.1720   30.2780    6.7090
  QMMM:    22       22      N        2.5230   28.7210    6.1570
  QMMM:    23       23      C        3.1980   27.6080    6.5180
  QMMM:    24       24      C        3.8670   26.8690    5.5460
  QMMM:    25       25      H       -2.0470   33.0330    8.2390
  QMMM:    26       26      H       -0.5190   26.0460    8.0560
  QMMM:    27       27      H        0.4150   26.9220    9.3030
  QMMM:    28       28      H       -2.2500   26.1520   10.2820
  QMMM:    29       29      H       -0.4300   24.0730    9.0120
  QMMM:    30       30      H       -2.1290   24.2950    8.7600
  QMMM:    31       31      H       -1.5700   22.2790   10.1620
  QMMM:    32       32      H       -2.7040   23.3340   10.8870
  QMMM:    33       33      H        0.2260   22.9970   11.6300
  QMMM:    34       34      H       -1.1850   22.6730   12.6230
  QMMM:    35       35      H        0.0300   24.8180   13.2290
  QMMM:    36       36      H       -1.6570   25.0210   12.9190
  QMMM:    37       37      H       -0.5110   26.8460   11.8260
  QMMM:    38       38      H        0.6680   25.8030   11.1170
  QMMM:    39       39      H        5.1040   24.4050    7.4910
  QMMM:    40       40      S        3.8690   25.4970    9.8080
  QMMM:    41       41      H        2.7060   27.7700    8.6180
  QMMM:    42       42      H        0.0640   32.9350    6.9240
  QMMM:    43       43      H        2.8730   29.3100    5.4140
  QMMM:    44       44      H        3.8350   27.2080    4.5220
  QMMM:    45       45      H        5.0960   25.1470    5.1270
  QMMM:    46       46      C        2.8800   26.6380   10.8070
  QMMM:    47       47      H        2.8690   26.2890   11.8700
  QMMM:    48       48      H        3.3260   27.6620   10.7550
  QMMM:    49       49      H        1.8330   26.6660   10.4130

--------------------------------------------------------------------------------
  RESULTS
--------------------------------------------------------------------------------

      iter         sqm energy              rms gradient
      ----    -------------------    -----------------------
xmin    10       64.6652 kcal/mol        0.7066 kcal/(mol*A)
xmin    20       63.5068 kcal/mol        0.2448 kcal/(mol*A)
xmin    30       63.3691 kcal/mol        0.3129 kcal/(mol*A)
xmin    40       63.0591 kcal/mol        0.2517 kcal/(mol*A)
xmin    50       62.9019 kcal/mol        0.2713 kcal/(mol*A)
xmin    60       62.6595 kcal/mol        0.2099 kcal/(mol*A)
xmin    70       62.5419 kcal/mol        0.0958 kcal/(mol*A)
xmin    80       62.5258 kcal/mol        0.0757 kcal/(mol*A)
xmin    90       62.5219 kcal/mol        0.0234 kcal/(mol*A)
xmin   100       62.5102 kcal/mol        0.0559 kcal/(mol*A)
xmin   110       62.5081 kcal/mol        0.0103 kcal/(mol*A)
xmin   120       62.5069 kcal/mol        0.0136 kcal/(mol*A)
xmin   130       62.5066 kcal/mol        0.0368 kcal/(mol*A)
xmin   140       62.5064 kcal/mol        0.0236 kcal/(mol*A)
xmin   150       62.5057 kcal/mol        0.0332 kcal/(mol*A)
xmin   160       62.5048 kcal/mol        0.0058 kcal/(mol*A)
xmin   170       62.5047 kcal/mol        0.0036 kcal/(mol*A)
xmin   180       62.5047 kcal/mol        0.0026 kcal/(mol*A)
  ... geometry converged !
 
 Final MO eigenvalues (eV):
 -41.7571  -40.2137  -39.9598  -38.9262  -38.1133  -35.5522  -34.1776  -32.7696
 -32.4726  -32.0532  -31.5879  -30.7369  -29.8756  -28.8253  -26.8520  -24.6036
 -24.2898  -23.8522  -23.3960  -22.5446  -22.5021  -22.0021  -20.3242  -19.9581
 -19.4331  -18.7588  -17.6834  -17.2489  -17.1717  -16.9923  -16.5770  -16.3503
 -15.9551  -15.7828  -15.7253  -15.2926  -15.1024  -14.9658  -14.9489  -14.9240
 -14.8605  -14.6781  -14.2934  -14.1354  -13.6213  -13.5384  -13.4596  -13.1362
 -13.0892  -12.9260  -12.7582  -12.4972  -12.2480  -11.8743  -11.8116  -11.6528
 -11.5750  -11.3238  -11.1903  -11.1789  -11.0509  -10.9211  -10.6015  -10.4915
 -10.2523   -9.5203   -8.6092   -8.1728   -0.3117    0.1394    0.2535    0.3962
   0.6240    1.1592    1.4589    1.5236    1.8459    2.0007    2.5388    2.7402
   2.9856    3.0921    3.4104    3.4944    3.6803    3.7091    3.7353    3.7751
   3.8127    3.8217    3.9154    3.9548    4.0155    4.1269    4.1514    4.2112
   4.2466    4.3253    4.3762    4.4070    4.4760    4.4925    4.5154    4.5605
   4.5936    4.7620    4.7769    4.8126    4.9492    5.0088    5.0158    5.0321
   5.1877    5.2073    5.2297    5.2852    5.3322    5.3647    5.3754    5.4364
   5.4811    5.8106    5.9535    6.1156    6.1554    6.4572    6.9531

 Heat of formation   =         62.50468654 kcal/mol  (        2.71040660 eV)

 Total SCF energy    =     -99104.66880689 kcal/mol  (    -4297.50092394 eV)
 Electronic energy   =    -778182.50648738 kcal/mol  (   -33744.52567050 eV)
 Core-core repulsion =     679077.83768049 kcal/mol  (    29447.02474656 eV)
 
    Atomic Charges for Step       1 :
  Atom    Element       Mulliken Charge
     1      C                  0.198
     2      C                 -0.066
     3      C                 -0.013
     4      C                 -0.112
     5      C                 -0.152
     6      C                 -0.154
     7      C                 -0.157
     8      C                 -0.155
     9      C                 -0.153
    10      C                 -0.101
    11      C                 -0.131
    12      C                 -0.220
    13      C                 -0.121
    14      N                 -0.295
    15      C                  0.256
    16      O                 -0.176
    17      C                 -0.222
    18      N                 -0.074
    19      N                 -0.233
    20      C                  0.082
    21      N                 -0.249
    22      N                 -0.227
    23      C                  0.065
    24      C                 -0.175
    25      H                  0.203
    26      H                  0.098
    27      H                  0.089
    28      H                  0.111
    29      H                  0.079
    30      H                  0.083
    31      H                  0.080
    32      H                  0.081
    33      H                  0.077
    34      H                  0.079
    35      H                  0.080
    36      H                  0.082
    37      H                  0.098
    38      H                  0.075
    39      H                  0.144
    40      S                  0.240
    41      H                  0.152
    42      H                  0.268
    43      H                  0.234
    44      H                  0.134
    45      H                  0.135
    46      C                 -0.370
    47      H                  0.121
    48      H                  0.105
    49      H                  0.104
 Total Mulliken Charge =      -0.000
 
                  X        Y        Z     TOTAL  
  QM DIPOLE    -0.111    1.379   -0.744    1.571
 
 Final Structure

  QMMM: QM Region Cartesian Coordinates (*=link atom) 
  QMMM: QM_NO.   MM_NO.  ATOM         X         Y         Z
  QMMM:     1        1      C        1.6703   29.4338    7.0996
  QMMM:     2        2      C       -2.1106   31.6544    7.9737
  QMMM:     3        3      C       -0.2095   26.4482    9.2820
  QMMM:     4        4      C       -1.1886   25.6348   10.1225
  QMMM:     5        5      C       -0.7886   24.1673   10.0761
  QMMM:     6        6      C       -1.7133   23.3268   10.9325
  QMMM:     7        7      C       -1.7627   23.8338   12.3592
  QMMM:     8        8      C       -2.1487   25.2980   12.4088
  QMMM:     9        9      C       -1.2225   26.1403   11.5567
  QMMM:    10       10      C        4.6482   26.2412    5.1818
  QMMM:    11       11      C        4.8161   25.4354    6.3014
  QMMM:    12       12      C        4.3581   25.8701    7.5536
  QMMM:    13       13      C        3.7362   27.1136    7.6724
  QMMM:    14       14      N        1.0587   28.4208    7.8383
  QMMM:    15       15      C       -0.1718   28.6587    8.3382
  QMMM:    16       16      O       -0.8483   27.7249    9.0734
  QMMM:    17       17      C       -0.8403   29.8955    8.1274
  QMMM:    18       18      N       -2.0805   30.4257    8.5093
  QMMM:    19       19      N       -0.9452   31.9865    7.2417
  QMMM:    20       20      C       -0.1044   30.8716    7.3236
  QMMM:    21       21      N        1.1299   30.6699    6.7895
  QMMM:    22       22      N        2.9970   29.2274    6.6567
  QMMM:    23       23      C        3.5528   27.9298    6.5382
  QMMM:    24       24      C        4.0186   27.4790    5.2843
  QMMM:    25       25      H       -2.9389   32.3667    8.0682
  QMMM:    26       26      H       -0.0286   25.9605    8.2893
  QMMM:    27       27      H        0.7629   26.5996    9.8176
  QMMM:    28       28      H       -2.2181   25.7489    9.6798
  QMMM:    29       29      H        0.2667   24.0570   10.4400
  QMMM:    30       30      H       -0.8216   23.8008    9.0170
  QMMM:    31       31      H       -1.3624   22.2621   10.9235
  QMMM:    32       32      H       -2.7460   23.3455   10.4943
  QMMM:    33       33      H       -0.7583   23.6959   12.8393
  QMMM:    34       34      H       -2.5023   23.2297   12.9463
  QMMM:    35       35      H       -2.1132   25.6608   13.4689
  QMMM:    36       36      H       -3.2034   25.4194   12.0463
  QMMM:    37       37      H       -1.5642   27.2084   11.5591
  QMMM:    38       38      H       -0.1876   26.1131   11.9884
  QMMM:    39       39      H        5.3086   24.4550    6.2106
  QMMM:    40       40      S        4.6302   24.7950    8.8362
  QMMM:    41       41      H        3.3858   27.4585    8.6581
  QMMM:    42       42      H       -0.7517   32.8302    6.7722
  QMMM:    43       43      H        3.2910   29.8594    5.9368
  QMMM:    44       44      H        3.8930   28.0978    4.3832
  QMMM:    45       45      H        5.0109   25.8973    4.2011
  QMMM:    46       46      C        3.9521   25.5502   10.2600
  QMMM:    47       47      H        4.1267   24.8234   11.0886
  QMMM:    48       48      H        4.4520   26.5120   10.5133
  QMMM:    49       49      H        2.8578   25.7353   10.1660

           --------- Calculation Completed ----------

