            --------------------------------------------------------
                             AMBER SQM VERSION 19
 
                                     By
              Ross C. Walker, Michael F. Crowley, Scott Brozell,
                         Tim Giese, Andreas W. Goetz,
                        Tai-Sung Lee and David A. Case
 
            --------------------------------------------------------
 

--------------------------------------------------------------------------------
  QM CALCULATION INFO
--------------------------------------------------------------------------------

| QMMM: Citation for AMBER QMMM Run:
| QMMM: R.C. Walker, M.F. Crowley and D.A. Case, J. COMP. CHEM. 29:1019, 2008

QMMM: SINGLET STATE CALCULATION
QMMM: RHF CALCULATION, NO. OF DOUBLY OCCUPIED LEVELS = 68

| QMMM: *** Selected Hamiltonian *** 
| QMMM: AM1         

| QMMM: *** Parameter sets in use ***
| QMMM: C : M.J.S.DEWAR et al. JACS, 107, 3902, (1985)
| QMMM: N : M.J.S.DEWAR et al. JACS, 107, 3902, (1985)
| QMMM: O : M.J.S.DEWAR et al. JACS, 107, 3902, (1985)
| QMMM: H : M.J.S.DEWAR et al. JACS, 107, 3902, (1985)

| QMMM: *** SCF convergence criteria ***
| QMMM: Energy change                :  0.1D-09 kcal/mol
| QMMM: Error matrix |FP-PF|         :  0.1D+00 au
| QMMM: Density matrix change        :  0.5D-06
| QMMM: Maximum number of SCF cycles :     1000

| QMMM: *** Diagonalization Routine Information ***
| QMMM: Pseudo diagonalizations are allowed.
| QMMM: Auto diagonalization routine selection is in use.
| QMMM:
| QMMM: Timing diagonalization routines:
| QMMM:                              norbs =      127
| QMMM:    diag iterations used for timing =       10
| QMMM:
| QMMM:              Internal diag routine = 0.027323 seconds
| QMMM:                 Dspev diag routine = 0.025507 seconds
| QMMM:                Dspevd diag routine = 0.017528 seconds
| QMMM:                Dspevx diag routine = 0.095227 seconds
| QMMM:                 Dsyev diag routine = 0.027617 seconds
| QMMM:                Dsyevd diag routine = 0.020442 seconds
| QMMM:                Dsyevr diag routine = 0.024337 seconds
| QMMM:
| QMMM:                Pseudo diag routine = 0.009544 seconds
| QMMM:
| QMMM: Using dspevd routine (diag_routine=3).

  QMMM: QM Region Cartesian Coordinates (*=link atom) 
  QMMM: QM_NO.   MM_NO.  ATOM         X         Y         Z
  QMMM:     1        1      C        1.4220   29.0340    6.7680
  QMMM:     2        2      C       -1.4500   32.1630    8.0080
  QMMM:     3        3      C       -0.5820   26.6250    8.9780
  QMMM:     4        4      C       -1.2500   25.7670   10.0810
  QMMM:     5        5      C       -1.3550   24.3310    9.5270
  QMMM:     6        6      C       -1.6530   23.2730   10.6030
  QMMM:     7        7      C       -0.7810   23.3430   11.8650
  QMMM:     8        8      C       -0.7120   24.7790   12.4320
  QMMM:     9        9      C       -0.3880   25.8600   11.3800
  QMMM:    10       10      C        4.0400   25.6760    7.6960
  QMMM:    11       11      C        4.7870   25.1860    6.6260
  QMMM:    12       12      C        4.7790   25.8870    5.4140
  QMMM:    13       13      C        4.0450   27.0640    5.2860
  QMMM:    14       14      N        0.4880   28.1800    7.4980
  QMMM:    15       15      C       -0.5680   28.6370    8.0860
  QMMM:    16       16      O       -1.3890   27.8080    8.7520
  QMMM:    17       17      C       -0.8370   30.0590    7.9870
  QMMM:    18       18      N       -1.8060   31.0220    8.4250
  QMMM:    19       19      N       -0.3370   32.0960    7.3180
  QMMM:    20       20      C        0.0120   30.8440    7.3110
  QMMM:    21       21      N        1.1720   30.2780    6.7090
  QMMM:    22       22      N        2.5230   28.7210    6.1570
  QMMM:    23       23      C        3.2790   27.5470    6.3420
  QMMM:    24       24      C        3.2970   26.8500    7.5580
  QMMM:    25       25      H       -1.9730   33.0850    8.1590
  QMMM:    26       26      H       -0.5400   26.0540    8.0430
  QMMM:    27       27      H        0.4530   26.7760    9.3120
  QMMM:    28       28      H       -2.2580   26.1250   10.2960
  QMMM:    29       29      H       -0.4090   24.0420    9.0630
  QMMM:    30       30      H       -2.1060   24.2820    8.7360
  QMMM:    31       31      H       -1.6090   22.2710   10.1760
  QMMM:    32       32      H       -2.6840   23.4220   10.9160
  QMMM:    33       33      H        0.2300   23.0140   11.6180
  QMMM:    34       34      H       -1.1520   22.6520   12.6230
  QMMM:    35       35      H       -0.0270   24.8110   13.2730
  QMMM:    36       36      H       -1.6870   25.0180   12.8620
  QMMM:    37       37      H       -0.4740   26.8530   11.8240
  QMMM:    38       38      H        0.6710   25.7290   11.1470
  QMMM:    39       39      H        4.0430   25.1510    8.6410
  QMMM:    40       40      O        5.5050   24.0210    6.8330
  QMMM:    41       41      H        5.3510   25.5500    4.5640
  QMMM:    42       42      H        4.0800   27.6000    4.3560
  QMMM:    43       43      H        0.0890   32.8950    6.8440
  QMMM:    44       44      H        2.9250   29.4490    5.5830
  QMMM:    45       45      H        2.7320   27.2130    8.4030
  QMMM:    46       46      C        6.6080   23.7570    5.9630
  QMMM:    47       47      H        7.1780   22.9080    6.3400
  QMMM:    48       48      H        6.2760   23.5020    4.9560
  QMMM:    49       49      H        7.2940   24.6040    5.9070

--------------------------------------------------------------------------------
  RESULTS
--------------------------------------------------------------------------------

      iter         sqm energy              rms gradient
      ----    -------------------    -----------------------
xmin    10       27.4705 kcal/mol        0.6414 kcal/(mol*A)
xmin    20       26.4836 kcal/mol        0.3786 kcal/(mol*A)
xmin    30       25.9843 kcal/mol        0.1061 kcal/(mol*A)
xmin    40       25.9424 kcal/mol        0.1068 kcal/(mol*A)
xmin    50       25.8497 kcal/mol        0.5816 kcal/(mol*A)
xmin    60       25.7596 kcal/mol        0.1529 kcal/(mol*A)
xmin    70       25.7523 kcal/mol        0.0426 kcal/(mol*A)
xmin    80       25.7425 kcal/mol        0.0240 kcal/(mol*A)
xmin    90       25.7404 kcal/mol        0.0560 kcal/(mol*A)
xmin   100       25.7397 kcal/mol        0.0101 kcal/(mol*A)
xmin   110       25.7394 kcal/mol        0.0052 kcal/(mol*A)
xmin   120       25.7392 kcal/mol        0.0042 kcal/(mol*A)
xmin   130       25.7391 kcal/mol        0.0021 kcal/(mol*A)
xmin   140       25.7391 kcal/mol        0.0017 kcal/(mol*A)
xmin   150       25.7391 kcal/mol        0.0014 kcal/(mol*A)
xmin   160       25.7391 kcal/mol        0.0036 kcal/(mol*A)
xmin   170       25.7391 kcal/mol        0.0015 kcal/(mol*A)
  ... geometry converged !
 
 Final MO eigenvalues (eV):
 -41.6857  -40.5218  -40.1057  -39.1810  -38.6172  -37.6239  -35.0453  -34.0897
 -32.6839  -32.3827  -31.8020  -31.5176  -30.1566  -28.8974  -27.5242  -26.7329
 -24.4331  -24.0070  -23.4438  -23.3118  -22.4536  -22.3361  -21.8912  -20.2319
 -19.7440  -19.3499  -18.9176  -18.0951  -17.3348  -17.0082  -16.8887  -16.6107
 -16.5195  -16.3530  -15.8449  -15.6600  -15.3673  -15.0597  -14.9171  -14.8819
 -14.8255  -14.7482  -14.4091  -14.1201  -13.9891  -13.7284  -13.4975  -13.3614
 -13.0489  -13.0233  -12.8659  -12.7683  -12.4277  -12.1264  -11.8863  -11.8044
 -11.7388  -11.5731  -11.3537  -11.1197  -10.9813  -10.9336  -10.7926  -10.4218
 -10.1679   -9.8991   -9.0544   -8.4279   -0.2246    0.2416    0.3677    0.4029
   1.2466    1.5205    1.9154    2.0735    2.4787    2.6160    2.8087    3.0529
   3.1782    3.4803    3.5803    3.6316    3.7453    3.7703    3.7853    3.8062
   3.8691    3.9889    4.0187    4.0853    4.1535    4.1937    4.2273    4.2870
   4.3212    4.3374    4.4141    4.4881    4.5636    4.5758    4.6329    4.6657
   4.8400    4.8515    4.8783    5.0104    5.0164    5.0787    5.0889    5.1112
   5.2486    5.2906    5.3147    5.3541    5.4081    5.4392    5.4508    5.5889
   5.8520    5.9353    6.1789    6.2118    6.3883    6.5299    7.0337

 Heat of formation   =         25.73909043 kcal/mol  (        1.11613072 eV)

 Total SCF energy    =    -102002.62833095 kcal/mol  (    -4423.16587880 eV)
 Electronic energy   =    -769232.37326229 kcal/mol  (   -33356.41877032 eV)
 Core-core repulsion =     667229.74493133 kcal/mol  (    28933.25289152 eV)
 
    Atomic Charges for Step       1 :
  Atom    Element       Mulliken Charge
     1      C                  0.194
     2      C                 -0.067
     3      C                 -0.014
     4      C                 -0.111
     5      C                 -0.152
     6      C                 -0.153
     7      C                 -0.157
     8      C                 -0.155
     9      C                 -0.154
    10      C                 -0.152
    11      C                  0.074
    12      C                 -0.192
    13      C                 -0.127
    14      N                 -0.293
    15      C                  0.257
    16      O                 -0.177
    17      C                 -0.222
    18      N                 -0.074
    19      N                 -0.233
    20      C                  0.082
    21      N                 -0.251
    22      N                 -0.217
    23      C                  0.006
    24      C                 -0.069
    25      H                  0.203
    26      H                  0.096
    27      H                  0.095
    28      H                  0.110
    29      H                  0.081
    30      H                  0.081
    31      H                  0.079
    32      H                  0.081
    33      H                  0.078
    34      H                  0.078
    35      H                  0.080
    36      H                  0.082
    37      H                  0.098
    38      H                  0.077
    39      H                  0.151
    40      O                 -0.209
    41      H                  0.139
    42      H                  0.133
    43      H                  0.268
    44      H                  0.229
    45      H                  0.155
    46      C                 -0.076
    47      H                  0.106
    48      H                  0.073
    49      H                  0.072
 Total Mulliken Charge =      -0.000
 
                  X        Y        Z     TOTAL  
  QM DIPOLE     0.806    0.517   -2.634    2.803
 
 Final Structure

  QMMM: QM Region Cartesian Coordinates (*=link atom) 
  QMMM: QM_NO.   MM_NO.  ATOM         X         Y         Z
  QMMM:     1        1      C        1.9250   29.3379    7.1083
  QMMM:     2        2      C       -1.8822   31.5360    7.9231
  QMMM:     3        3      C        0.0212   26.3342    9.2473
  QMMM:     4        4      C       -0.9734   25.5137   10.0625
  QMMM:     5        5      C       -0.5708   24.0469   10.0164
  QMMM:     6        6      C       -1.5137   23.2009   10.8473
  QMMM:     7        7      C       -1.5937   23.6993   12.2758
  QMMM:     8        8      C       -1.9812   25.1631   12.3259
  QMMM:     9        9      C       -1.0375   26.0106   11.4986
  QMMM:    10       10      C        4.5813   25.7467    7.5036
  QMMM:    11       11      C        5.0051   25.3256    6.2300
  QMMM:    12       12      C        4.8305   26.1525    5.1160
  QMMM:    13       13      C        4.2248   27.3960    5.2724
  QMMM:    14       14      N        1.3027   28.3158    7.8255
  QMMM:    15       15      C        0.0618   28.5451    8.3032
  QMMM:    16       16      O       -0.6264   27.6031    9.0162
  QMMM:    17       17      C       -0.6079   29.7809    8.0880
  QMMM:    18       18      N       -1.8577   30.3029    8.4491
  QMMM:    19       19      N       -0.7038   31.8786    7.2173
  QMMM:    20       20      C        0.1399   30.7664    7.3073
  QMMM:    21       21      N        1.3853   30.5736    6.7961
  QMMM:    22       22      N        3.2669   29.1412    6.7027
  QMMM:    23       23      C        3.7977   27.8361    6.5415
  QMMM:    24       24      C        3.9877   26.9909    7.6571
  QMMM:    25       25      H       -2.7151   32.2440    8.0068
  QMMM:    26       26      H        0.2342   25.8456    8.2615
  QMMM:    27       27      H        0.9761   26.4987    9.8088
  QMMM:    28       28      H       -1.9939   25.6286    9.5994
  QMMM:    29       29      H        0.4760   23.9352   10.4034
  QMMM:    30       30      H       -0.5802   23.6865    8.9548
  QMMM:    31       31      H       -1.1625   22.1363   10.8395
  QMMM:    32       32      H       -2.5367   23.2222   10.3873
  QMMM:    33       33      H       -0.5995   23.5589   12.7761
  QMMM:    34       34      H       -2.3452   23.0913   12.8434
  QMMM:    35       35      H       -1.9681   25.5194   13.3887
  QMMM:    36       36      H       -3.0281   25.2863   11.9421
  QMMM:    37       37      H       -1.3796   27.0785   11.5001
  QMMM:    38       38      H       -0.0118   25.9810   11.9517
  QMMM:    39       39      H        4.7300   25.0835    8.3679
  QMMM:    40       40      O        5.5866   24.0728    6.1947
  QMMM:    41       41      H        5.1594   25.8353    4.1166
  QMMM:    42       42      H        4.0904   28.0348    4.3853
  QMMM:    43       43      H       -0.5037   32.7276    6.7606
  QMMM:    44       44      H        3.5776   29.7879    6.0029
  QMMM:    45       45      H        3.6631   27.3128    8.6595
  QMMM:    46       46      C        6.0142   23.6158    4.9172
  QMMM:    47       47      H        6.4360   22.6011    5.1317
  QMMM:    48       48      H        5.1494   23.5424    4.2138
  QMMM:    49       49      H        6.8018   24.2895    4.5003

           --------- Calculation Completed ----------

