            --------------------------------------------------------
                             AMBER SQM VERSION 19
 
                                     By
              Ross C. Walker, Michael F. Crowley, Scott Brozell,
                         Tim Giese, Andreas W. Goetz,
                        Tai-Sung Lee and David A. Case
 
            --------------------------------------------------------
 

--------------------------------------------------------------------------------
  QM CALCULATION INFO
--------------------------------------------------------------------------------

| QMMM: Citation for AMBER QMMM Run:
| QMMM: R.C. Walker, M.F. Crowley and D.A. Case, J. COMP. CHEM. 29:1019, 2008

QMMM: SINGLET STATE CALCULATION
QMMM: RHF CALCULATION, NO. OF DOUBLY OCCUPIED LEVELS = 74

| QMMM: *** Selected Hamiltonian *** 
| QMMM: AM1         

| QMMM: *** Parameter sets in use ***
| QMMM: C : M.J.S.DEWAR et al. JACS, 107, 3902, (1985)
| QMMM: N : M.J.S.DEWAR et al. JACS, 107, 3902, (1985)
| QMMM: O : M.J.S.DEWAR et al. JACS, 107, 3902, (1985)
| QMMM: H : M.J.S.DEWAR et al. JACS, 107, 3902, (1985)
| QMMM: S : M.J.S.DEWAR et al. INORG. CHEM., 29, 3881, (1990)

| QMMM: *** SCF convergence criteria ***
| QMMM: Energy change                :  0.1D-09 kcal/mol
| QMMM: Error matrix |FP-PF|         :  0.1D+00 au
| QMMM: Density matrix change        :  0.5D-06
| QMMM: Maximum number of SCF cycles :     1000

| QMMM: *** Diagonalization Routine Information ***
| QMMM: Pseudo diagonalizations are allowed.
| QMMM: Auto diagonalization routine selection is in use.
| QMMM:
| QMMM: Timing diagonalization routines:
| QMMM:                              norbs =      134
| QMMM:    diag iterations used for timing =       10
| QMMM:
| QMMM:              Internal diag routine = 0.031093 seconds
| QMMM:                 Dspev diag routine = 0.028791 seconds
| QMMM:                Dspevd diag routine = 0.020046 seconds
| QMMM:                Dspevx diag routine = 0.107609 seconds
| QMMM:                 Dsyev diag routine = 0.031185 seconds
| QMMM:                Dsyevd diag routine = 0.023180 seconds
| QMMM:                Dsyevr diag routine = 0.027419 seconds
| QMMM:
| QMMM:                Pseudo diag routine = 0.010893 seconds
| QMMM:
| QMMM: Using dspevd routine (diag_routine=3).

  QMMM: QM Region Cartesian Coordinates (*=link atom) 
  QMMM: QM_NO.   MM_NO.  ATOM         X         Y         Z
  QMMM:     1        1      C        1.4220   29.0340    6.7680
  QMMM:     2        2      C       -1.4500   32.1630    8.0080
  QMMM:     3        3      C       -0.5820   26.6250    8.9780
  QMMM:     4        4      C       -1.2500   25.7670   10.0810
  QMMM:     5        5      C       -1.3550   24.3310    9.5270
  QMMM:     6        6      C       -1.6530   23.2730   10.6030
  QMMM:     7        7      C       -0.7810   23.3430   11.8650
  QMMM:     8        8      C       -0.7120   24.7790   12.4320
  QMMM:     9        9      C       -0.3880   25.8600   11.3800
  QMMM:    10       10      C        4.6850   25.7560    5.5950
  QMMM:    11       11      C        4.7520   25.2230    6.8860
  QMMM:    12       12      C        4.1030   25.8600    7.9400
  QMMM:    13       13      C        3.3770   27.0260    7.7020
  QMMM:    14       14      N        0.4880   28.1800    7.4980
  QMMM:    15       15      C       -0.5680   28.6370    8.0860
  QMMM:    16       16      O       -1.3890   27.8080    8.7520
  QMMM:    17       17      C       -0.8370   30.0590    7.9870
  QMMM:    18       18      N       -1.8060   31.0220    8.4250
  QMMM:    19       19      N       -0.3370   32.0960    7.3180
  QMMM:    20       20      C        0.0120   30.8440    7.3110
  QMMM:    21       21      N        1.1720   30.2780    6.7090
  QMMM:    22       22      N        2.5230   28.7210    6.1570
  QMMM:    23       23      C        3.2880   27.5720    6.4130
  QMMM:    24       24      C        3.9700   26.9410    5.3710
  QMMM:    25       25      H       -1.9740   33.0850    8.1590
  QMMM:    26       26      H       -0.5410   26.0550    8.0430
  QMMM:    27       27      H        0.4540   26.7760    9.3100
  QMMM:    28       28      H       -2.2580   26.1250   10.2960
  QMMM:    29       29      H       -0.4090   24.0420    9.0630
  QMMM:    30       30      H       -2.1060   24.2820    8.7360
  QMMM:    31       31      H       -1.6090   22.2710   10.1760
  QMMM:    32       32      H       -2.6840   23.4230   10.9160
  QMMM:    33       33      H        0.2300   23.0140   11.6180
  QMMM:    34       34      H       -1.1520   22.6520   12.6230
  QMMM:    35       35      H       -0.0270   24.8110   13.2720
  QMMM:    36       36      H       -1.6870   25.0180   12.8620
  QMMM:    37       37      H       -0.4740   26.8530   11.8240
  QMMM:    38       38      H        0.6710   25.7290   11.1480
  QMMM:    39       39      H        5.3080   24.3190    7.0770
  QMMM:    40       40      H        4.1540   25.4500    8.9410
  QMMM:    41       41      H        2.8640   27.5010    8.5250
  QMMM:    42       42      H        0.0880   32.8960    6.8440
  QMMM:    43       43      H        2.9720   29.4760    5.6570
  QMMM:    44       44      H        3.9240   27.3610    4.3800
  QMMM:    45       45      S        5.4740   24.8960    4.2380
  QMMM:    46       46      O        5.4560   25.7570    3.0550
  QMMM:    47       47      O        4.9300   23.5360    4.2050
  QMMM:    48       48      H        7.4550   25.6770    4.9010
  QMMM:    49       49      N        7.1140   24.7270    4.6910
  QMMM:    50       50      H        7.1790   24.1610    5.5330

--------------------------------------------------------------------------------
  RESULTS
--------------------------------------------------------------------------------

      iter         sqm energy              rms gradient
      ----    -------------------    -----------------------
xmin    10       -2.5152 kcal/mol        1.6334 kcal/(mol*A)
xmin    20       -4.2883 kcal/mol        0.5347 kcal/(mol*A)
xmin    30       -4.4195 kcal/mol        0.3049 kcal/(mol*A)
xmin    40       -4.8351 kcal/mol        0.5348 kcal/(mol*A)
xmin    50       -5.0215 kcal/mol        0.0954 kcal/(mol*A)
xmin    60       -5.0658 kcal/mol        0.1297 kcal/(mol*A)
xmin    70       -5.1568 kcal/mol        0.1601 kcal/(mol*A)
xmin    80       -5.1698 kcal/mol        0.1051 kcal/(mol*A)
xmin    90       -5.1821 kcal/mol        0.0361 kcal/(mol*A)
xmin   100       -5.1857 kcal/mol        0.0160 kcal/(mol*A)
xmin   110       -5.1859 kcal/mol        0.0064 kcal/(mol*A)
xmin   120       -5.1862 kcal/mol        0.0060 kcal/(mol*A)
xmin   130       -5.1863 kcal/mol        0.0022 kcal/(mol*A)
xmin   140       -5.1863 kcal/mol        0.0040 kcal/(mol*A)
xmin   150       -5.1863 kcal/mol        0.0015 kcal/(mol*A)
xmin   160       -5.1863 kcal/mol        0.0011 kcal/(mol*A)
  ... geometry converged !
 
 Final MO eigenvalues (eV):
 -41.8621  -40.3681  -40.1999  -39.0216  -38.2656  -37.8983  -36.9789  -35.7703
 -34.7630  -34.2728  -32.8153  -32.6012  -32.3189  -31.6116  -30.8703  -29.0326
 -26.9168  -24.9629  -24.5060  -24.1608  -23.4260  -23.0698  -22.5985  -22.0942
 -20.8832  -20.3504  -20.0192  -19.5405  -19.0108  -18.4818  -18.2427  -17.8015
 -17.4047  -17.2411  -17.0651  -16.6599  -16.4356  -16.1858  -15.9847  -15.8052
 -15.2828  -15.1559  -15.1012  -14.9710  -14.9271  -14.8859  -14.4965  -14.2509
 -13.8409  -13.5955  -13.4647  -13.2384  -13.1575  -13.1145  -12.9803  -12.9662
 -12.8276  -12.6685  -12.5702  -12.3796  -11.9024  -11.8888  -11.8413  -11.7269
 -11.6116  -11.2866  -11.2159  -11.0766  -10.9480  -10.6235  -10.4819  -10.3647
  -9.7856   -8.7498   -0.6057   -0.4308   -0.1919   -0.0457    0.1383    1.0314
   1.3671    1.6930    1.8551    2.0906    2.3892    2.5335    2.8969    2.9265
   3.1434    3.2847    3.2978    3.4208    3.4742    3.5849    3.6084    3.6740
   3.6941    3.7528    3.8291    3.9688    3.9851    4.1165    4.1578    4.1824
   4.2381    4.2568    4.3500    4.3579    4.4646    4.5280    4.5648    4.6011
   4.6978    4.7375    4.7491    4.7900    4.9227    4.9703    4.9918    5.0020
   5.0421    5.1243    5.2037    5.2565    5.3004    5.3406    5.3512    5.3651
   5.5703    5.6861    5.9942    6.0457    6.3572    6.8178

 Heat of formation   =         -5.18634696 kcal/mol  (       -0.22489688 eV)

 Total SCF energy    =    -115379.40683468 kcal/mol  (    -5003.22652247 eV)
 Electronic energy   =    -877239.44015902 kcal/mol  (   -38039.95664364 eV)
 Core-core repulsion =     761860.03332434 kcal/mol  (    33036.73012117 eV)
 
    Atomic Charges for Step       1 :
  Atom    Element       Mulliken Charge
     1      C                  0.192
     2      C                 -0.063
     3      C                 -0.014
     4      C                 -0.111
     5      C                 -0.152
     6      C                 -0.154
     7      C                 -0.157
     8      C                 -0.155
     9      C                 -0.153
    10      C                 -0.811
    11      C                 -0.029
    12      C                 -0.150
    13      C                 -0.044
    14      N                 -0.298
    15      C                  0.258
    16      O                 -0.175
    17      C                 -0.217
    18      N                 -0.073
    19      N                 -0.231
    20      C                  0.080
    21      N                 -0.243
    22      N                 -0.223
    23      C                  0.023
    24      C                 -0.057
    25      H                  0.204
    26      H                  0.097
    27      H                  0.092
    28      H                  0.112
    29      H                  0.079
    30      H                  0.082
    31      H                  0.080
    32      H                  0.082
    33      H                  0.078
    34      H                  0.079
    35      H                  0.080
    36      H                  0.082
    37      H                  0.097
    38      H                  0.076
    39      H                  0.152
    40      H                  0.143
    41      H                  0.158
    42      H                  0.269
    43      H                  0.233
    44      H                  0.156
    45      S                  2.865
    46      O                 -0.938
    47      O                 -0.935
    48      H                  0.243
    49      N                 -0.953
    50      H                  0.243
 Total Mulliken Charge =      -0.000
 
                  X        Y        Z     TOTAL  
  QM DIPOLE     2.574    2.886    2.481    4.595
 
 Final Structure

  QMMM: QM Region Cartesian Coordinates (*=link atom) 
  QMMM: QM_NO.   MM_NO.  ATOM         X         Y         Z
  QMMM:     1        1      C        2.0073   29.1773    7.1468
  QMMM:     2        2      C       -1.6420   31.6108    8.0034
  QMMM:     3        3      C       -0.0580   26.2994    9.3107
  QMMM:     4        4      C       -1.0937   25.5458   10.1393
  QMMM:     5        5      C       -0.8034   24.0536   10.0693
  QMMM:     6        6      C       -1.7898   23.2711   10.9118
  QMMM:     7        7      C       -1.8024   23.7571   12.3467
  QMMM:     8        8      C       -2.0776   25.2451   12.4202
  QMMM:     9        9      C       -1.0902   26.0293   11.5815
  QMMM:    10       10      C        4.7634   25.8096    5.1799
  QMMM:    11       11      C        4.8486   24.9793    6.3017
  QMMM:    12       12      C        4.4214   25.4296    7.5473
  QMMM:    13       13      C        3.9003   26.7121    7.6973
  QMMM:    14       14      N        1.3357   28.1994    7.8788
  QMMM:    15       15      C        0.1177   28.5068    8.3734
  QMMM:    16       16      O       -0.6166   27.6137    9.1020
  QMMM:    17       17      C       -0.4758   29.7815    8.1616
  QMMM:    18       18      N       -1.6856   30.3814    8.5373
  QMMM:    19       19      N       -0.4545   31.8769    7.2803
  QMMM:    20       20      C        0.3194   30.7151    7.3641
  QMMM:    21       21      N        1.5438   30.4423    6.8369
  QMMM:    22       22      N        3.3277   28.8944    6.7119
  QMMM:    23       23      C        3.7844   27.5608    6.5752
  QMMM:    24       24      C        4.2211   27.0883    5.3207
  QMMM:    25       25      H       -2.4290   32.3691    8.0940
  QMMM:    26       26      H        0.1000   25.8055    8.3173
  QMMM:    27       27      H        0.9165   26.3904    9.8549
  QMMM:    28       28      H       -2.1122   25.7421    9.6997
  QMMM:    29       29      H        0.2397   23.8592   10.4326
  QMMM:    30       30      H       -0.8622   23.7075    9.0045
  QMMM:    31       31      H       -1.5198   22.1833   10.8854
  QMMM:    32       32      H       -2.8175   23.3743   10.4740
  QMMM:    33       33      H       -0.8116   23.5365   12.8243
  QMMM:    34       34      H       -2.5858   23.2006   12.9239
  QMMM:    35       35      H       -2.0156   25.5869   13.4860
  QMMM:    36       36      H       -3.1199   25.4511   12.0604
  QMMM:    37       37      H       -1.3511   27.1197   11.6013
  QMMM:    38       38      H       -0.0605   25.9176   12.0120
  QMMM:    39       39      H        5.2414   23.9537    6.1894
  QMMM:    40       40      H        4.4954   24.7688    8.4246
  QMMM:    41       41      H        3.5773   27.0550    8.6938
  QMMM:    42       42      H       -0.2135   32.7059    6.8062
  QMMM:    43       43      H        3.6514   29.5054    5.9856
  QMMM:    44       44      H        4.1270   27.7240    4.4205
  QMMM:    45       45      S        5.2713   25.2571    3.6618
  QMMM:    46       46      O        4.6280   26.0300    2.6715
  QMMM:    47       47      O        5.1027   23.8573    3.6181
  QMMM:    48       48      H        7.2117   26.4491    3.3275
  QMMM:    49       49      N        6.8369   25.5959    3.6571
  QMMM:    50       50      H        7.5342   24.9641    3.9604

           --------- Calculation Completed ----------

